c:\users\theha\source\repos\webbrowser2\webbrowser2\debug\vc141.pdb
c:\users\theha\source\repos\webbrowser2\webbrowser2\debug\vc141.idb
c:\users\theha\source\repos\webbrowser2\webbrowser2\debug\webbrowserwindow.obj
c:\users\theha\source\repos\webbrowser2\webbrowser2\debug\webbrowser2.obj
c:\users\theha\source\repos\webbrowser2\webbrowser2\debug\webbrowser2.pch
c:\users\theha\source\repos\webbrowser2\webbrowser2\debug\stdafx.obj
c:\users\theha\source\repos\webbrowser2\webbrowser2\debug\webbrowserview.obj
c:\users\theha\source\repos\webbrowser2\webbrowser2\debug\winmain.obj
c:\users\theha\source\repos\webbrowser2\webbrowser2\debug\mywindow.obj
c:\users\theha\source\repos\webbrowser2\webbrowser2\debug\webbrowser.obj
c:\users\theha\source\repos\webbrowser2\debug\webbrowser2.exe
c:\users\theha\source\repos\webbrowser2\debug\webbrowser2.ilk
c:\users\theha\source\repos\webbrowser2\debug\webbrowser2.pdb
c:\users\theha\source\repos\webbrowser2\webbrowser2\debug\webbrowser2.res
c:\users\theha\source\repos\webbrowser2\webbrowser2\debug\webbrowser2.tlog\cl.command.1.tlog
c:\users\theha\source\repos\webbrowser2\webbrowser2\debug\webbrowser2.tlog\cl.read.1.tlog
c:\users\theha\source\repos\webbrowser2\webbrowser2\debug\webbrowser2.tlog\cl.write.1.tlog
c:\users\theha\source\repos\webbrowser2\webbrowser2\debug\webbrowser2.tlog\link.command.1.tlog
c:\users\theha\source\repos\webbrowser2\webbrowser2\debug\webbrowser2.tlog\link.read.1.tlog
c:\users\theha\source\repos\webbrowser2\webbrowser2\debug\webbrowser2.tlog\link.write.1.tlog
c:\users\theha\source\repos\webbrowser2\webbrowser2\debug\webbrowser2.tlog\rc.command.1.tlog
c:\users\theha\source\repos\webbrowser2\webbrowser2\debug\webbrowser2.tlog\rc.read.1.tlog
c:\users\theha\source\repos\webbrowser2\webbrowser2\debug\webbrowser2.tlog\rc.write.1.tlog
