d:\programming\c++\courses\trace utility\ui\trace utility ui v1.0.1\trace utility ui v1.1\mfcapplication1\release\traceutilityui.pch
d:\programming\c++\courses\trace utility\ui\trace utility ui v1.0.1\trace utility ui v1.1\mfcapplication1\release\vc141.pdb
d:\programming\c++\courses\trace utility\ui\trace utility ui v1.0.1\trace utility ui v1.1\mfcapplication1\release\stdafx.obj
d:\programming\c++\courses\trace utility\ui\trace utility ui v1.0.1\trace utility ui v1.1\mfcapplication1\release\traceutilityuidlg.obj
d:\programming\c++\courses\trace utility\ui\trace utility ui v1.0.1\trace utility ui v1.1\mfcapplication1\release\traceutilityui.obj
d:\programming\c++\courses\trace utility\ui\trace utility ui v1.0.1\trace utility ui v1.1\mfcapplication1\release\file.obj
d:\programming\c++\courses\trace utility\ui\trace utility ui v1.0.1\trace utility ui v1.1\mfcapplication1\release\base64.obj
d:\programming\c++\courses\trace utility\ui\trace utility ui v1.0.1\trace utility ui v1.1\release\traceutilityui.exe
d:\programming\c++\courses\trace utility\ui\trace utility ui v1.0.1\trace utility ui v1.1\release\traceutilityui.pdb
d:\programming\c++\courses\trace utility\ui\trace utility ui v1.0.1\trace utility ui v1.1\mfcapplication1\release\mfcapplication1.res
d:\programming\c++\courses\trace utility\ui\trace utility ui v1.0.1\trace utility ui v1.1\release\traceutilityui.ipdb
d:\programming\c++\courses\trace utility\ui\trace utility ui v1.0.1\trace utility ui v1.1\release\traceutilityui.iobj
d:\programming\c++\courses\trace utility\ui\trace utility ui v1.0.1\trace utility ui v1.1\mfcapplication1\release\traceutilityui.tlog\cl.command.1.tlog
d:\programming\c++\courses\trace utility\ui\trace utility ui v1.0.1\trace utility ui v1.1\mfcapplication1\release\traceutilityui.tlog\cl.read.1.tlog
d:\programming\c++\courses\trace utility\ui\trace utility ui v1.0.1\trace utility ui v1.1\mfcapplication1\release\traceutilityui.tlog\cl.write.1.tlog
d:\programming\c++\courses\trace utility\ui\trace utility ui v1.0.1\trace utility ui v1.1\mfcapplication1\release\traceutilityui.tlog\link.command.1.tlog
d:\programming\c++\courses\trace utility\ui\trace utility ui v1.0.1\trace utility ui v1.1\mfcapplication1\release\traceutilityui.tlog\link.read.1.tlog
d:\programming\c++\courses\trace utility\ui\trace utility ui v1.0.1\trace utility ui v1.1\mfcapplication1\release\traceutilityui.tlog\link.write.1.tlog
d:\programming\c++\courses\trace utility\ui\trace utility ui v1.0.1\trace utility ui v1.1\mfcapplication1\release\traceutilityui.tlog\rc.command.1.tlog
d:\programming\c++\courses\trace utility\ui\trace utility ui v1.0.1\trace utility ui v1.1\mfcapplication1\release\traceutilityui.tlog\rc.read.1.tlog
d:\programming\c++\courses\trace utility\ui\trace utility ui v1.0.1\trace utility ui v1.1\mfcapplication1\release\traceutilityui.tlog\rc.write.1.tlog
d:\programming\c++\courses\trace utility\ui\trace utility ui v1.0.1\trace utility ui v1.1\mfcapplication1\release\traceutilityui.tlog\traceutilityui.write.1u.tlog
