W0luZm9dCQ==
RnJpIEp1bCAyNyAxNzowNjoyNyAyMDE4Cg==
CQ==
ZDpccHJvZ3JhbW1pbmdcYysrXGNvdXJzZXNcc2VjdXJlIGJyb3dzZXJcc2VjdXJlIGJyb3dzZXIgdjAuOS41ICgyLjIpXHNlY3VyZWJyb3dzZXJcd2ViYnJvd3Nlcm1haW5cdmVyaWZ5bGluay5jcHA6NTE=
CQ==
U3VjY2Vzc2Z1bCBpbnB1dCBsaW5rIHZlcmlmaWNhdGlvbg==
CQ==
W0luZm9dCQ==
RnJpIEp1bCAyNyAxNzowNjoyNyAyMDE4Cg==
CQ==
ZDpccHJvZ3JhbW1pbmdcYysrXGNvdXJzZXNcc2VjdXJlIGJyb3dzZXJcc2VjdXJlIGJyb3dzZXIgdjAuOS41ICgyLjIpXHNlY3VyZWJyb3dzZXJcd2ViYnJvd3Nlcm1haW5caGFuZGxlc2Vzc2lvbi5jcHA6Mzk=
CQ==
U3VjY2Vzc2Z1bCB1c2VyIHNlc3Npb24gdmVyaWZpY2F0aW9u
CQ==
W0luZm9dCQ==
RnJpIEp1bCAyNyAxNzowNjoyOSAyMDE4Cg==
CQ==
ZDpccHJvZ3JhbW1pbmdcYysrXGNvdXJzZXNcc2VjdXJlIGJyb3dzZXJcc2VjdXJlIGJyb3dzZXIgdjAuOS41ICgyLjIpXHNlY3VyZWJyb3dzZXJcd2ViYnJvd3Nlcm1haW5cYXV0aGVudGljYXRpb253aW5kb3cuY3BwOjI3
CQ==
RGVmYXVsdCBjYW1lcmEgaGFzIG9wZW5lZCBzdWNjY2VzZnVsbHk=
CQ==
W0luZm9dCQ==
RnJpIEp1bCAyNyAxNzowNjoyOSAyMDE4Cg==
CQ==
ZDpccHJvZ3JhbW1pbmdcYysrXGNvdXJzZXNcc2VjdXJlIGJyb3dzZXJcc2VjdXJlIGJyb3dzZXIgdjAuOS41ICgyLjIpXHNlY3VyZWJyb3dzZXJcd2ViYnJvd3Nlcm1haW5caGFuZGxlbW9uaXRvcnMuY3BwOjQ4
CQ==
U3VjY2Vzc2Z1bCB1c2VyIHZlcmlmaWNhdGlvbiBvbiBjb25uZWN0ZWQgbW9uaXRvcnM=
CQ==
W0luZm9dCQ==
RnJpIEp1bCAyNyAxNzowNjoyOSAyMDE4Cg==
CQ==
ZDpccHJvZ3JhbW1pbmdcYysrXGNvdXJzZXNcc2VjdXJlIGJyb3dzZXJcc2VjdXJlIGJyb3dzZXIgdjAuOS41ICgyLjIpXHNlY3VyZWJyb3dzZXJcd2ViYnJvd3Nlcm1haW5cd2lubWFpbi5jcHA6NDU=
CQ==
QWxsIHN0YWdlcyBvZiB0aGUgdmVyaWZ5aW5nIGFyZSBzdWNjZXNzZnVsbHkgcGFzc2VkLCBjcmVhdGluZyBhIGJyb3dzZXIgd2luZG93
CQ==
W0luZm9dCQ==
RnJpIEp1bCAyNyAxNzowNjo0NyAyMDE4Cg==
CQ==
ZDpccHJvZ3JhbW1pbmdcYysrXGNvdXJzZXNcc2VjdXJlIGJyb3dzZXJcc2VjdXJlIGJyb3dzZXIgdjAuOS41ICgyLjIpXHNlY3VyZWJyb3dzZXJcd2ViYnJvd3Nlcm1haW5cYXV0aGVudGljYXRpb253aW5kb3cuY3BwOjMxMA==
CQ==
U3R1ZGVudCBoYXMgc3VibWl0ZWQgaGlzIElEIHBob3Rv
CQ==
W0luZm9dCQ==
RnJpIEp1bCAyNyAxNzowNjo0NyAyMDE4Cg==
CQ==
ZDpccHJvZ3JhbW1pbmdcYysrXGNvdXJzZXNcc2VjdXJlIGJyb3dzZXJcc2VjdXJlIGJyb3dzZXIgdjAuOS41ICgyLjIpXHNlY3VyZWJyb3dzZXJccmVzdGNsaWVudFxodHRwY2xpZW50LmNwcDo1NQ==
CQ==
RmlsZSBpcyBhdHRhY2hlZA==
CQ==
W0Vycm9yXQk=
RnJpIEp1bCAyNyAxNzowNzowOCAyMDE4Cg==
CQ==
ZDpccHJvZ3JhbW1pbmdcYysrXGNvdXJzZXNcc2VjdXJlIGJyb3dzZXJcc2VjdXJlIGJyb3dzZXIgdjAuOS41ICgyLjIpXHNlY3VyZWJyb3dzZXJccmVzdGNsaWVudFxyZXN0Y2xpZW50LmNwcDozNA==
CQ==
V2luSHR0cFNlbmRSZXF1ZXN0OiAxMjAyOSAoTm8gaW50ZXJuZXQgY29ubmVjdGlvbik=
CQ==
W0luZm9dCQ==
RnJpIEp1bCAyNyAxNzowNzowOCAyMDE4Cg==
CQ==
ZDpccHJvZ3JhbW1pbmdcYysrXGNvdXJzZXNcc2VjdXJlIGJyb3dzZXJcc2VjdXJlIGJyb3dzZXIgdjAuOS41ICgyLjIpXHNlY3VyZWJyb3dzZXJcd2ViYnJvd3Nlcm1haW5cYXV0aGVudGljYXRpb253aW5kb3cuY3BwOjMxNA==
CQ==
VXNlciBzdGFydCB0ZXN0IHBhc3Npbmc=
CQ==
W0Vycm9yXQk=
RnJpIEp1bCAyNyAxNzowNzowOSAyMDE4Cg==
CQ==
ZDpccHJvZ3JhbW1pbmdcYysrXGNvdXJzZXNcc2VjdXJlIGJyb3dzZXJcc2VjdXJlIGJyb3dzZXIgdjAuOS41ICgyLjIpXHNlY3VyZWJyb3dzZXJcd2ViY2FtZXJhXGZyYW1lLmg6NTA=
CQ==
RnJhbWUgbm90IHZhbGlk
CQ==
W0Vycm9yXQk=
RnJpIEp1bCAyNyAxNzowNzowOSAyMDE4Cg==
CQ==
ZDpccHJvZ3JhbW1pbmdcYysrXGNvdXJzZXNcc2VjdXJlIGJyb3dzZXJcc2VjdXJlIGJyb3dzZXIgdjAuOS41ICgyLjIpXHNlY3VyZWJyb3dzZXJcd2ViY2FtZXJhXGZyYW1lLmg6NTA=
CQ==
RnJhbWUgbm90IHZhbGlk
CQ==
W0Vycm9yXQk=
RnJpIEp1bCAyNyAxNzowNzoxMSAyMDE4Cg==
CQ==
ZDpccHJvZ3JhbW1pbmdcYysrXGNvdXJzZXNcc2VjdXJlIGJyb3dzZXJcc2VjdXJlIGJyb3dzZXIgdjAuOS41ICgyLjIpXHNlY3VyZWJyb3dzZXJcd2ViY2FtZXJhXGZyYW1lLmg6NTA=
CQ==
RnJhbWUgbm90IHZhbGlk
CQ==
W0luZm9dCQ==
RnJpIEp1bCAyNyAxNzowNzoxMSAyMDE4Cg==
CQ==
ZDpccHJvZ3JhbW1pbmdcYysrXGNvdXJzZXNcc2VjdXJlIGJyb3dzZXJcc2VjdXJlIGJyb3dzZXIgdjAuOS41ICgyLjIpXHNlY3VyZWJyb3dzZXJccmVzdGNsaWVudFxodHRwY2xpZW50LmNwcDo1NQ==
CQ==
RmlsZSBpcyBhdHRhY2hlZA==
CQ==
W0Vycm9yXQk=
RnJpIEp1bCAyNyAxNzowNzoxNiAyMDE4Cg==
CQ==
ZDpccHJvZ3JhbW1pbmdcYysrXGNvdXJzZXNcc2VjdXJlIGJyb3dzZXJcc2VjdXJlIGJyb3dzZXIgdjAuOS41ICgyLjIpXHNlY3VyZWJyb3dzZXJcd2ViY2FtZXJhXGZhY2VkZXRlY3Rvci5jcHA6NTI=
CQ==
RmFjZURldGVjdG9yIHRocmVhZCB3aWxsIGJlIHN0b3BwZWQu
CQ==
W0Vycm9yXQk=
RnJpIEp1bCAyNyAxNzowNzozMiAyMDE4Cg==
CQ==
ZDpccHJvZ3JhbW1pbmdcYysrXGNvdXJzZXNcc2VjdXJlIGJyb3dzZXJcc2VjdXJlIGJyb3dzZXIgdjAuOS41ICgyLjIpXHNlY3VyZWJyb3dzZXJccmVzdGNsaWVudFxyZXN0Y2xpZW50LmNwcDozNA==
CQ==
V2luSHR0cFNlbmRSZXF1ZXN0OiAxMjAyOSAoTm8gaW50ZXJuZXQgY29ubmVjdGlvbik=
CQ==
W0Vycm9yXQk=
RnJpIEp1bCAyNyAxNzowNzozMiAyMDE4Cg==
CQ==
ZDpccHJvZ3JhbW1pbmdcYysrXGNvdXJzZXNcc2VjdXJlIGJyb3dzZXJcc2VjdXJlIGJyb3dzZXIgdjAuOS41ICgyLjIpXHNlY3VyZWJyb3dzZXJcd2ViY2FtZXJhXGZyYW1lLmg6MjE=
CQ==
RnJhbWUgbm90IHZhbGlk
CQ==
W0Vycm9yXQk=
RnJpIEp1bCAyNyAxNzowNzozMiAyMDE4Cg==
CQ==
ZDpccHJvZ3JhbW1pbmdcYysrXGNvdXJzZXNcc2VjdXJlIGJyb3dzZXJcc2VjdXJlIGJyb3dzZXIgdjAuOS41ICgyLjIpXHNlY3VyZWJyb3dzZXJcd2ViY2FtZXJhXGZyYW1lLmg6NTA=
CQ==
RnJhbWUgbm90IHZhbGlk
CQ==
W0luZm9dCQ==
RnJpIEp1bCAyNyAxNzoxNTowOCAyMDE4Cg==
CQ==
ZDpccHJvZ3JhbW1pbmdcYysrXGNvdXJzZXNcc2VjdXJlIGJyb3dzZXJcc2VjdXJlIGJyb3dzZXIgdjAuOS41ICgyLjIpXHNlY3VyZWJyb3dzZXJcd2ViYnJvd3Nlcm1haW5cdmVyaWZ5bGluay5jcHA6NTE=
CQ==
U3VjY2Vzc2Z1bCBpbnB1dCBsaW5rIHZlcmlmaWNhdGlvbg==
CQ==
W0luZm9dCQ==
RnJpIEp1bCAyNyAxNzoxNTowOCAyMDE4Cg==
CQ==
ZDpccHJvZ3JhbW1pbmdcYysrXGNvdXJzZXNcc2VjdXJlIGJyb3dzZXJcc2VjdXJlIGJyb3dzZXIgdjAuOS41ICgyLjIpXHNlY3VyZWJyb3dzZXJcd2ViYnJvd3Nlcm1haW5caGFuZGxlc2Vzc2lvbi5jcHA6Mzk=
CQ==
U3VjY2Vzc2Z1bCB1c2VyIHNlc3Npb24gdmVyaWZpY2F0aW9u
CQ==
W0luZm9dCQ==
RnJpIEp1bCAyNyAxNzoxNTowOSAyMDE4Cg==
CQ==
ZDpccHJvZ3JhbW1pbmdcYysrXGNvdXJzZXNcc2VjdXJlIGJyb3dzZXJcc2VjdXJlIGJyb3dzZXIgdjAuOS41ICgyLjIpXHNlY3VyZWJyb3dzZXJcd2ViYnJvd3Nlcm1haW5cYXV0aGVudGljYXRpb253aW5kb3cuY3BwOjI3
CQ==
RGVmYXVsdCBjYW1lcmEgaGFzIG9wZW5lZCBzdWNjY2VzZnVsbHk=
CQ==
W0luZm9dCQ==
RnJpIEp1bCAyNyAxNzoxNTowOSAyMDE4Cg==
CQ==
ZDpccHJvZ3JhbW1pbmdcYysrXGNvdXJzZXNcc2VjdXJlIGJyb3dzZXJcc2VjdXJlIGJyb3dzZXIgdjAuOS41ICgyLjIpXHNlY3VyZWJyb3dzZXJcd2ViYnJvd3Nlcm1haW5caGFuZGxlbW9uaXRvcnMuY3BwOjQ4
CQ==
U3VjY2Vzc2Z1bCB1c2VyIHZlcmlmaWNhdGlvbiBvbiBjb25uZWN0ZWQgbW9uaXRvcnM=
CQ==
W0luZm9dCQ==
RnJpIEp1bCAyNyAxNzoxNTowOSAyMDE4Cg==
CQ==
ZDpccHJvZ3JhbW1pbmdcYysrXGNvdXJzZXNcc2VjdXJlIGJyb3dzZXJcc2VjdXJlIGJyb3dzZXIgdjAuOS41ICgyLjIpXHNlY3VyZWJyb3dzZXJcd2ViYnJvd3Nlcm1haW5cd2lubWFpbi5jcHA6NDU=
CQ==
QWxsIHN0YWdlcyBvZiB0aGUgdmVyaWZ5aW5nIGFyZSBzdWNjZXNzZnVsbHkgcGFzc2VkLCBjcmVhdGluZyBhIGJyb3dzZXIgd2luZG93
CQ==
W0luZm9dCQ==
RnJpIEp1bCAyNyAxNzoxNToxOSAyMDE4Cg==
CQ==
ZDpccHJvZ3JhbW1pbmdcYysrXGNvdXJzZXNcc2VjdXJlIGJyb3dzZXJcc2VjdXJlIGJyb3dzZXIgdjAuOS41ICgyLjIpXHNlY3VyZWJyb3dzZXJcd2ViYnJvd3Nlcm1haW5cYXV0aGVudGljYXRpb253aW5kb3cuY3BwOjMxMA==
CQ==
U3R1ZGVudCBoYXMgc3VibWl0ZWQgaGlzIElEIHBob3Rv
CQ==
W0luZm9dCQ==
RnJpIEp1bCAyNyAxNzoxNToxOSAyMDE4Cg==
CQ==
ZDpccHJvZ3JhbW1pbmdcYysrXGNvdXJzZXNcc2VjdXJlIGJyb3dzZXJcc2VjdXJlIGJyb3dzZXIgdjAuOS41ICgyLjIpXHNlY3VyZWJyb3dzZXJccmVzdGNsaWVudFxodHRwY2xpZW50LmNwcDo1NQ==
CQ==
RmlsZSBpcyBhdHRhY2hlZA==
CQ==
W0Vycm9yXQk=
RnJpIEp1bCAyNyAxNzoxNTo0MCAyMDE4Cg==
CQ==
ZDpccHJvZ3JhbW1pbmdcYysrXGNvdXJzZXNcc2VjdXJlIGJyb3dzZXJcc2VjdXJlIGJyb3dzZXIgdjAuOS41ICgyLjIpXHNlY3VyZWJyb3dzZXJccmVzdGNsaWVudFxyZXN0Y2xpZW50LmNwcDozNA==
CQ==
V2luSHR0cFNlbmRSZXF1ZXN0OiAxMjAyOSAoTm8gaW50ZXJuZXQgY29ubmVjdGlvbik=
CQ==
W0luZm9dCQ==
RnJpIEp1bCAyNyAxNzoxNTo0MCAyMDE4Cg==
CQ==
ZDpccHJvZ3JhbW1pbmdcYysrXGNvdXJzZXNcc2VjdXJlIGJyb3dzZXJcc2VjdXJlIGJyb3dzZXIgdjAuOS41ICgyLjIpXHNlY3VyZWJyb3dzZXJcd2ViYnJvd3Nlcm1haW5cYXV0aGVudGljYXRpb253aW5kb3cuY3BwOjMxNA==
CQ==
VXNlciBzdGFydCB0ZXN0IHBhc3Npbmc=
CQ==
W0Vycm9yXQk=
RnJpIEp1bCAyNyAxNzoxNTo0MCAyMDE4Cg==
CQ==
ZDpccHJvZ3JhbW1pbmdcYysrXGNvdXJzZXNcc2VjdXJlIGJyb3dzZXJcc2VjdXJlIGJyb3dzZXIgdjAuOS41ICgyLjIpXHNlY3VyZWJyb3dzZXJcd2ViY2FtZXJhXGZyYW1lLmg6NTA=
CQ==
RnJhbWUgbm90IHZhbGlk
CQ==
W0Vycm9yXQk=
RnJpIEp1bCAyNyAxNzoxNTo0MCAyMDE4Cg==
CQ==
ZDpccHJvZ3JhbW1pbmdcYysrXGNvdXJzZXNcc2VjdXJlIGJyb3dzZXJcc2VjdXJlIGJyb3dzZXIgdjAuOS41ICgyLjIpXHNlY3VyZWJyb3dzZXJcd2ViY2FtZXJhXGZyYW1lLmg6NTA=
CQ==
RnJhbWUgbm90IHZhbGlk
CQ==
W0Vycm9yXQk=
RnJpIEp1bCAyNyAxNzoxNTo0MSAyMDE4Cg==
CQ==
ZDpccHJvZ3JhbW1pbmdcYysrXGNvdXJzZXNcc2VjdXJlIGJyb3dzZXJcc2VjdXJlIGJyb3dzZXIgdjAuOS41ICgyLjIpXHNlY3VyZWJyb3dzZXJcd2ViY2FtZXJhXGZyYW1lLmg6NTA=
CQ==
RnJhbWUgbm90IHZhbGlk
CQ==
W0luZm9dCQ==
RnJpIEp1bCAyNyAxNzoxNTo0MSAyMDE4Cg==
CQ==
ZDpccHJvZ3JhbW1pbmdcYysrXGNvdXJzZXNcc2VjdXJlIGJyb3dzZXJcc2VjdXJlIGJyb3dzZXIgdjAuOS41ICgyLjIpXHNlY3VyZWJyb3dzZXJccmVzdGNsaWVudFxodHRwY2xpZW50LmNwcDo1NQ==
CQ==
RmlsZSBpcyBhdHRhY2hlZA==
CQ==
W0Vycm9yXQk=
RnJpIEp1bCAyNyAxNzoxNjowMiAyMDE4Cg==
CQ==
ZDpccHJvZ3JhbW1pbmdcYysrXGNvdXJzZXNcc2VjdXJlIGJyb3dzZXJcc2VjdXJlIGJyb3dzZXIgdjAuOS41ICgyLjIpXHNlY3VyZWJyb3dzZXJccmVzdGNsaWVudFxyZXN0Y2xpZW50LmNwcDozNA==
CQ==
V2luSHR0cFNlbmRSZXF1ZXN0OiAxMjAyOSAoTm8gaW50ZXJuZXQgY29ubmVjdGlvbik=
CQ==
W0Vycm9yXQk=
RnJpIEp1bCAyNyAxNzoxNjowMiAyMDE4Cg==
CQ==
ZDpccHJvZ3JhbW1pbmdcYysrXGNvdXJzZXNcc2VjdXJlIGJyb3dzZXJcc2VjdXJlIGJyb3dzZXIgdjAuOS41ICgyLjIpXHNlY3VyZWJyb3dzZXJcd2ViY2FtZXJhXGZyYW1lLmg6NTA=
CQ==
RnJhbWUgbm90IHZhbGlk
CQ==
W0Vycm9yXQk=
RnJpIEp1bCAyNyAxNzoxNjowMiAyMDE4Cg==
CQ==
ZDpccHJvZ3JhbW1pbmdcYysrXGNvdXJzZXNcc2VjdXJlIGJyb3dzZXJcc2VjdXJlIGJyb3dzZXIgdjAuOS41ICgyLjIpXHNlY3VyZWJyb3dzZXJcd2ViY2FtZXJhXGZyYW1lLmg6NTA=
CQ==
RnJhbWUgbm90IHZhbGlk
CQ==
W0Vycm9yXQk=
RnJpIEp1bCAyNyAxNzoxNjowMiAyMDE4Cg==
CQ==
ZDpccHJvZ3JhbW1pbmdcYysrXGNvdXJzZXNcc2VjdXJlIGJyb3dzZXJcc2VjdXJlIGJyb3dzZXIgdjAuOS41ICgyLjIpXHNlY3VyZWJyb3dzZXJcd2ViY2FtZXJhXGZyYW1lLmg6NTA=
CQ==
RnJhbWUgbm90IHZhbGlk
CQ==
W0Vycm9yXQk=
RnJpIEp1bCAyNyAxNzoxNjowNyAyMDE4Cg==
CQ==
ZDpccHJvZ3JhbW1pbmdcYysrXGNvdXJzZXNcc2VjdXJlIGJyb3dzZXJcc2VjdXJlIGJyb3dzZXIgdjAuOS41ICgyLjIpXHNlY3VyZWJyb3dzZXJcd2ViY2FtZXJhXGZyYW1lLmg6NTA=
CQ==
RnJhbWUgbm90IHZhbGlk
CQ==
W0Vycm9yXQk=
RnJpIEp1bCAyNyAxNzoxNjowNyAyMDE4Cg==
CQ==
ZDpccHJvZ3JhbW1pbmdcYysrXGNvdXJzZXNcc2VjdXJlIGJyb3dzZXJcc2VjdXJlIGJyb3dzZXIgdjAuOS41ICgyLjIpXHNlY3VyZWJyb3dzZXJcd2ViY2FtZXJhXGZyYW1lLmg6NTA=
CQ==
RnJhbWUgbm90IHZhbGlk
CQ==
W0Vycm9yXQk=
RnJpIEp1bCAyNyAxNzoxNjowNyAyMDE4Cg==
CQ==
ZDpccHJvZ3JhbW1pbmdcYysrXGNvdXJzZXNcc2VjdXJlIGJyb3dzZXJcc2VjdXJlIGJyb3dzZXIgdjAuOS41ICgyLjIpXHNlY3VyZWJyb3dzZXJcd2ViY2FtZXJhXGZyYW1lLmg6NTA=
CQ==
RnJhbWUgbm90IHZhbGlk
CQ==
W0Vycm9yXQk=
RnJpIEp1bCAyNyAxNzoxNjoxMiAyMDE4Cg==
CQ==
ZDpccHJvZ3JhbW1pbmdcYysrXGNvdXJzZXNcc2VjdXJlIGJyb3dzZXJcc2VjdXJlIGJyb3dzZXIgdjAuOS41ICgyLjIpXHNlY3VyZWJyb3dzZXJcd2ViY2FtZXJhXGZyYW1lLmg6NTA=
CQ==
RnJhbWUgbm90IHZhbGlk
CQ==
W0Vycm9yXQk=
RnJpIEp1bCAyNyAxNzoxNjoxMiAyMDE4Cg==
CQ==
ZDpccHJvZ3JhbW1pbmdcYysrXGNvdXJzZXNcc2VjdXJlIGJyb3dzZXJcc2VjdXJlIGJyb3dzZXIgdjAuOS41ICgyLjIpXHNlY3VyZWJyb3dzZXJcd2ViY2FtZXJhXGZyYW1lLmg6NTA=
CQ==
RnJhbWUgbm90IHZhbGlk
CQ==
W0Vycm9yXQk=
RnJpIEp1bCAyNyAxNzoxNjoxMiAyMDE4Cg==
CQ==
ZDpccHJvZ3JhbW1pbmdcYysrXGNvdXJzZXNcc2VjdXJlIGJyb3dzZXJcc2VjdXJlIGJyb3dzZXIgdjAuOS41ICgyLjIpXHNlY3VyZWJyb3dzZXJcd2ViY2FtZXJhXGZyYW1lLmg6NTA=
CQ==
RnJhbWUgbm90IHZhbGlk
CQ==
W0Vycm9yXQk=
RnJpIEp1bCAyNyAxNzoxNjoxNyAyMDE4Cg==
CQ==
ZDpccHJvZ3JhbW1pbmdcYysrXGNvdXJzZXNcc2VjdXJlIGJyb3dzZXJcc2VjdXJlIGJyb3dzZXIgdjAuOS41ICgyLjIpXHNlY3VyZWJyb3dzZXJcd2ViY2FtZXJhXGZyYW1lLmg6NTA=
CQ==
RnJhbWUgbm90IHZhbGlk
CQ==
W0Vycm9yXQk=
RnJpIEp1bCAyNyAxNzoxNjoxNyAyMDE4Cg==
CQ==
ZDpccHJvZ3JhbW1pbmdcYysrXGNvdXJzZXNcc2VjdXJlIGJyb3dzZXJcc2VjdXJlIGJyb3dzZXIgdjAuOS41ICgyLjIpXHNlY3VyZWJyb3dzZXJcd2ViY2FtZXJhXGZyYW1lLmg6NTA=
CQ==
RnJhbWUgbm90IHZhbGlk
CQ==
W0Vycm9yXQk=
RnJpIEp1bCAyNyAxNzoxNjoxNyAyMDE4Cg==
CQ==
ZDpccHJvZ3JhbW1pbmdcYysrXGNvdXJzZXNcc2VjdXJlIGJyb3dzZXJcc2VjdXJlIGJyb3dzZXIgdjAuOS41ICgyLjIpXHNlY3VyZWJyb3dzZXJcd2ViY2FtZXJhXGZyYW1lLmg6NTA=
CQ==
RnJhbWUgbm90IHZhbGlk
CQ==
W0Vycm9yXQk=
RnJpIEp1bCAyNyAxNzoxNjoyMiAyMDE4Cg==
CQ==
ZDpccHJvZ3JhbW1pbmdcYysrXGNvdXJzZXNcc2VjdXJlIGJyb3dzZXJcc2VjdXJlIGJyb3dzZXIgdjAuOS41ICgyLjIpXHNlY3VyZWJyb3dzZXJcd2ViY2FtZXJhXGZyYW1lLmg6NTA=
CQ==
RnJhbWUgbm90IHZhbGlk
CQ==
W0Vycm9yXQk=
RnJpIEp1bCAyNyAxNzoxNjoyMiAyMDE4Cg==
CQ==
ZDpccHJvZ3JhbW1pbmdcYysrXGNvdXJzZXNcc2VjdXJlIGJyb3dzZXJcc2VjdXJlIGJyb3dzZXIgdjAuOS41ICgyLjIpXHNlY3VyZWJyb3dzZXJcd2ViY2FtZXJhXGZyYW1lLmg6NTA=
CQ==
RnJhbWUgbm90IHZhbGlk
CQ==
W0Vycm9yXQk=
RnJpIEp1bCAyNyAxNzoxNjoyMiAyMDE4Cg==
CQ==
ZDpccHJvZ3JhbW1pbmdcYysrXGNvdXJzZXNcc2VjdXJlIGJyb3dzZXJcc2VjdXJlIGJyb3dzZXIgdjAuOS41ICgyLjIpXHNlY3VyZWJyb3dzZXJcd2ViY2FtZXJhXGZyYW1lLmg6NTA=
CQ==
RnJhbWUgbm90IHZhbGlk
CQ==
W0Vycm9yXQk=
RnJpIEp1bCAyNyAxNzoxNjoyNyAyMDE4Cg==
CQ==
ZDpccHJvZ3JhbW1pbmdcYysrXGNvdXJzZXNcc2VjdXJlIGJyb3dzZXJcc2VjdXJlIGJyb3dzZXIgdjAuOS41ICgyLjIpXHNlY3VyZWJyb3dzZXJcd2ViY2FtZXJhXGZyYW1lLmg6NTA=
CQ==
RnJhbWUgbm90IHZhbGlk
CQ==
W0Vycm9yXQk=
RnJpIEp1bCAyNyAxNzoxNjoyNyAyMDE4Cg==
CQ==
ZDpccHJvZ3JhbW1pbmdcYysrXGNvdXJzZXNcc2VjdXJlIGJyb3dzZXJcc2VjdXJlIGJyb3dzZXIgdjAuOS41ICgyLjIpXHNlY3VyZWJyb3dzZXJcd2ViY2FtZXJhXGZyYW1lLmg6NTA=
CQ==
RnJhbWUgbm90IHZhbGlk
CQ==
W0Vycm9yXQk=
RnJpIEp1bCAyNyAxNzoxNjoyNyAyMDE4Cg==
CQ==
ZDpccHJvZ3JhbW1pbmdcYysrXGNvdXJzZXNcc2VjdXJlIGJyb3dzZXJcc2VjdXJlIGJyb3dzZXIgdjAuOS41ICgyLjIpXHNlY3VyZWJyb3dzZXJcd2ViY2FtZXJhXGZyYW1lLmg6NTA=
CQ==
RnJhbWUgbm90IHZhbGlk
CQ==
W0Vycm9yXQk=
RnJpIEp1bCAyNyAxNzoxNjozMSAyMDE4Cg==
CQ==
ZDpccHJvZ3JhbW1pbmdcYysrXGNvdXJzZXNcc2VjdXJlIGJyb3dzZXJcc2VjdXJlIGJyb3dzZXIgdjAuOS41ICgyLjIpXHNlY3VyZWJyb3dzZXJcd2ViY2FtZXJhXGZhY2VkZXRlY3Rvci5jcHA6NTI=
CQ==
RmFjZURldGVjdG9yIHRocmVhZCB3aWxsIGJlIHN0b3BwZWQu
CQ==
W0Vycm9yXQk=
RnJpIEp1bCAyNyAxNzoxNjo1MiAyMDE4Cg==
CQ==
ZDpccHJvZ3JhbW1pbmdcYysrXGNvdXJzZXNcc2VjdXJlIGJyb3dzZXJcc2VjdXJlIGJyb3dzZXIgdjAuOS41ICgyLjIpXHNlY3VyZWJyb3dzZXJccmVzdGNsaWVudFxyZXN0Y2xpZW50LmNwcDo2Mg==
CQ==
V2luSHR0cFNlbmRSZXF1ZXN0OiAxMjAyOSAoTm8gaW50ZXJuZXQgY29ubmVjdGlvbik=
CQ==
W0luZm9dCQ==
RnJpIEp1bCAyNyAxNzo0ODowOSAyMDE4Cg==
CQ==
ZDpccHJvZ3JhbW1pbmdcYysrXGNvdXJzZXNcc2VjdXJlIGJyb3dzZXJcc2VjdXJlIGJyb3dzZXIgdjAuOS41ICgyLjIpXHNlY3VyZWJyb3dzZXJcd2ViYnJvd3Nlcm1haW5cdmVyaWZ5bGluay5jcHA6NTE=
CQ==
U3VjY2Vzc2Z1bCBpbnB1dCBsaW5rIHZlcmlmaWNhdGlvbg==
CQ==
W0luZm9dCQ==
RnJpIEp1bCAyNyAxNzo0ODowOSAyMDE4Cg==
CQ==
ZDpccHJvZ3JhbW1pbmdcYysrXGNvdXJzZXNcc2VjdXJlIGJyb3dzZXJcc2VjdXJlIGJyb3dzZXIgdjAuOS41ICgyLjIpXHNlY3VyZWJyb3dzZXJcd2ViYnJvd3Nlcm1haW5caGFuZGxlc2Vzc2lvbi5jcHA6Mzk=
CQ==
U3VjY2Vzc2Z1bCB1c2VyIHNlc3Npb24gdmVyaWZpY2F0aW9u
CQ==
W0luZm9dCQ==
RnJpIEp1bCAyNyAxNzo0ODo1NCAyMDE4Cg==
CQ==
ZDpccHJvZ3JhbW1pbmdcYysrXGNvdXJzZXNcc2VjdXJlIGJyb3dzZXJcc2VjdXJlIGJyb3dzZXIgdjAuOS41ICgyLjIpXHNlY3VyZWJyb3dzZXJcd2ViYnJvd3Nlcm1haW5cdmVyaWZ5bGluay5jcHA6NTE=
CQ==
U3VjY2Vzc2Z1bCBpbnB1dCBsaW5rIHZlcmlmaWNhdGlvbg==
CQ==
W0luZm9dCQ==
RnJpIEp1bCAyNyAxNzo0ODo1NCAyMDE4Cg==
CQ==
ZDpccHJvZ3JhbW1pbmdcYysrXGNvdXJzZXNcc2VjdXJlIGJyb3dzZXJcc2VjdXJlIGJyb3dzZXIgdjAuOS41ICgyLjIpXHNlY3VyZWJyb3dzZXJcd2ViYnJvd3Nlcm1haW5caGFuZGxlc2Vzc2lvbi5jcHA6Mzk=
CQ==
U3VjY2Vzc2Z1bCB1c2VyIHNlc3Npb24gdmVyaWZpY2F0aW9u
CQ==
W0luZm9dCQ==
RnJpIEp1bCAyNyAxNzo0ODo1NSAyMDE4Cg==
CQ==
ZDpccHJvZ3JhbW1pbmdcYysrXGNvdXJzZXNcc2VjdXJlIGJyb3dzZXJcc2VjdXJlIGJyb3dzZXIgdjAuOS41ICgyLjIpXHNlY3VyZWJyb3dzZXJcd2ViYnJvd3Nlcm1haW5cYXV0aGVudGljYXRpb253aW5kb3cuY3BwOjI3
CQ==
RGVmYXVsdCBjYW1lcmEgaGFzIG9wZW5lZCBzdWNjY2VzZnVsbHk=
CQ==
W0luZm9dCQ==
RnJpIEp1bCAyNyAxNzo0ODo1NSAyMDE4Cg==
CQ==
ZDpccHJvZ3JhbW1pbmdcYysrXGNvdXJzZXNcc2VjdXJlIGJyb3dzZXJcc2VjdXJlIGJyb3dzZXIgdjAuOS41ICgyLjIpXHNlY3VyZWJyb3dzZXJcd2ViYnJvd3Nlcm1haW5caGFuZGxlbW9uaXRvcnMuY3BwOjQ4
CQ==
U3VjY2Vzc2Z1bCB1c2VyIHZlcmlmaWNhdGlvbiBvbiBjb25uZWN0ZWQgbW9uaXRvcnM=
CQ==
W0luZm9dCQ==
RnJpIEp1bCAyNyAxNzo0ODo1NSAyMDE4Cg==
CQ==
ZDpccHJvZ3JhbW1pbmdcYysrXGNvdXJzZXNcc2VjdXJlIGJyb3dzZXJcc2VjdXJlIGJyb3dzZXIgdjAuOS41ICgyLjIpXHNlY3VyZWJyb3dzZXJcd2ViYnJvd3Nlcm1haW5cd2lubWFpbi5jcHA6NDU=
CQ==
QWxsIHN0YWdlcyBvZiB0aGUgdmVyaWZ5aW5nIGFyZSBzdWNjZXNzZnVsbHkgcGFzc2VkLCBjcmVhdGluZyBhIGJyb3dzZXIgd2luZG93
CQ==
W0luZm9dCQ==
RnJpIEp1bCAyNyAxNzo0OTowNiAyMDE4Cg==
CQ==
ZDpccHJvZ3JhbW1pbmdcYysrXGNvdXJzZXNcc2VjdXJlIGJyb3dzZXJcc2VjdXJlIGJyb3dzZXIgdjAuOS41ICgyLjIpXHNlY3VyZWJyb3dzZXJcd2ViYnJvd3Nlcm1haW5cYXV0aGVudGljYXRpb253aW5kb3cuY3BwOjI1Ng==
CQ==
U3R1ZGVudCBoYXMgc3VibWl0ZWQgaGlzIElEIHBob3Rv
CQ==
W0luZm9dCQ==
RnJpIEp1bCAyNyAxNzo0OTowNiAyMDE4Cg==
CQ==
ZDpccHJvZ3JhbW1pbmdcYysrXGNvdXJzZXNcc2VjdXJlIGJyb3dzZXJcc2VjdXJlIGJyb3dzZXIgdjAuOS41ICgyLjIpXHNlY3VyZWJyb3dzZXJccmVzdGNsaWVudFxodHRwY2xpZW50LmNwcDo1NQ==
CQ==
RmlsZSBpcyBhdHRhY2hlZA==
CQ==
W0Vycm9yXQk=
RnJpIEp1bCAyNyAxNzo0OToyNyAyMDE4Cg==
CQ==
ZDpccHJvZ3JhbW1pbmdcYysrXGNvdXJzZXNcc2VjdXJlIGJyb3dzZXJcc2VjdXJlIGJyb3dzZXIgdjAuOS41ICgyLjIpXHNlY3VyZWJyb3dzZXJccmVzdGNsaWVudFxyZXN0Y2xpZW50LmNwcDozNA==
CQ==
V2luSHR0cFNlbmRSZXF1ZXN0OiAxMjAyOSAoTm8gaW50ZXJuZXQgY29ubmVjdGlvbik=
CQ==
W0luZm9dCQ==
RnJpIEp1bCAyNyAxNzo0OToyNyAyMDE4Cg==
CQ==
ZDpccHJvZ3JhbW1pbmdcYysrXGNvdXJzZXNcc2VjdXJlIGJyb3dzZXJcc2VjdXJlIGJyb3dzZXIgdjAuOS41ICgyLjIpXHNlY3VyZWJyb3dzZXJcd2ViYnJvd3Nlcm1haW5cYXV0aGVudGljYXRpb253aW5kb3cuY3BwOjI2MA==
CQ==
VXNlciBzdGFydCB0ZXN0IHBhc3Npbmc=
CQ==
W0Vycm9yXQk=
RnJpIEp1bCAyNyAxNzo0OToyOCAyMDE4Cg==
CQ==
ZDpccHJvZ3JhbW1pbmdcYysrXGNvdXJzZXNcc2VjdXJlIGJyb3dzZXJcc2VjdXJlIGJyb3dzZXIgdjAuOS41ICgyLjIpXHNlY3VyZWJyb3dzZXJcd2ViY2FtZXJhXGZyYW1lLmg6NTA=
CQ==
RnJhbWUgbm90IHZhbGlk
CQ==
W0Vycm9yXQk=
RnJpIEp1bCAyNyAxNzo0OToyOCAyMDE4Cg==
CQ==
ZDpccHJvZ3JhbW1pbmdcYysrXGNvdXJzZXNcc2VjdXJlIGJyb3dzZXJcc2VjdXJlIGJyb3dzZXIgdjAuOS41ICgyLjIpXHNlY3VyZWJyb3dzZXJcd2ViY2FtZXJhXGZyYW1lLmg6NTA=
CQ==
RnJhbWUgbm90IHZhbGlk
CQ==
W0Vycm9yXQk=
RnJpIEp1bCAyNyAxNzo0OTozMSAyMDE4Cg==
CQ==
ZDpccHJvZ3JhbW1pbmdcYysrXGNvdXJzZXNcc2VjdXJlIGJyb3dzZXJcc2VjdXJlIGJyb3dzZXIgdjAuOS41ICgyLjIpXHNlY3VyZWJyb3dzZXJcd2ViY2FtZXJhXGZyYW1lLmg6NTA=
CQ==
RnJhbWUgbm90IHZhbGlk
CQ==
W0luZm9dCQ==
RnJpIEp1bCAyNyAxNzo0OTozMSAyMDE4Cg==
CQ==
ZDpccHJvZ3JhbW1pbmdcYysrXGNvdXJzZXNcc2VjdXJlIGJyb3dzZXJcc2VjdXJlIGJyb3dzZXIgdjAuOS41ICgyLjIpXHNlY3VyZWJyb3dzZXJccmVzdGNsaWVudFxodHRwY2xpZW50LmNwcDo1NQ==
CQ==
RmlsZSBpcyBhdHRhY2hlZA==
CQ==
W0Vycm9yXQk=
RnJpIEp1bCAyNyAxNzo0OTo1MiAyMDE4Cg==
CQ==
ZDpccHJvZ3JhbW1pbmdcYysrXGNvdXJzZXNcc2VjdXJlIGJyb3dzZXJcc2VjdXJlIGJyb3dzZXIgdjAuOS41ICgyLjIpXHNlY3VyZWJyb3dzZXJccmVzdGNsaWVudFxyZXN0Y2xpZW50LmNwcDozNA==
CQ==
V2luSHR0cFNlbmRSZXF1ZXN0OiAxMjAyOSAoTm8gaW50ZXJuZXQgY29ubmVjdGlvbik=
CQ==
W0Vycm9yXQk=
RnJpIEp1bCAyNyAxNzo0OTo1MiAyMDE4Cg==
CQ==
ZDpccHJvZ3JhbW1pbmdcYysrXGNvdXJzZXNcc2VjdXJlIGJyb3dzZXJcc2VjdXJlIGJyb3dzZXIgdjAuOS41ICgyLjIpXHNlY3VyZWJyb3dzZXJcd2ViY2FtZXJhXGZyYW1lLmg6NTA=
CQ==
RnJhbWUgbm90IHZhbGlk
CQ==
W0Vycm9yXQk=
RnJpIEp1bCAyNyAxNzo0OTo1MiAyMDE4Cg==
CQ==
ZDpccHJvZ3JhbW1pbmdcYysrXGNvdXJzZXNcc2VjdXJlIGJyb3dzZXJcc2VjdXJlIGJyb3dzZXIgdjAuOS41ICgyLjIpXHNlY3VyZWJyb3dzZXJcd2ViY2FtZXJhXGZyYW1lLmg6NTA=
CQ==
RnJhbWUgbm90IHZhbGlk
CQ==
W0Vycm9yXQk=
RnJpIEp1bCAyNyAxNzo0OTo1MiAyMDE4Cg==
CQ==
ZDpccHJvZ3JhbW1pbmdcYysrXGNvdXJzZXNcc2VjdXJlIGJyb3dzZXJcc2VjdXJlIGJyb3dzZXIgdjAuOS41ICgyLjIpXHNlY3VyZWJyb3dzZXJcd2ViY2FtZXJhXGZyYW1lLmg6NTA=
CQ==
RnJhbWUgbm90IHZhbGlk
CQ==
W0Vycm9yXQk=
RnJpIEp1bCAyNyAxNzo0OTo1NyAyMDE4Cg==
CQ==
ZDpccHJvZ3JhbW1pbmdcYysrXGNvdXJzZXNcc2VjdXJlIGJyb3dzZXJcc2VjdXJlIGJyb3dzZXIgdjAuOS41ICgyLjIpXHNlY3VyZWJyb3dzZXJcd2ViY2FtZXJhXGZyYW1lLmg6NTA=
CQ==
RnJhbWUgbm90IHZhbGlk
CQ==
W0Vycm9yXQk=
RnJpIEp1bCAyNyAxNzo0OTo1NyAyMDE4Cg==
CQ==
ZDpccHJvZ3JhbW1pbmdcYysrXGNvdXJzZXNcc2VjdXJlIGJyb3dzZXJcc2VjdXJlIGJyb3dzZXIgdjAuOS41ICgyLjIpXHNlY3VyZWJyb3dzZXJcd2ViY2FtZXJhXGZyYW1lLmg6NTA=
CQ==
RnJhbWUgbm90IHZhbGlk
CQ==
W0Vycm9yXQk=
RnJpIEp1bCAyNyAxNzo0OTo1NyAyMDE4Cg==
CQ==
ZDpccHJvZ3JhbW1pbmdcYysrXGNvdXJzZXNcc2VjdXJlIGJyb3dzZXJcc2VjdXJlIGJyb3dzZXIgdjAuOS41ICgyLjIpXHNlY3VyZWJyb3dzZXJcd2ViY2FtZXJhXGZyYW1lLmg6NTA=
CQ==
RnJhbWUgbm90IHZhbGlk
CQ==
W0Vycm9yXQk=
RnJpIEp1bCAyNyAxNzo1MDowMiAyMDE4Cg==
CQ==
ZDpccHJvZ3JhbW1pbmdcYysrXGNvdXJzZXNcc2VjdXJlIGJyb3dzZXJcc2VjdXJlIGJyb3dzZXIgdjAuOS41ICgyLjIpXHNlY3VyZWJyb3dzZXJcd2ViY2FtZXJhXGZyYW1lLmg6NTA=
CQ==
RnJhbWUgbm90IHZhbGlk
CQ==
W0Vycm9yXQk=
RnJpIEp1bCAyNyAxNzo1MDowMiAyMDE4Cg==
CQ==
ZDpccHJvZ3JhbW1pbmdcYysrXGNvdXJzZXNcc2VjdXJlIGJyb3dzZXJcc2VjdXJlIGJyb3dzZXIgdjAuOS41ICgyLjIpXHNlY3VyZWJyb3dzZXJcd2ViY2FtZXJhXGZyYW1lLmg6NTA=
CQ==
RnJhbWUgbm90IHZhbGlk
CQ==
W0Vycm9yXQk=
RnJpIEp1bCAyNyAxNzo1MDowMiAyMDE4Cg==
CQ==
ZDpccHJvZ3JhbW1pbmdcYysrXGNvdXJzZXNcc2VjdXJlIGJyb3dzZXJcc2VjdXJlIGJyb3dzZXIgdjAuOS41ICgyLjIpXHNlY3VyZWJyb3dzZXJcd2ViY2FtZXJhXGZyYW1lLmg6NTA=
CQ==
RnJhbWUgbm90IHZhbGlk
CQ==
W0Vycm9yXQk=
RnJpIEp1bCAyNyAxNzo1MDowNyAyMDE4Cg==
CQ==
ZDpccHJvZ3JhbW1pbmdcYysrXGNvdXJzZXNcc2VjdXJlIGJyb3dzZXJcc2VjdXJlIGJyb3dzZXIgdjAuOS41ICgyLjIpXHNlY3VyZWJyb3dzZXJcd2ViY2FtZXJhXGZyYW1lLmg6NTA=
CQ==
RnJhbWUgbm90IHZhbGlk
CQ==
W0Vycm9yXQk=
RnJpIEp1bCAyNyAxNzo1MDowNyAyMDE4Cg==
CQ==
ZDpccHJvZ3JhbW1pbmdcYysrXGNvdXJzZXNcc2VjdXJlIGJyb3dzZXJcc2VjdXJlIGJyb3dzZXIgdjAuOS41ICgyLjIpXHNlY3VyZWJyb3dzZXJcd2ViY2FtZXJhXGZyYW1lLmg6NTA=
CQ==
RnJhbWUgbm90IHZhbGlk
CQ==
W0Vycm9yXQk=
RnJpIEp1bCAyNyAxNzo1MDowNyAyMDE4Cg==
CQ==
ZDpccHJvZ3JhbW1pbmdcYysrXGNvdXJzZXNcc2VjdXJlIGJyb3dzZXJcc2VjdXJlIGJyb3dzZXIgdjAuOS41ICgyLjIpXHNlY3VyZWJyb3dzZXJcd2ViY2FtZXJhXGZyYW1lLmg6NTA=
CQ==
RnJhbWUgbm90IHZhbGlk
CQ==
W0Vycm9yXQk=
RnJpIEp1bCAyNyAxNzo1MDowOSAyMDE4Cg==
CQ==
ZDpccHJvZ3JhbW1pbmdcYysrXGNvdXJzZXNcc2VjdXJlIGJyb3dzZXJcc2VjdXJlIGJyb3dzZXIgdjAuOS41ICgyLjIpXHNlY3VyZWJyb3dzZXJcd2ViY2FtZXJhXGZhY2VkZXRlY3Rvci5jcHA6NTI=
CQ==
RmFjZURldGVjdG9yIHRocmVhZCB3aWxsIGJlIHN0b3BwZWQu
CQ==
W0Vycm9yXQk=
RnJpIEp1bCAyNyAxNzo1MDozMCAyMDE4Cg==
CQ==
ZDpccHJvZ3JhbW1pbmdcYysrXGNvdXJzZXNcc2VjdXJlIGJyb3dzZXJcc2VjdXJlIGJyb3dzZXIgdjAuOS41ICgyLjIpXHNlY3VyZWJyb3dzZXJccmVzdGNsaWVudFxyZXN0Y2xpZW50LmNwcDo2Mg==
CQ==
V2luSHR0cFNlbmRSZXF1ZXN0OiAxMjAyOSAoTm8gaW50ZXJuZXQgY29ubmVjdGlvbik=
CQ==
W0luZm9dCQ==
RnJpIEp1bCAyNyAxNzo1MToyMiAyMDE4Cg==
CQ==
ZDpccHJvZ3JhbW1pbmdcYysrXGNvdXJzZXNcc2VjdXJlIGJyb3dzZXJcc2VjdXJlIGJyb3dzZXIgdjAuOS41ICgyLjIpXHNlY3VyZWJyb3dzZXJcd2ViYnJvd3Nlcm1haW5cdmVyaWZ5bGluay5jcHA6NTE=
CQ==
U3VjY2Vzc2Z1bCBpbnB1dCBsaW5rIHZlcmlmaWNhdGlvbg==
CQ==
W0luZm9dCQ==
RnJpIEp1bCAyNyAxNzo1MToyMiAyMDE4Cg==
CQ==
ZDpccHJvZ3JhbW1pbmdcYysrXGNvdXJzZXNcc2VjdXJlIGJyb3dzZXJcc2VjdXJlIGJyb3dzZXIgdjAuOS41ICgyLjIpXHNlY3VyZWJyb3dzZXJcd2ViYnJvd3Nlcm1haW5caGFuZGxlc2Vzc2lvbi5jcHA6Mzk=
CQ==
U3VjY2Vzc2Z1bCB1c2VyIHNlc3Npb24gdmVyaWZpY2F0aW9u
CQ==
W0luZm9dCQ==
RnJpIEp1bCAyNyAxNzo1MToyMyAyMDE4Cg==
CQ==
ZDpccHJvZ3JhbW1pbmdcYysrXGNvdXJzZXNcc2VjdXJlIGJyb3dzZXJcc2VjdXJlIGJyb3dzZXIgdjAuOS41ICgyLjIpXHNlY3VyZWJyb3dzZXJcd2ViYnJvd3Nlcm1haW5cYXV0aGVudGljYXRpb253aW5kb3cuY3BwOjI3
CQ==
RGVmYXVsdCBjYW1lcmEgaGFzIG9wZW5lZCBzdWNjY2VzZnVsbHk=
CQ==
W0luZm9dCQ==
RnJpIEp1bCAyNyAxNzo1MToyMyAyMDE4Cg==
CQ==
ZDpccHJvZ3JhbW1pbmdcYysrXGNvdXJzZXNcc2VjdXJlIGJyb3dzZXJcc2VjdXJlIGJyb3dzZXIgdjAuOS41ICgyLjIpXHNlY3VyZWJyb3dzZXJcd2ViYnJvd3Nlcm1haW5caGFuZGxlbW9uaXRvcnMuY3BwOjQ4
CQ==
U3VjY2Vzc2Z1bCB1c2VyIHZlcmlmaWNhdGlvbiBvbiBjb25uZWN0ZWQgbW9uaXRvcnM=
CQ==
W0luZm9dCQ==
RnJpIEp1bCAyNyAxNzo1MToyMyAyMDE4Cg==
CQ==
ZDpccHJvZ3JhbW1pbmdcYysrXGNvdXJzZXNcc2VjdXJlIGJyb3dzZXJcc2VjdXJlIGJyb3dzZXIgdjAuOS41ICgyLjIpXHNlY3VyZWJyb3dzZXJcd2ViYnJvd3Nlcm1haW5cd2lubWFpbi5jcHA6NDU=
CQ==
QWxsIHN0YWdlcyBvZiB0aGUgdmVyaWZ5aW5nIGFyZSBzdWNjZXNzZnVsbHkgcGFzc2VkLCBjcmVhdGluZyBhIGJyb3dzZXIgd2luZG93
CQ==
W0luZm9dCQ==
RnJpIEp1bCAyNyAxNzo1MTozOCAyMDE4Cg==
CQ==
ZDpccHJvZ3JhbW1pbmdcYysrXGNvdXJzZXNcc2VjdXJlIGJyb3dzZXJcc2VjdXJlIGJyb3dzZXIgdjAuOS41ICgyLjIpXHNlY3VyZWJyb3dzZXJcd2ViYnJvd3Nlcm1haW5cYXV0aGVudGljYXRpb253aW5kb3cuY3BwOjI1Ng==
CQ==
U3R1ZGVudCBoYXMgc3VibWl0ZWQgaGlzIElEIHBob3Rv
CQ==
W0luZm9dCQ==
RnJpIEp1bCAyNyAxNzo1MTozOCAyMDE4Cg==
CQ==
ZDpccHJvZ3JhbW1pbmdcYysrXGNvdXJzZXNcc2VjdXJlIGJyb3dzZXJcc2VjdXJlIGJyb3dzZXIgdjAuOS41ICgyLjIpXHNlY3VyZWJyb3dzZXJccmVzdGNsaWVudFxodHRwY2xpZW50LmNwcDo1NQ==
CQ==
RmlsZSBpcyBhdHRhY2hlZA==
CQ==
W0Vycm9yXQk=
RnJpIEp1bCAyNyAxNzo1MTo1OSAyMDE4Cg==
CQ==
ZDpccHJvZ3JhbW1pbmdcYysrXGNvdXJzZXNcc2VjdXJlIGJyb3dzZXJcc2VjdXJlIGJyb3dzZXIgdjAuOS41ICgyLjIpXHNlY3VyZWJyb3dzZXJccmVzdGNsaWVudFxyZXN0Y2xpZW50LmNwcDozNA==
CQ==
V2luSHR0cFNlbmRSZXF1ZXN0OiAxMjAyOSAoTm8gaW50ZXJuZXQgY29ubmVjdGlvbik=
CQ==
W0luZm9dCQ==
RnJpIEp1bCAyNyAxNzo1MTo1OSAyMDE4Cg==
CQ==
ZDpccHJvZ3JhbW1pbmdcYysrXGNvdXJzZXNcc2VjdXJlIGJyb3dzZXJcc2VjdXJlIGJyb3dzZXIgdjAuOS41ICgyLjIpXHNlY3VyZWJyb3dzZXJcd2ViYnJvd3Nlcm1haW5cYXV0aGVudGljYXRpb253aW5kb3cuY3BwOjI2MA==
CQ==
VXNlciBzdGFydCB0ZXN0IHBhc3Npbmc=
CQ==
W0Vycm9yXQk=
RnJpIEp1bCAyNyAxNzo1MTo1OSAyMDE4Cg==
CQ==
ZDpccHJvZ3JhbW1pbmdcYysrXGNvdXJzZXNcc2VjdXJlIGJyb3dzZXJcc2VjdXJlIGJyb3dzZXIgdjAuOS41ICgyLjIpXHNlY3VyZWJyb3dzZXJcd2ViY2FtZXJhXGZyYW1lLmg6NTA=
CQ==
RnJhbWUgbm90IHZhbGlk
CQ==
W0Vycm9yXQk=
RnJpIEp1bCAyNyAxNzo1MjowMCAyMDE4Cg==
CQ==
ZDpccHJvZ3JhbW1pbmdcYysrXGNvdXJzZXNcc2VjdXJlIGJyb3dzZXJcc2VjdXJlIGJyb3dzZXIgdjAuOS41ICgyLjIpXHNlY3VyZWJyb3dzZXJcd2ViY2FtZXJhXGZyYW1lLmg6NTA=
CQ==
RnJhbWUgbm90IHZhbGlk
CQ==
W0luZm9dCQ==
RnJpIEp1bCAyNyAxNzo1MjowMCAyMDE4Cg==
CQ==
ZDpccHJvZ3JhbW1pbmdcYysrXGNvdXJzZXNcc2VjdXJlIGJyb3dzZXJcc2VjdXJlIGJyb3dzZXIgdjAuOS41ICgyLjIpXHNlY3VyZWJyb3dzZXJccmVzdGNsaWVudFxodHRwY2xpZW50LmNwcDo1NQ==
CQ==
RmlsZSBpcyBhdHRhY2hlZA==
CQ==
W0Vycm9yXQk=
RnJpIEp1bCAyNyAxNzo1MjoyMSAyMDE4Cg==
CQ==
ZDpccHJvZ3JhbW1pbmdcYysrXGNvdXJzZXNcc2VjdXJlIGJyb3dzZXJcc2VjdXJlIGJyb3dzZXIgdjAuOS41ICgyLjIpXHNlY3VyZWJyb3dzZXJccmVzdGNsaWVudFxyZXN0Y2xpZW50LmNwcDozNA==
CQ==
V2luSHR0cFNlbmRSZXF1ZXN0OiAxMjAyOSAoTm8gaW50ZXJuZXQgY29ubmVjdGlvbik=
CQ==
W0luZm9dCQ==
RnJpIEp1bCAyNyAxNzo1MjoyMSAyMDE4Cg==
CQ==
ZDpccHJvZ3JhbW1pbmdcYysrXGNvdXJzZXNcc2VjdXJlIGJyb3dzZXJcc2VjdXJlIGJyb3dzZXIgdjAuOS41ICgyLjIpXHNlY3VyZWJyb3dzZXJcd2ViY2FtZXJhXGZhY2VkZXRlY3Rvci5jcHA6MjI4
CQ==
Tm8gZmFjZSBkZXRlY3RlZC4=
CQ==
W0Vycm9yXQk=
RnJpIEp1bCAyNyAxNzo1MjoyMSAyMDE4Cg==
CQ==
ZDpccHJvZ3JhbW1pbmdcYysrXGNvdXJzZXNcc2VjdXJlIGJyb3dzZXJcc2VjdXJlIGJyb3dzZXIgdjAuOS41ICgyLjIpXHNlY3VyZWJyb3dzZXJcd2ViY2FtZXJhXGZyYW1lLmg6NTA=
CQ==
RnJhbWUgbm90IHZhbGlk
CQ==
W0Vycm9yXQk=
RnJpIEp1bCAyNyAxNzo1MjoyMSAyMDE4Cg==
CQ==
ZDpccHJvZ3JhbW1pbmdcYysrXGNvdXJzZXNcc2VjdXJlIGJyb3dzZXJcc2VjdXJlIGJyb3dzZXIgdjAuOS41ICgyLjIpXHNlY3VyZWJyb3dzZXJcd2ViY2FtZXJhXGZyYW1lLmg6NTA=
CQ==
RnJhbWUgbm90IHZhbGlk
CQ==
W0luZm9dCQ==
RnJpIEp1bCAyNyAxNzo1MjoyMSAyMDE4Cg==
CQ==
ZDpccHJvZ3JhbW1pbmdcYysrXGNvdXJzZXNcc2VjdXJlIGJyb3dzZXJcc2VjdXJlIGJyb3dzZXIgdjAuOS41ICgyLjIpXHNlY3VyZWJyb3dzZXJccmVzdGNsaWVudFxodHRwY2xpZW50LmNwcDo1NQ==
CQ==
RmlsZSBpcyBhdHRhY2hlZA==
CQ==
W0Vycm9yXQk=
RnJpIEp1bCAyNyAxNzo1Mjo0MiAyMDE4Cg==
CQ==
ZDpccHJvZ3JhbW1pbmdcYysrXGNvdXJzZXNcc2VjdXJlIGJyb3dzZXJcc2VjdXJlIGJyb3dzZXIgdjAuOS41ICgyLjIpXHNlY3VyZWJyb3dzZXJccmVzdGNsaWVudFxyZXN0Y2xpZW50LmNwcDozNA==
CQ==
V2luSHR0cFNlbmRSZXF1ZXN0OiAxMjAyOSAoTm8gaW50ZXJuZXQgY29ubmVjdGlvbik=
CQ==
W0luZm9dCQ==
RnJpIEp1bCAyNyAxNzo1Mjo0MiAyMDE4Cg==
CQ==
ZDpccHJvZ3JhbW1pbmdcYysrXGNvdXJzZXNcc2VjdXJlIGJyb3dzZXJcc2VjdXJlIGJyb3dzZXIgdjAuOS41ICgyLjIpXHNlY3VyZWJyb3dzZXJcd2ViY2FtZXJhXGZhY2VkZXRlY3Rvci5jcHA6Mjg0
CQ==
Tm8gZmFjZSBkZXRlY3RlZC4=
CQ==
W0Vycm9yXQk=
RnJpIEp1bCAyNyAxNzo1Mjo0NyAyMDE4Cg==
CQ==
ZDpccHJvZ3JhbW1pbmdcYysrXGNvdXJzZXNcc2VjdXJlIGJyb3dzZXJcc2VjdXJlIGJyb3dzZXIgdjAuOS41ICgyLjIpXHNlY3VyZWJyb3dzZXJcd2ViY2FtZXJhXGZyYW1lLmg6NTA=
CQ==
RnJhbWUgbm90IHZhbGlk
CQ==
W0Vycm9yXQk=
RnJpIEp1bCAyNyAxNzo1Mjo0NyAyMDE4Cg==
CQ==
ZDpccHJvZ3JhbW1pbmdcYysrXGNvdXJzZXNcc2VjdXJlIGJyb3dzZXJcc2VjdXJlIGJyb3dzZXIgdjAuOS41ICgyLjIpXHNlY3VyZWJyb3dzZXJcd2ViY2FtZXJhXGZyYW1lLmg6NTA=
CQ==
RnJhbWUgbm90IHZhbGlk
CQ==
W0Vycm9yXQk=
RnJpIEp1bCAyNyAxNzo1Mjo0NyAyMDE4Cg==
CQ==
ZDpccHJvZ3JhbW1pbmdcYysrXGNvdXJzZXNcc2VjdXJlIGJyb3dzZXJcc2VjdXJlIGJyb3dzZXIgdjAuOS41ICgyLjIpXHNlY3VyZWJyb3dzZXJcd2ViY2FtZXJhXGZyYW1lLmg6NTA=
CQ==
RnJhbWUgbm90IHZhbGlk
CQ==
W0Vycm9yXQk=
RnJpIEp1bCAyNyAxNzo1Mjo1MiAyMDE4Cg==
CQ==
ZDpccHJvZ3JhbW1pbmdcYysrXGNvdXJzZXNcc2VjdXJlIGJyb3dzZXJcc2VjdXJlIGJyb3dzZXIgdjAuOS41ICgyLjIpXHNlY3VyZWJyb3dzZXJcd2ViY2FtZXJhXGZyYW1lLmg6NTA=
CQ==
RnJhbWUgbm90IHZhbGlk
CQ==
W0Vycm9yXQk=
RnJpIEp1bCAyNyAxNzo1Mjo1MiAyMDE4Cg==
CQ==
ZDpccHJvZ3JhbW1pbmdcYysrXGNvdXJzZXNcc2VjdXJlIGJyb3dzZXJcc2VjdXJlIGJyb3dzZXIgdjAuOS41ICgyLjIpXHNlY3VyZWJyb3dzZXJcd2ViY2FtZXJhXGZyYW1lLmg6NTA=
CQ==
RnJhbWUgbm90IHZhbGlk
CQ==
W0luZm9dCQ==
RnJpIEp1bCAyNyAxNzo1Mjo1MiAyMDE4Cg==
CQ==
ZDpccHJvZ3JhbW1pbmdcYysrXGNvdXJzZXNcc2VjdXJlIGJyb3dzZXJcc2VjdXJlIGJyb3dzZXIgdjAuOS41ICgyLjIpXHNlY3VyZWJyb3dzZXJccmVzdGNsaWVudFxodHRwY2xpZW50LmNwcDo1NQ==
CQ==
RmlsZSBpcyBhdHRhY2hlZA==
CQ==
W0Vycm9yXQk=
RnJpIEp1bCAyNyAxNzo1MzoxMyAyMDE4Cg==
CQ==
ZDpccHJvZ3JhbW1pbmdcYysrXGNvdXJzZXNcc2VjdXJlIGJyb3dzZXJcc2VjdXJlIGJyb3dzZXIgdjAuOS41ICgyLjIpXHNlY3VyZWJyb3dzZXJccmVzdGNsaWVudFxyZXN0Y2xpZW50LmNwcDozNA==
CQ==
V2luSHR0cFNlbmRSZXF1ZXN0OiAxMjAyOSAoTm8gaW50ZXJuZXQgY29ubmVjdGlvbik=
CQ==
W0luZm9dCQ==
RnJpIEp1bCAyNyAxNzo1MzoxNCAyMDE4Cg==
CQ==
ZDpccHJvZ3JhbW1pbmdcYysrXGNvdXJzZXNcc2VjdXJlIGJyb3dzZXJcc2VjdXJlIGJyb3dzZXIgdjAuOS41ICgyLjIpXHNlY3VyZWJyb3dzZXJcd2ViY2FtZXJhXGZhY2VkZXRlY3Rvci5jcHA6Mjg0
CQ==
Tm8gZmFjZSBkZXRlY3RlZC4=
CQ==
W0Vycm9yXQk=
RnJpIEp1bCAyNyAxNzo1MzoxOSAyMDE4Cg==
CQ==
ZDpccHJvZ3JhbW1pbmdcYysrXGNvdXJzZXNcc2VjdXJlIGJyb3dzZXJcc2VjdXJlIGJyb3dzZXIgdjAuOS41ICgyLjIpXHNlY3VyZWJyb3dzZXJcd2ViY2FtZXJhXGZyYW1lLmg6NTA=
CQ==
RnJhbWUgbm90IHZhbGlk
CQ==
W0Vycm9yXQk=
RnJpIEp1bCAyNyAxNzo1MzoxOSAyMDE4Cg==
CQ==
ZDpccHJvZ3JhbW1pbmdcYysrXGNvdXJzZXNcc2VjdXJlIGJyb3dzZXJcc2VjdXJlIGJyb3dzZXIgdjAuOS41ICgyLjIpXHNlY3VyZWJyb3dzZXJcd2ViY2FtZXJhXGZyYW1lLmg6NTA=
CQ==
RnJhbWUgbm90IHZhbGlk
CQ==
W0luZm9dCQ==
RnJpIEp1bCAyNyAxNzo1MzoxOSAyMDE4Cg==
CQ==
ZDpccHJvZ3JhbW1pbmdcYysrXGNvdXJzZXNcc2VjdXJlIGJyb3dzZXJcc2VjdXJlIGJyb3dzZXIgdjAuOS41ICgyLjIpXHNlY3VyZWJyb3dzZXJccmVzdGNsaWVudFxodHRwY2xpZW50LmNwcDo1NQ==
CQ==
RmlsZSBpcyBhdHRhY2hlZA==
CQ==
W0Vycm9yXQk=
RnJpIEp1bCAyNyAxNzo1MzoyMCAyMDE4Cg==
CQ==
ZDpccHJvZ3JhbW1pbmdcYysrXGNvdXJzZXNcc2VjdXJlIGJyb3dzZXJcc2VjdXJlIGJyb3dzZXIgdjAuOS41ICgyLjIpXHNlY3VyZWJyb3dzZXJcd2ViY2FtZXJhXGZhY2VkZXRlY3Rvci5jcHA6NTI=
CQ==
RmFjZURldGVjdG9yIHRocmVhZCB3aWxsIGJlIHN0b3BwZWQu
CQ==
W0Vycm9yXQk=
RnJpIEp1bCAyNyAxNzo1Mzo0MCAyMDE4Cg==
CQ==
ZDpccHJvZ3JhbW1pbmdcYysrXGNvdXJzZXNcc2VjdXJlIGJyb3dzZXJcc2VjdXJlIGJyb3dzZXIgdjAuOS41ICgyLjIpXHNlY3VyZWJyb3dzZXJccmVzdGNsaWVudFxyZXN0Y2xpZW50LmNwcDozNA==
CQ==
V2luSHR0cFNlbmRSZXF1ZXN0OiAxMjAyOSAoTm8gaW50ZXJuZXQgY29ubmVjdGlvbik=
CQ==
W0Vycm9yXQk=
RnJpIEp1bCAyNyAxNzo1Mzo0MCAyMDE4Cg==
CQ==
ZDpccHJvZ3JhbW1pbmdcYysrXGNvdXJzZXNcc2VjdXJlIGJyb3dzZXJcc2VjdXJlIGJyb3dzZXIgdjAuOS41ICgyLjIpXHNlY3VyZWJyb3dzZXJcd2ViY2FtZXJhXGZyYW1lLmg6MjE=
CQ==
RnJhbWUgbm90IHZhbGlk
CQ==
W0luZm9dCQ==
RnJpIEp1bCAyNyAxNzo1Mzo0MCAyMDE4Cg==
CQ==
ZDpccHJvZ3JhbW1pbmdcYysrXGNvdXJzZXNcc2VjdXJlIGJyb3dzZXJcc2VjdXJlIGJyb3dzZXIgdjAuOS41ICgyLjIpXHNlY3VyZWJyb3dzZXJcd2ViY2FtZXJhXGZhY2VkZXRlY3Rvci5jcHA6Mjg0
CQ==
Tm8gZmFjZSBkZXRlY3RlZC4=
CQ==
W0Vycm9yXQk=
RnJpIEp1bCAyNyAxNzo1Mzo0MiAyMDE4Cg==
CQ==
ZDpccHJvZ3JhbW1pbmdcYysrXGNvdXJzZXNcc2VjdXJlIGJyb3dzZXJcc2VjdXJlIGJyb3dzZXIgdjAuOS41ICgyLjIpXHNlY3VyZWJyb3dzZXJccmVzdGNsaWVudFxyZXN0Y2xpZW50LmNwcDo2Mg==
CQ==
V2luSHR0cFNlbmRSZXF1ZXN0OiAxMjAyOSAoTm8gaW50ZXJuZXQgY29ubmVjdGlvbik=
CQ==
W0luZm9dCQ==
RnJpIEp1bCAyNyAxNzo1NToxMCAyMDE4Cg==
CQ==
ZDpccHJvZ3JhbW1pbmdcYysrXGNvdXJzZXNcc2VjdXJlIGJyb3dzZXJcc2VjdXJlIGJyb3dzZXIgdjAuOS41ICgyLjIpXHNlY3VyZWJyb3dzZXJcd2ViYnJvd3Nlcm1haW5cdmVyaWZ5bGluay5jcHA6NTE=
CQ==
U3VjY2Vzc2Z1bCBpbnB1dCBsaW5rIHZlcmlmaWNhdGlvbg==
CQ==
W0luZm9dCQ==
RnJpIEp1bCAyNyAxNzo1NToxMCAyMDE4Cg==
CQ==
ZDpccHJvZ3JhbW1pbmdcYysrXGNvdXJzZXNcc2VjdXJlIGJyb3dzZXJcc2VjdXJlIGJyb3dzZXIgdjAuOS41ICgyLjIpXHNlY3VyZWJyb3dzZXJcd2ViYnJvd3Nlcm1haW5caGFuZGxlc2Vzc2lvbi5jcHA6Mzk=
CQ==
U3VjY2Vzc2Z1bCB1c2VyIHNlc3Npb24gdmVyaWZpY2F0aW9u
CQ==
W0luZm9dCQ==
RnJpIEp1bCAyNyAxNzo1NToxMSAyMDE4Cg==
CQ==
ZDpccHJvZ3JhbW1pbmdcYysrXGNvdXJzZXNcc2VjdXJlIGJyb3dzZXJcc2VjdXJlIGJyb3dzZXIgdjAuOS41ICgyLjIpXHNlY3VyZWJyb3dzZXJcd2ViYnJvd3Nlcm1haW5cYXV0aGVudGljYXRpb253aW5kb3cuY3BwOjI3
CQ==
RGVmYXVsdCBjYW1lcmEgaGFzIG9wZW5lZCBzdWNjY2VzZnVsbHk=
CQ==
W0luZm9dCQ==
RnJpIEp1bCAyNyAxNzo1NToxMSAyMDE4Cg==
CQ==
ZDpccHJvZ3JhbW1pbmdcYysrXGNvdXJzZXNcc2VjdXJlIGJyb3dzZXJcc2VjdXJlIGJyb3dzZXIgdjAuOS41ICgyLjIpXHNlY3VyZWJyb3dzZXJcd2ViYnJvd3Nlcm1haW5caGFuZGxlbW9uaXRvcnMuY3BwOjQ4
CQ==
U3VjY2Vzc2Z1bCB1c2VyIHZlcmlmaWNhdGlvbiBvbiBjb25uZWN0ZWQgbW9uaXRvcnM=
CQ==
W0luZm9dCQ==
RnJpIEp1bCAyNyAxNzo1NToxMSAyMDE4Cg==
CQ==
ZDpccHJvZ3JhbW1pbmdcYysrXGNvdXJzZXNcc2VjdXJlIGJyb3dzZXJcc2VjdXJlIGJyb3dzZXIgdjAuOS41ICgyLjIpXHNlY3VyZWJyb3dzZXJcd2ViYnJvd3Nlcm1haW5cd2lubWFpbi5jcHA6NDU=
CQ==
QWxsIHN0YWdlcyBvZiB0aGUgdmVyaWZ5aW5nIGFyZSBzdWNjZXNzZnVsbHkgcGFzc2VkLCBjcmVhdGluZyBhIGJyb3dzZXIgd2luZG93
CQ==
W0luZm9dCQ==
RnJpIEp1bCAyNyAxNzo1NToxNyAyMDE4Cg==
CQ==
ZDpccHJvZ3JhbW1pbmdcYysrXGNvdXJzZXNcc2VjdXJlIGJyb3dzZXJcc2VjdXJlIGJyb3dzZXIgdjAuOS41ICgyLjIpXHNlY3VyZWJyb3dzZXJcd2ViYnJvd3Nlcm1haW5cYXV0aGVudGljYXRpb253aW5kb3cuY3BwOjI1Ng==
CQ==
U3R1ZGVudCBoYXMgc3VibWl0ZWQgaGlzIElEIHBob3Rv
CQ==
W0luZm9dCQ==
RnJpIEp1bCAyNyAxNzo1NToxNyAyMDE4Cg==
CQ==
ZDpccHJvZ3JhbW1pbmdcYysrXGNvdXJzZXNcc2VjdXJlIGJyb3dzZXJcc2VjdXJlIGJyb3dzZXIgdjAuOS41ICgyLjIpXHNlY3VyZWJyb3dzZXJccmVzdGNsaWVudFxodHRwY2xpZW50LmNwcDo1NQ==
CQ==
RmlsZSBpcyBhdHRhY2hlZA==
CQ==
W0Vycm9yXQk=
RnJpIEp1bCAyNyAxNzo1NTozOCAyMDE4Cg==
CQ==
ZDpccHJvZ3JhbW1pbmdcYysrXGNvdXJzZXNcc2VjdXJlIGJyb3dzZXJcc2VjdXJlIGJyb3dzZXIgdjAuOS41ICgyLjIpXHNlY3VyZWJyb3dzZXJccmVzdGNsaWVudFxyZXN0Y2xpZW50LmNwcDozNA==
CQ==
V2luSHR0cFNlbmRSZXF1ZXN0OiAxMjAyOSAoTm8gaW50ZXJuZXQgY29ubmVjdGlvbik=
CQ==
W0luZm9dCQ==
RnJpIEp1bCAyNyAxNzo1NTozOCAyMDE4Cg==
CQ==
ZDpccHJvZ3JhbW1pbmdcYysrXGNvdXJzZXNcc2VjdXJlIGJyb3dzZXJcc2VjdXJlIGJyb3dzZXIgdjAuOS41ICgyLjIpXHNlY3VyZWJyb3dzZXJcd2ViYnJvd3Nlcm1haW5cYXV0aGVudGljYXRpb253aW5kb3cuY3BwOjI2MA==
CQ==
VXNlciBzdGFydCB0ZXN0IHBhc3Npbmc=
CQ==
W0Vycm9yXQk=
RnJpIEp1bCAyNyAxNzo1NTozOCAyMDE4Cg==
CQ==
ZDpccHJvZ3JhbW1pbmdcYysrXGNvdXJzZXNcc2VjdXJlIGJyb3dzZXJcc2VjdXJlIGJyb3dzZXIgdjAuOS41ICgyLjIpXHNlY3VyZWJyb3dzZXJcd2ViY2FtZXJhXGZyYW1lLmg6NTA=
CQ==
RnJhbWUgbm90IHZhbGlk
CQ==
W0Vycm9yXQk=
RnJpIEp1bCAyNyAxNzo1NTozOSAyMDE4Cg==
CQ==
ZDpccHJvZ3JhbW1pbmdcYysrXGNvdXJzZXNcc2VjdXJlIGJyb3dzZXJcc2VjdXJlIGJyb3dzZXIgdjAuOS41ICgyLjIpXHNlY3VyZWJyb3dzZXJcd2ViY2FtZXJhXGZyYW1lLmg6NTA=
CQ==
RnJhbWUgbm90IHZhbGlk
CQ==
W0Vycm9yXQk=
RnJpIEp1bCAyNyAxNzo1NTozOSAyMDE4Cg==
CQ==
ZDpccHJvZ3JhbW1pbmdcYysrXGNvdXJzZXNcc2VjdXJlIGJyb3dzZXJcc2VjdXJlIGJyb3dzZXIgdjAuOS41ICgyLjIpXHNlY3VyZWJyb3dzZXJcd2ViY2FtZXJhXGZyYW1lLmg6NTA=
CQ==
RnJhbWUgbm90IHZhbGlk
CQ==
W0luZm9dCQ==
RnJpIEp1bCAyNyAxNzo1NTozOSAyMDE4Cg==
CQ==
ZDpccHJvZ3JhbW1pbmdcYysrXGNvdXJzZXNcc2VjdXJlIGJyb3dzZXJcc2VjdXJlIGJyb3dzZXIgdjAuOS41ICgyLjIpXHNlY3VyZWJyb3dzZXJccmVzdGNsaWVudFxodHRwY2xpZW50LmNwcDo1NQ==
CQ==
RmlsZSBpcyBhdHRhY2hlZA==
CQ==
W0Vycm9yXQk=
RnJpIEp1bCAyNyAxNzo1NjowMCAyMDE4Cg==
CQ==
ZDpccHJvZ3JhbW1pbmdcYysrXGNvdXJzZXNcc2VjdXJlIGJyb3dzZXJcc2VjdXJlIGJyb3dzZXIgdjAuOS41ICgyLjIpXHNlY3VyZWJyb3dzZXJccmVzdGNsaWVudFxyZXN0Y2xpZW50LmNwcDozNA==
CQ==
V2luSHR0cFNlbmRSZXF1ZXN0OiAxMjAyOSAoTm8gaW50ZXJuZXQgY29ubmVjdGlvbik=
CQ==
W0Vycm9yXQk=
RnJpIEp1bCAyNyAxNzo1NjowMCAyMDE4Cg==
CQ==
ZDpccHJvZ3JhbW1pbmdcYysrXGNvdXJzZXNcc2VjdXJlIGJyb3dzZXJcc2VjdXJlIGJyb3dzZXIgdjAuOS41ICgyLjIpXHNlY3VyZWJyb3dzZXJcd2ViY2FtZXJhXGZyYW1lLmg6NTA=
CQ==
RnJhbWUgbm90IHZhbGlk
CQ==
W0Vycm9yXQk=
RnJpIEp1bCAyNyAxNzo1NjowMCAyMDE4Cg==
CQ==
ZDpccHJvZ3JhbW1pbmdcYysrXGNvdXJzZXNcc2VjdXJlIGJyb3dzZXJcc2VjdXJlIGJyb3dzZXIgdjAuOS41ICgyLjIpXHNlY3VyZWJyb3dzZXJcd2ViY2FtZXJhXGZyYW1lLmg6NTA=
CQ==
RnJhbWUgbm90IHZhbGlk
CQ==
W0Vycm9yXQk=
RnJpIEp1bCAyNyAxNzo1NjowMCAyMDE4Cg==
CQ==
ZDpccHJvZ3JhbW1pbmdcYysrXGNvdXJzZXNcc2VjdXJlIGJyb3dzZXJcc2VjdXJlIGJyb3dzZXIgdjAuOS41ICgyLjIpXHNlY3VyZWJyb3dzZXJcd2ViY2FtZXJhXGZyYW1lLmg6NTA=
CQ==
RnJhbWUgbm90IHZhbGlk
CQ==
W0Vycm9yXQk=
RnJpIEp1bCAyNyAxNzo1NjowNSAyMDE4Cg==
CQ==
ZDpccHJvZ3JhbW1pbmdcYysrXGNvdXJzZXNcc2VjdXJlIGJyb3dzZXJcc2VjdXJlIGJyb3dzZXIgdjAuOS41ICgyLjIpXHNlY3VyZWJyb3dzZXJcd2ViY2FtZXJhXGZyYW1lLmg6NTA=
CQ==
RnJhbWUgbm90IHZhbGlk
CQ==
W0Vycm9yXQk=
RnJpIEp1bCAyNyAxNzo1NjowNSAyMDE4Cg==
CQ==
ZDpccHJvZ3JhbW1pbmdcYysrXGNvdXJzZXNcc2VjdXJlIGJyb3dzZXJcc2VjdXJlIGJyb3dzZXIgdjAuOS41ICgyLjIpXHNlY3VyZWJyb3dzZXJcd2ViY2FtZXJhXGZyYW1lLmg6NTA=
CQ==
RnJhbWUgbm90IHZhbGlk
CQ==
W0luZm9dCQ==
RnJpIEp1bCAyNyAxNzo1NjowNSAyMDE4Cg==
CQ==
ZDpccHJvZ3JhbW1pbmdcYysrXGNvdXJzZXNcc2VjdXJlIGJyb3dzZXJcc2VjdXJlIGJyb3dzZXIgdjAuOS41ICgyLjIpXHNlY3VyZWJyb3dzZXJccmVzdGNsaWVudFxodHRwY2xpZW50LmNwcDo1NQ==
CQ==
RmlsZSBpcyBhdHRhY2hlZA==
CQ==
W0Vycm9yXQk=
RnJpIEp1bCAyNyAxNzo1NjoyMCAyMDE4Cg==
CQ==
ZDpccHJvZ3JhbW1pbmdcYysrXGNvdXJzZXNcc2VjdXJlIGJyb3dzZXJcc2VjdXJlIGJyb3dzZXIgdjAuOS41ICgyLjIpXHNlY3VyZWJyb3dzZXJcd2ViY2FtZXJhXGZhY2VkZXRlY3Rvci5jcHA6NTI=
CQ==
RmFjZURldGVjdG9yIHRocmVhZCB3aWxsIGJlIHN0b3BwZWQu
CQ==
W0Vycm9yXQk=
RnJpIEp1bCAyNyAxNzo1NjoyNiAyMDE4Cg==
CQ==
ZDpccHJvZ3JhbW1pbmdcYysrXGNvdXJzZXNcc2VjdXJlIGJyb3dzZXJcc2VjdXJlIGJyb3dzZXIgdjAuOS41ICgyLjIpXHNlY3VyZWJyb3dzZXJccmVzdGNsaWVudFxyZXN0Y2xpZW50LmNwcDozNA==
CQ==
V2luSHR0cFNlbmRSZXF1ZXN0OiAxMjAyOSAoTm8gaW50ZXJuZXQgY29ubmVjdGlvbik=
CQ==
W0Vycm9yXQk=
RnJpIEp1bCAyNyAxNzo1NjoyNiAyMDE4Cg==
CQ==
ZDpccHJvZ3JhbW1pbmdcYysrXGNvdXJzZXNcc2VjdXJlIGJyb3dzZXJcc2VjdXJlIGJyb3dzZXIgdjAuOS41ICgyLjIpXHNlY3VyZWJyb3dzZXJcd2ViY2FtZXJhXGZyYW1lLmg6MjE=
CQ==
RnJhbWUgbm90IHZhbGlk
CQ==
W0luZm9dCQ==
RnJpIEp1bCAyNyAxNzo1NjoyNiAyMDE4Cg==
CQ==
ZDpccHJvZ3JhbW1pbmdcYysrXGNvdXJzZXNcc2VjdXJlIGJyb3dzZXJcc2VjdXJlIGJyb3dzZXIgdjAuOS41ICgyLjIpXHNlY3VyZWJyb3dzZXJcd2ViY2FtZXJhXGZhY2VkZXRlY3Rvci5jcHA6Mjg0
CQ==
Tm8gZmFjZSBkZXRlY3RlZC4=
CQ==
W0Vycm9yXQk=
RnJpIEp1bCAyNyAxNzo1Njo0MSAyMDE4Cg==
CQ==
ZDpccHJvZ3JhbW1pbmdcYysrXGNvdXJzZXNcc2VjdXJlIGJyb3dzZXJcc2VjdXJlIGJyb3dzZXIgdjAuOS41ICgyLjIpXHNlY3VyZWJyb3dzZXJccmVzdGNsaWVudFxyZXN0Y2xpZW50LmNwcDo2Mg==
CQ==
V2luSHR0cFNlbmRSZXF1ZXN0OiAxMjAyOSAoTm8gaW50ZXJuZXQgY29ubmVjdGlvbik=
CQ==
W0luZm9dCQ==
RnJpIEp1bCAyNyAxNzo1NzoyMCAyMDE4Cg==
CQ==
ZDpccHJvZ3JhbW1pbmdcYysrXGNvdXJzZXNcc2VjdXJlIGJyb3dzZXJcc2VjdXJlIGJyb3dzZXIgdjAuOS41ICgyLjIpXHNlY3VyZWJyb3dzZXJcd2ViYnJvd3Nlcm1haW5cdmVyaWZ5bGluay5jcHA6NTE=
CQ==
U3VjY2Vzc2Z1bCBpbnB1dCBsaW5rIHZlcmlmaWNhdGlvbg==
CQ==
W0luZm9dCQ==
RnJpIEp1bCAyNyAxNzo1NzoyMCAyMDE4Cg==
CQ==
ZDpccHJvZ3JhbW1pbmdcYysrXGNvdXJzZXNcc2VjdXJlIGJyb3dzZXJcc2VjdXJlIGJyb3dzZXIgdjAuOS41ICgyLjIpXHNlY3VyZWJyb3dzZXJcd2ViYnJvd3Nlcm1haW5caGFuZGxlc2Vzc2lvbi5jcHA6Mzk=
CQ==
U3VjY2Vzc2Z1bCB1c2VyIHNlc3Npb24gdmVyaWZpY2F0aW9u
CQ==
W0luZm9dCQ==
RnJpIEp1bCAyNyAxNzo1NzoyMSAyMDE4Cg==
CQ==
ZDpccHJvZ3JhbW1pbmdcYysrXGNvdXJzZXNcc2VjdXJlIGJyb3dzZXJcc2VjdXJlIGJyb3dzZXIgdjAuOS41ICgyLjIpXHNlY3VyZWJyb3dzZXJcd2ViYnJvd3Nlcm1haW5cYXV0aGVudGljYXRpb253aW5kb3cuY3BwOjI3
CQ==
RGVmYXVsdCBjYW1lcmEgaGFzIG9wZW5lZCBzdWNjY2VzZnVsbHk=
CQ==
W0luZm9dCQ==
RnJpIEp1bCAyNyAxNzo1NzoyMSAyMDE4Cg==
CQ==
ZDpccHJvZ3JhbW1pbmdcYysrXGNvdXJzZXNcc2VjdXJlIGJyb3dzZXJcc2VjdXJlIGJyb3dzZXIgdjAuOS41ICgyLjIpXHNlY3VyZWJyb3dzZXJcd2ViYnJvd3Nlcm1haW5caGFuZGxlbW9uaXRvcnMuY3BwOjQ4
CQ==
U3VjY2Vzc2Z1bCB1c2VyIHZlcmlmaWNhdGlvbiBvbiBjb25uZWN0ZWQgbW9uaXRvcnM=
CQ==
W0luZm9dCQ==
RnJpIEp1bCAyNyAxNzo1NzoyMSAyMDE4Cg==
CQ==
ZDpccHJvZ3JhbW1pbmdcYysrXGNvdXJzZXNcc2VjdXJlIGJyb3dzZXJcc2VjdXJlIGJyb3dzZXIgdjAuOS41ICgyLjIpXHNlY3VyZWJyb3dzZXJcd2ViYnJvd3Nlcm1haW5cd2lubWFpbi5jcHA6NDU=
CQ==
QWxsIHN0YWdlcyBvZiB0aGUgdmVyaWZ5aW5nIGFyZSBzdWNjZXNzZnVsbHkgcGFzc2VkLCBjcmVhdGluZyBhIGJyb3dzZXIgd2luZG93
CQ==
W0luZm9dCQ==
RnJpIEp1bCAyNyAxNzo1NzoyNyAyMDE4Cg==
CQ==
ZDpccHJvZ3JhbW1pbmdcYysrXGNvdXJzZXNcc2VjdXJlIGJyb3dzZXJcc2VjdXJlIGJyb3dzZXIgdjAuOS41ICgyLjIpXHNlY3VyZWJyb3dzZXJcd2ViYnJvd3Nlcm1haW5cYXV0aGVudGljYXRpb253aW5kb3cuY3BwOjI1Ng==
CQ==
U3R1ZGVudCBoYXMgc3VibWl0ZWQgaGlzIElEIHBob3Rv
CQ==
W0luZm9dCQ==
RnJpIEp1bCAyNyAxNzo1NzoyNyAyMDE4Cg==
CQ==
ZDpccHJvZ3JhbW1pbmdcYysrXGNvdXJzZXNcc2VjdXJlIGJyb3dzZXJcc2VjdXJlIGJyb3dzZXIgdjAuOS41ICgyLjIpXHNlY3VyZWJyb3dzZXJccmVzdGNsaWVudFxodHRwY2xpZW50LmNwcDo1NQ==
CQ==
RmlsZSBpcyBhdHRhY2hlZA==
CQ==
W0Vycm9yXQk=
RnJpIEp1bCAyNyAxNzo1Nzo0OCAyMDE4Cg==
CQ==
ZDpccHJvZ3JhbW1pbmdcYysrXGNvdXJzZXNcc2VjdXJlIGJyb3dzZXJcc2VjdXJlIGJyb3dzZXIgdjAuOS41ICgyLjIpXHNlY3VyZWJyb3dzZXJccmVzdGNsaWVudFxyZXN0Y2xpZW50LmNwcDozNA==
CQ==
V2luSHR0cFNlbmRSZXF1ZXN0OiAxMjAyOSAoTm8gaW50ZXJuZXQgY29ubmVjdGlvbik=
CQ==
W0luZm9dCQ==
RnJpIEp1bCAyNyAxNzo1Nzo0OCAyMDE4Cg==
CQ==
ZDpccHJvZ3JhbW1pbmdcYysrXGNvdXJzZXNcc2VjdXJlIGJyb3dzZXJcc2VjdXJlIGJyb3dzZXIgdjAuOS41ICgyLjIpXHNlY3VyZWJyb3dzZXJcd2ViYnJvd3Nlcm1haW5cYXV0aGVudGljYXRpb253aW5kb3cuY3BwOjI2MA==
CQ==
VXNlciBzdGFydCB0ZXN0IHBhc3Npbmc=
CQ==
W0Vycm9yXQk=
RnJpIEp1bCAyNyAxNzo1Nzo0OCAyMDE4Cg==
CQ==
ZDpccHJvZ3JhbW1pbmdcYysrXGNvdXJzZXNcc2VjdXJlIGJyb3dzZXJcc2VjdXJlIGJyb3dzZXIgdjAuOS41ICgyLjIpXHNlY3VyZWJyb3dzZXJcd2ViY2FtZXJhXGZyYW1lLmg6NTA=
CQ==
RnJhbWUgbm90IHZhbGlk
CQ==
W0Vycm9yXQk=
RnJpIEp1bCAyNyAxNzo1Nzo0OSAyMDE4Cg==
CQ==
ZDpccHJvZ3JhbW1pbmdcYysrXGNvdXJzZXNcc2VjdXJlIGJyb3dzZXJcc2VjdXJlIGJyb3dzZXIgdjAuOS41ICgyLjIpXHNlY3VyZWJyb3dzZXJcd2ViY2FtZXJhXGZyYW1lLmg6NTA=
CQ==
RnJhbWUgbm90IHZhbGlk
CQ==
W0luZm9dCQ==
RnJpIEp1bCAyNyAxNzo1Nzo0OSAyMDE4Cg==
CQ==
ZDpccHJvZ3JhbW1pbmdcYysrXGNvdXJzZXNcc2VjdXJlIGJyb3dzZXJcc2VjdXJlIGJyb3dzZXIgdjAuOS41ICgyLjIpXHNlY3VyZWJyb3dzZXJccmVzdGNsaWVudFxodHRwY2xpZW50LmNwcDo1NQ==
CQ==
RmlsZSBpcyBhdHRhY2hlZA==
CQ==
W0Vycm9yXQk=
RnJpIEp1bCAyNyAxNzo1ODoxMCAyMDE4Cg==
CQ==
ZDpccHJvZ3JhbW1pbmdcYysrXGNvdXJzZXNcc2VjdXJlIGJyb3dzZXJcc2VjdXJlIGJyb3dzZXIgdjAuOS41ICgyLjIpXHNlY3VyZWJyb3dzZXJccmVzdGNsaWVudFxyZXN0Y2xpZW50LmNwcDozNA==
CQ==
V2luSHR0cFNlbmRSZXF1ZXN0OiAxMjAyOSAoTm8gaW50ZXJuZXQgY29ubmVjdGlvbik=
CQ==
W0luZm9dCQ==
RnJpIEp1bCAyNyAxNzo1ODoxMCAyMDE4Cg==
CQ==
ZDpccHJvZ3JhbW1pbmdcYysrXGNvdXJzZXNcc2VjdXJlIGJyb3dzZXJcc2VjdXJlIGJyb3dzZXIgdjAuOS41ICgyLjIpXHNlY3VyZWJyb3dzZXJcd2ViY2FtZXJhXGZhY2VkZXRlY3Rvci5jcHA6MjI4
CQ==
Tm8gZmFjZSBkZXRlY3RlZC4=
CQ==
W0Vycm9yXQk=
RnJpIEp1bCAyNyAxNzo1ODoxMCAyMDE4Cg==
CQ==
ZDpccHJvZ3JhbW1pbmdcYysrXGNvdXJzZXNcc2VjdXJlIGJyb3dzZXJcc2VjdXJlIGJyb3dzZXIgdjAuOS41ICgyLjIpXHNlY3VyZWJyb3dzZXJcd2ViY2FtZXJhXGZyYW1lLmg6NTA=
CQ==
RnJhbWUgbm90IHZhbGlk
CQ==
W0Vycm9yXQk=
RnJpIEp1bCAyNyAxNzo1ODoxMCAyMDE4Cg==
CQ==
ZDpccHJvZ3JhbW1pbmdcYysrXGNvdXJzZXNcc2VjdXJlIGJyb3dzZXJcc2VjdXJlIGJyb3dzZXIgdjAuOS41ICgyLjIpXHNlY3VyZWJyb3dzZXJcd2ViY2FtZXJhXGZyYW1lLmg6NTA=
CQ==
RnJhbWUgbm90IHZhbGlk
CQ==
W0luZm9dCQ==
RnJpIEp1bCAyNyAxNzo1ODoxMCAyMDE4Cg==
CQ==
ZDpccHJvZ3JhbW1pbmdcYysrXGNvdXJzZXNcc2VjdXJlIGJyb3dzZXJcc2VjdXJlIGJyb3dzZXIgdjAuOS41ICgyLjIpXHNlY3VyZWJyb3dzZXJccmVzdGNsaWVudFxodHRwY2xpZW50LmNwcDo1NQ==
CQ==
RmlsZSBpcyBhdHRhY2hlZA==
CQ==
W0Vycm9yXQk=
RnJpIEp1bCAyNyAxNzo1ODozMSAyMDE4Cg==
CQ==
ZDpccHJvZ3JhbW1pbmdcYysrXGNvdXJzZXNcc2VjdXJlIGJyb3dzZXJcc2VjdXJlIGJyb3dzZXIgdjAuOS41ICgyLjIpXHNlY3VyZWJyb3dzZXJccmVzdGNsaWVudFxyZXN0Y2xpZW50LmNwcDozNA==
CQ==
V2luSHR0cFNlbmRSZXF1ZXN0OiAxMjAyOSAoTm8gaW50ZXJuZXQgY29ubmVjdGlvbik=
CQ==
W0luZm9dCQ==
RnJpIEp1bCAyNyAxNzo1ODozMSAyMDE4Cg==
CQ==
ZDpccHJvZ3JhbW1pbmdcYysrXGNvdXJzZXNcc2VjdXJlIGJyb3dzZXJcc2VjdXJlIGJyb3dzZXIgdjAuOS41ICgyLjIpXHNlY3VyZWJyb3dzZXJcd2ViY2FtZXJhXGZhY2VkZXRlY3Rvci5jcHA6Mjg0
CQ==
Tm8gZmFjZSBkZXRlY3RlZC4=
CQ==
W0Vycm9yXQk=
RnJpIEp1bCAyNyAxNzo1ODozNiAyMDE4Cg==
CQ==
ZDpccHJvZ3JhbW1pbmdcYysrXGNvdXJzZXNcc2VjdXJlIGJyb3dzZXJcc2VjdXJlIGJyb3dzZXIgdjAuOS41ICgyLjIpXHNlY3VyZWJyb3dzZXJcd2ViY2FtZXJhXGZyYW1lLmg6NTA=
CQ==
RnJhbWUgbm90IHZhbGlk
CQ==
W0Vycm9yXQk=
RnJpIEp1bCAyNyAxNzo1ODozNiAyMDE4Cg==
CQ==
ZDpccHJvZ3JhbW1pbmdcYysrXGNvdXJzZXNcc2VjdXJlIGJyb3dzZXJcc2VjdXJlIGJyb3dzZXIgdjAuOS41ICgyLjIpXHNlY3VyZWJyb3dzZXJcd2ViY2FtZXJhXGZyYW1lLmg6NTA=
CQ==
RnJhbWUgbm90IHZhbGlk
CQ==
W0Vycm9yXQk=
RnJpIEp1bCAyNyAxNzo1ODozNiAyMDE4Cg==
CQ==
ZDpccHJvZ3JhbW1pbmdcYysrXGNvdXJzZXNcc2VjdXJlIGJyb3dzZXJcc2VjdXJlIGJyb3dzZXIgdjAuOS41ICgyLjIpXHNlY3VyZWJyb3dzZXJcd2ViY2FtZXJhXGZyYW1lLmg6NTA=
CQ==
RnJhbWUgbm90IHZhbGlk
CQ==
W0Vycm9yXQk=
RnJpIEp1bCAyNyAxNzo1ODo0MSAyMDE4Cg==
CQ==
ZDpccHJvZ3JhbW1pbmdcYysrXGNvdXJzZXNcc2VjdXJlIGJyb3dzZXJcc2VjdXJlIGJyb3dzZXIgdjAuOS41ICgyLjIpXHNlY3VyZWJyb3dzZXJcd2ViY2FtZXJhXGZyYW1lLmg6NTA=
CQ==
RnJhbWUgbm90IHZhbGlk
CQ==
W0Vycm9yXQk=
RnJpIEp1bCAyNyAxNzo1ODo0MSAyMDE4Cg==
CQ==
ZDpccHJvZ3JhbW1pbmdcYysrXGNvdXJzZXNcc2VjdXJlIGJyb3dzZXJcc2VjdXJlIGJyb3dzZXIgdjAuOS41ICgyLjIpXHNlY3VyZWJyb3dzZXJcd2ViY2FtZXJhXGZyYW1lLmg6NTA=
CQ==
RnJhbWUgbm90IHZhbGlk
CQ==
W0Vycm9yXQk=
RnJpIEp1bCAyNyAxNzo1ODo0MiAyMDE4Cg==
CQ==
ZDpccHJvZ3JhbW1pbmdcYysrXGNvdXJzZXNcc2VjdXJlIGJyb3dzZXJcc2VjdXJlIGJyb3dzZXIgdjAuOS41ICgyLjIpXHNlY3VyZWJyb3dzZXJcd2ViY2FtZXJhXGZyYW1lLmg6NTA=
CQ==
RnJhbWUgbm90IHZhbGlk
CQ==
W0Vycm9yXQk=
RnJpIEp1bCAyNyAxNzo1ODo0NyAyMDE4Cg==
CQ==
ZDpccHJvZ3JhbW1pbmdcYysrXGNvdXJzZXNcc2VjdXJlIGJyb3dzZXJcc2VjdXJlIGJyb3dzZXIgdjAuOS41ICgyLjIpXHNlY3VyZWJyb3dzZXJcd2ViY2FtZXJhXGZyYW1lLmg6NTA=
CQ==
RnJhbWUgbm90IHZhbGlk
CQ==
W0Vycm9yXQk=
RnJpIEp1bCAyNyAxNzo1ODo0NyAyMDE4Cg==
CQ==
ZDpccHJvZ3JhbW1pbmdcYysrXGNvdXJzZXNcc2VjdXJlIGJyb3dzZXJcc2VjdXJlIGJyb3dzZXIgdjAuOS41ICgyLjIpXHNlY3VyZWJyb3dzZXJcd2ViY2FtZXJhXGZyYW1lLmg6NTA=
CQ==
RnJhbWUgbm90IHZhbGlk
CQ==
W0Vycm9yXQk=
RnJpIEp1bCAyNyAxNzo1ODo0NyAyMDE4Cg==
CQ==
ZDpccHJvZ3JhbW1pbmdcYysrXGNvdXJzZXNcc2VjdXJlIGJyb3dzZXJcc2VjdXJlIGJyb3dzZXIgdjAuOS41ICgyLjIpXHNlY3VyZWJyb3dzZXJcd2ViY2FtZXJhXGZyYW1lLmg6NTA=
CQ==
RnJhbWUgbm90IHZhbGlk
CQ==
W0Vycm9yXQk=
RnJpIEp1bCAyNyAxNzo1ODo1MiAyMDE4Cg==
CQ==
ZDpccHJvZ3JhbW1pbmdcYysrXGNvdXJzZXNcc2VjdXJlIGJyb3dzZXJcc2VjdXJlIGJyb3dzZXIgdjAuOS41ICgyLjIpXHNlY3VyZWJyb3dzZXJcd2ViY2FtZXJhXGZyYW1lLmg6NTA=
CQ==
RnJhbWUgbm90IHZhbGlk
CQ==
W0Vycm9yXQk=
RnJpIEp1bCAyNyAxNzo1ODo1MiAyMDE4Cg==
CQ==
ZDpccHJvZ3JhbW1pbmdcYysrXGNvdXJzZXNcc2VjdXJlIGJyb3dzZXJcc2VjdXJlIGJyb3dzZXIgdjAuOS41ICgyLjIpXHNlY3VyZWJyb3dzZXJcd2ViY2FtZXJhXGZyYW1lLmg6NTA=
CQ==
RnJhbWUgbm90IHZhbGlk
CQ==
W0luZm9dCQ==
RnJpIEp1bCAyNyAxNzo1ODo1MiAyMDE4Cg==
CQ==
ZDpccHJvZ3JhbW1pbmdcYysrXGNvdXJzZXNcc2VjdXJlIGJyb3dzZXJcc2VjdXJlIGJyb3dzZXIgdjAuOS41ICgyLjIpXHNlY3VyZWJyb3dzZXJccmVzdGNsaWVudFxodHRwY2xpZW50LmNwcDo1NQ==
CQ==
RmlsZSBpcyBhdHRhY2hlZA==
CQ==
W0Vycm9yXQk=
RnJpIEp1bCAyNyAxNzo1OToxMyAyMDE4Cg==
CQ==
ZDpccHJvZ3JhbW1pbmdcYysrXGNvdXJzZXNcc2VjdXJlIGJyb3dzZXJcc2VjdXJlIGJyb3dzZXIgdjAuOS41ICgyLjIpXHNlY3VyZWJyb3dzZXJccmVzdGNsaWVudFxyZXN0Y2xpZW50LmNwcDozNA==
CQ==
V2luSHR0cFNlbmRSZXF1ZXN0OiAxMjAyOSAoTm8gaW50ZXJuZXQgY29ubmVjdGlvbik=
CQ==
W0luZm9dCQ==
RnJpIEp1bCAyNyAxNzo1OToxMyAyMDE4Cg==
CQ==
ZDpccHJvZ3JhbW1pbmdcYysrXGNvdXJzZXNcc2VjdXJlIGJyb3dzZXJcc2VjdXJlIGJyb3dzZXIgdjAuOS41ICgyLjIpXHNlY3VyZWJyb3dzZXJcd2ViY2FtZXJhXGZhY2VkZXRlY3Rvci5jcHA6Mjg0
CQ==
Tm8gZmFjZSBkZXRlY3RlZC4=
CQ==
W0Vycm9yXQk=
RnJpIEp1bCAyNyAxNzo1OToxOCAyMDE4Cg==
CQ==
ZDpccHJvZ3JhbW1pbmdcYysrXGNvdXJzZXNcc2VjdXJlIGJyb3dzZXJcc2VjdXJlIGJyb3dzZXIgdjAuOS41ICgyLjIpXHNlY3VyZWJyb3dzZXJcd2ViY2FtZXJhXGZyYW1lLmg6NTA=
CQ==
RnJhbWUgbm90IHZhbGlk
CQ==
W0Vycm9yXQk=
RnJpIEp1bCAyNyAxNzo1OToxOCAyMDE4Cg==
CQ==
ZDpccHJvZ3JhbW1pbmdcYysrXGNvdXJzZXNcc2VjdXJlIGJyb3dzZXJcc2VjdXJlIGJyb3dzZXIgdjAuOS41ICgyLjIpXHNlY3VyZWJyb3dzZXJcd2ViY2FtZXJhXGZyYW1lLmg6NTA=
CQ==
RnJhbWUgbm90IHZhbGlk
CQ==
W0Vycm9yXQk=
RnJpIEp1bCAyNyAxNzo1OToxOCAyMDE4Cg==
CQ==
ZDpccHJvZ3JhbW1pbmdcYysrXGNvdXJzZXNcc2VjdXJlIGJyb3dzZXJcc2VjdXJlIGJyb3dzZXIgdjAuOS41ICgyLjIpXHNlY3VyZWJyb3dzZXJcd2ViY2FtZXJhXGZyYW1lLmg6NTA=
CQ==
RnJhbWUgbm90IHZhbGlk
CQ==
W0Vycm9yXQk=
RnJpIEp1bCAyNyAxNzo1OToyMyAyMDE4Cg==
CQ==
ZDpccHJvZ3JhbW1pbmdcYysrXGNvdXJzZXNcc2VjdXJlIGJyb3dzZXJcc2VjdXJlIGJyb3dzZXIgdjAuOS41ICgyLjIpXHNlY3VyZWJyb3dzZXJcd2ViY2FtZXJhXGZyYW1lLmg6NTA=
CQ==
RnJhbWUgbm90IHZhbGlk
CQ==
W0Vycm9yXQk=
RnJpIEp1bCAyNyAxNzo1OToyMyAyMDE4Cg==
CQ==
ZDpccHJvZ3JhbW1pbmdcYysrXGNvdXJzZXNcc2VjdXJlIGJyb3dzZXJcc2VjdXJlIGJyb3dzZXIgdjAuOS41ICgyLjIpXHNlY3VyZWJyb3dzZXJcd2ViY2FtZXJhXGZyYW1lLmg6NTA=
CQ==
RnJhbWUgbm90IHZhbGlk
CQ==
W0luZm9dCQ==
RnJpIEp1bCAyNyAxNzo1OToyMyAyMDE4Cg==
CQ==
ZDpccHJvZ3JhbW1pbmdcYysrXGNvdXJzZXNcc2VjdXJlIGJyb3dzZXJcc2VjdXJlIGJyb3dzZXIgdjAuOS41ICgyLjIpXHNlY3VyZWJyb3dzZXJccmVzdGNsaWVudFxodHRwY2xpZW50LmNwcDo1NQ==
CQ==
RmlsZSBpcyBhdHRhY2hlZA==
CQ==
W0Vycm9yXQk=
RnJpIEp1bCAyNyAxNzo1OTo0NCAyMDE4Cg==
CQ==
ZDpccHJvZ3JhbW1pbmdcYysrXGNvdXJzZXNcc2VjdXJlIGJyb3dzZXJcc2VjdXJlIGJyb3dzZXIgdjAuOS41ICgyLjIpXHNlY3VyZWJyb3dzZXJccmVzdGNsaWVudFxyZXN0Y2xpZW50LmNwcDozNA==
CQ==
V2luSHR0cFNlbmRSZXF1ZXN0OiAxMjAyOSAoTm8gaW50ZXJuZXQgY29ubmVjdGlvbik=
CQ==
W0luZm9dCQ==
RnJpIEp1bCAyNyAxNzo1OTo0NCAyMDE4Cg==
CQ==
ZDpccHJvZ3JhbW1pbmdcYysrXGNvdXJzZXNcc2VjdXJlIGJyb3dzZXJcc2VjdXJlIGJyb3dzZXIgdjAuOS41ICgyLjIpXHNlY3VyZWJyb3dzZXJcd2ViY2FtZXJhXGZhY2VkZXRlY3Rvci5jcHA6Mjg0
CQ==
Tm8gZmFjZSBkZXRlY3RlZC4=
CQ==
W0Vycm9yXQk=
RnJpIEp1bCAyNyAxNzo1OTo0OSAyMDE4Cg==
CQ==
ZDpccHJvZ3JhbW1pbmdcYysrXGNvdXJzZXNcc2VjdXJlIGJyb3dzZXJcc2VjdXJlIGJyb3dzZXIgdjAuOS41ICgyLjIpXHNlY3VyZWJyb3dzZXJcd2ViY2FtZXJhXGZyYW1lLmg6NTA=
CQ==
RnJhbWUgbm90IHZhbGlk
CQ==
W0Vycm9yXQk=
RnJpIEp1bCAyNyAxNzo1OTo0OSAyMDE4Cg==
CQ==
ZDpccHJvZ3JhbW1pbmdcYysrXGNvdXJzZXNcc2VjdXJlIGJyb3dzZXJcc2VjdXJlIGJyb3dzZXIgdjAuOS41ICgyLjIpXHNlY3VyZWJyb3dzZXJcd2ViY2FtZXJhXGZyYW1lLmg6NTA=
CQ==
RnJhbWUgbm90IHZhbGlk
CQ==
W0luZm9dCQ==
RnJpIEp1bCAyNyAxNzo1OTo0OSAyMDE4Cg==
CQ==
ZDpccHJvZ3JhbW1pbmdcYysrXGNvdXJzZXNcc2VjdXJlIGJyb3dzZXJcc2VjdXJlIGJyb3dzZXIgdjAuOS41ICgyLjIpXHNlY3VyZWJyb3dzZXJccmVzdGNsaWVudFxodHRwY2xpZW50LmNwcDo1NQ==
CQ==
RmlsZSBpcyBhdHRhY2hlZA==
CQ==
W0Vycm9yXQk=
RnJpIEp1bCAyNyAxODowMDoxMCAyMDE4Cg==
CQ==
ZDpccHJvZ3JhbW1pbmdcYysrXGNvdXJzZXNcc2VjdXJlIGJyb3dzZXJcc2VjdXJlIGJyb3dzZXIgdjAuOS41ICgyLjIpXHNlY3VyZWJyb3dzZXJccmVzdGNsaWVudFxyZXN0Y2xpZW50LmNwcDozNA==
CQ==
V2luSHR0cFNlbmRSZXF1ZXN0OiAxMjAyOSAoTm8gaW50ZXJuZXQgY29ubmVjdGlvbik=
CQ==
W0luZm9dCQ==
RnJpIEp1bCAyNyAxODowMDoxMCAyMDE4Cg==
CQ==
ZDpccHJvZ3JhbW1pbmdcYysrXGNvdXJzZXNcc2VjdXJlIGJyb3dzZXJcc2VjdXJlIGJyb3dzZXIgdjAuOS41ICgyLjIpXHNlY3VyZWJyb3dzZXJcd2ViY2FtZXJhXGZhY2VkZXRlY3Rvci5jcHA6Mjg0
CQ==
Tm8gZmFjZSBkZXRlY3RlZC4=
CQ==
W0Vycm9yXQk=
RnJpIEp1bCAyNyAxODowMDoxNSAyMDE4Cg==
CQ==
ZDpccHJvZ3JhbW1pbmdcYysrXGNvdXJzZXNcc2VjdXJlIGJyb3dzZXJcc2VjdXJlIGJyb3dzZXIgdjAuOS41ICgyLjIpXHNlY3VyZWJyb3dzZXJcd2ViY2FtZXJhXGZyYW1lLmg6NTA=
CQ==
RnJhbWUgbm90IHZhbGlk
CQ==
W0Vycm9yXQk=
RnJpIEp1bCAyNyAxODowMDoxNSAyMDE4Cg==
CQ==
ZDpccHJvZ3JhbW1pbmdcYysrXGNvdXJzZXNcc2VjdXJlIGJyb3dzZXJcc2VjdXJlIGJyb3dzZXIgdjAuOS41ICgyLjIpXHNlY3VyZWJyb3dzZXJcd2ViY2FtZXJhXGZyYW1lLmg6NTA=
CQ==
RnJhbWUgbm90IHZhbGlk
CQ==
W0luZm9dCQ==
RnJpIEp1bCAyNyAxODowMDoxNSAyMDE4Cg==
CQ==
ZDpccHJvZ3JhbW1pbmdcYysrXGNvdXJzZXNcc2VjdXJlIGJyb3dzZXJcc2VjdXJlIGJyb3dzZXIgdjAuOS41ICgyLjIpXHNlY3VyZWJyb3dzZXJccmVzdGNsaWVudFxodHRwY2xpZW50LmNwcDo1NQ==
CQ==
RmlsZSBpcyBhdHRhY2hlZA==
CQ==
W0Vycm9yXQk=
RnJpIEp1bCAyNyAxODowMDozNiAyMDE4Cg==
CQ==
ZDpccHJvZ3JhbW1pbmdcYysrXGNvdXJzZXNcc2VjdXJlIGJyb3dzZXJcc2VjdXJlIGJyb3dzZXIgdjAuOS41ICgyLjIpXHNlY3VyZWJyb3dzZXJccmVzdGNsaWVudFxyZXN0Y2xpZW50LmNwcDozNA==
CQ==
V2luSHR0cFNlbmRSZXF1ZXN0OiAxMjAyOSAoTm8gaW50ZXJuZXQgY29ubmVjdGlvbik=
CQ==
W0luZm9dCQ==
RnJpIEp1bCAyNyAxODowMDozNiAyMDE4Cg==
CQ==
ZDpccHJvZ3JhbW1pbmdcYysrXGNvdXJzZXNcc2VjdXJlIGJyb3dzZXJcc2VjdXJlIGJyb3dzZXIgdjAuOS41ICgyLjIpXHNlY3VyZWJyb3dzZXJcd2ViY2FtZXJhXGZhY2VkZXRlY3Rvci5jcHA6Mjg0
CQ==
Tm8gZmFjZSBkZXRlY3RlZC4=
CQ==
W0Vycm9yXQk=
RnJpIEp1bCAyNyAxODowMDo0MSAyMDE4Cg==
CQ==
ZDpccHJvZ3JhbW1pbmdcYysrXGNvdXJzZXNcc2VjdXJlIGJyb3dzZXJcc2VjdXJlIGJyb3dzZXIgdjAuOS41ICgyLjIpXHNlY3VyZWJyb3dzZXJcd2ViY2FtZXJhXGZyYW1lLmg6NTA=
CQ==
RnJhbWUgbm90IHZhbGlk
CQ==
W0Vycm9yXQk=
RnJpIEp1bCAyNyAxODowMDo0MSAyMDE4Cg==
CQ==
ZDpccHJvZ3JhbW1pbmdcYysrXGNvdXJzZXNcc2VjdXJlIGJyb3dzZXJcc2VjdXJlIGJyb3dzZXIgdjAuOS41ICgyLjIpXHNlY3VyZWJyb3dzZXJcd2ViY2FtZXJhXGZyYW1lLmg6NTA=
CQ==
RnJhbWUgbm90IHZhbGlk
CQ==
W0Vycm9yXQk=
RnJpIEp1bCAyNyAxODowMDo0MSAyMDE4Cg==
CQ==
ZDpccHJvZ3JhbW1pbmdcYysrXGNvdXJzZXNcc2VjdXJlIGJyb3dzZXJcc2VjdXJlIGJyb3dzZXIgdjAuOS41ICgyLjIpXHNlY3VyZWJyb3dzZXJcd2ViY2FtZXJhXGZyYW1lLmg6NTA=
CQ==
RnJhbWUgbm90IHZhbGlk
CQ==
W0Vycm9yXQk=
RnJpIEp1bCAyNyAxODowMDo0NiAyMDE4Cg==
CQ==
ZDpccHJvZ3JhbW1pbmdcYysrXGNvdXJzZXNcc2VjdXJlIGJyb3dzZXJcc2VjdXJlIGJyb3dzZXIgdjAuOS41ICgyLjIpXHNlY3VyZWJyb3dzZXJcd2ViY2FtZXJhXGZyYW1lLmg6NTA=
CQ==
RnJhbWUgbm90IHZhbGlk
CQ==
W0Vycm9yXQk=
RnJpIEp1bCAyNyAxODowMDo0NiAyMDE4Cg==
CQ==
ZDpccHJvZ3JhbW1pbmdcYysrXGNvdXJzZXNcc2VjdXJlIGJyb3dzZXJcc2VjdXJlIGJyb3dzZXIgdjAuOS41ICgyLjIpXHNlY3VyZWJyb3dzZXJcd2ViY2FtZXJhXGZyYW1lLmg6NTA=
CQ==
RnJhbWUgbm90IHZhbGlk
CQ==
W0Vycm9yXQk=
RnJpIEp1bCAyNyAxODowMDo0NiAyMDE4Cg==
CQ==
ZDpccHJvZ3JhbW1pbmdcYysrXGNvdXJzZXNcc2VjdXJlIGJyb3dzZXJcc2VjdXJlIGJyb3dzZXIgdjAuOS41ICgyLjIpXHNlY3VyZWJyb3dzZXJcd2ViY2FtZXJhXGZyYW1lLmg6NTA=
CQ==
RnJhbWUgbm90IHZhbGlk
CQ==
W0Vycm9yXQk=
RnJpIEp1bCAyNyAxODowMDo0NiAyMDE4Cg==
CQ==
ZDpccHJvZ3JhbW1pbmdcYysrXGNvdXJzZXNcc2VjdXJlIGJyb3dzZXJcc2VjdXJlIGJyb3dzZXIgdjAuOS41ICgyLjIpXHNlY3VyZWJyb3dzZXJcd2ViY2FtZXJhXGZyYW1lLmg6NTA=
CQ==
RnJhbWUgbm90IHZhbGlk
CQ==
W0luZm9dCQ==
RnJpIEp1bCAyNyAxODowMDo0NiAyMDE4Cg==
CQ==
ZDpccHJvZ3JhbW1pbmdcYysrXGNvdXJzZXNcc2VjdXJlIGJyb3dzZXJcc2VjdXJlIGJyb3dzZXIgdjAuOS41ICgyLjIpXHNlY3VyZWJyb3dzZXJccmVzdGNsaWVudFxodHRwY2xpZW50LmNwcDo1NQ==
CQ==
RmlsZSBpcyBhdHRhY2hlZA==
CQ==
W0Vycm9yXQk=
RnJpIEp1bCAyNyAxODowMTowNyAyMDE4Cg==
CQ==
ZDpccHJvZ3JhbW1pbmdcYysrXGNvdXJzZXNcc2VjdXJlIGJyb3dzZXJcc2VjdXJlIGJyb3dzZXIgdjAuOS41ICgyLjIpXHNlY3VyZWJyb3dzZXJccmVzdGNsaWVudFxyZXN0Y2xpZW50LmNwcDozNA==
CQ==
V2luSHR0cFNlbmRSZXF1ZXN0OiAxMjAyOSAoTm8gaW50ZXJuZXQgY29ubmVjdGlvbik=
CQ==
W0luZm9dCQ==
RnJpIEp1bCAyNyAxODowMTowOCAyMDE4Cg==
CQ==
ZDpccHJvZ3JhbW1pbmdcYysrXGNvdXJzZXNcc2VjdXJlIGJyb3dzZXJcc2VjdXJlIGJyb3dzZXIgdjAuOS41ICgyLjIpXHNlY3VyZWJyb3dzZXJcd2ViY2FtZXJhXGZhY2VkZXRlY3Rvci5jcHA6Mjky
CQ==
MSBmYWNlcyBkZXRlY3RlZC4=
CQ==
W0Vycm9yXQk=
RnJpIEp1bCAyNyAxODowMToxMyAyMDE4Cg==
CQ==
ZDpccHJvZ3JhbW1pbmdcYysrXGNvdXJzZXNcc2VjdXJlIGJyb3dzZXJcc2VjdXJlIGJyb3dzZXIgdjAuOS41ICgyLjIpXHNlY3VyZWJyb3dzZXJcd2ViY2FtZXJhXGZyYW1lLmg6NTA=
CQ==
RnJhbWUgbm90IHZhbGlk
CQ==
W0Vycm9yXQk=
RnJpIEp1bCAyNyAxODowMToxMyAyMDE4Cg==
CQ==
ZDpccHJvZ3JhbW1pbmdcYysrXGNvdXJzZXNcc2VjdXJlIGJyb3dzZXJcc2VjdXJlIGJyb3dzZXIgdjAuOS41ICgyLjIpXHNlY3VyZWJyb3dzZXJcd2ViY2FtZXJhXGZyYW1lLmg6NTA=
CQ==
RnJhbWUgbm90IHZhbGlk
CQ==
W0Vycm9yXQk=
RnJpIEp1bCAyNyAxODowMToxMyAyMDE4Cg==
CQ==
ZDpccHJvZ3JhbW1pbmdcYysrXGNvdXJzZXNcc2VjdXJlIGJyb3dzZXJcc2VjdXJlIGJyb3dzZXIgdjAuOS41ICgyLjIpXHNlY3VyZWJyb3dzZXJcd2ViY2FtZXJhXGZyYW1lLmg6NTA=
CQ==
RnJhbWUgbm90IHZhbGlk
CQ==
W0Vycm9yXQk=
RnJpIEp1bCAyNyAxODowMToxOCAyMDE4Cg==
CQ==
ZDpccHJvZ3JhbW1pbmdcYysrXGNvdXJzZXNcc2VjdXJlIGJyb3dzZXJcc2VjdXJlIGJyb3dzZXIgdjAuOS41ICgyLjIpXHNlY3VyZWJyb3dzZXJcd2ViY2FtZXJhXGZyYW1lLmg6NTA=
CQ==
RnJhbWUgbm90IHZhbGlk
CQ==
W0Vycm9yXQk=
RnJpIEp1bCAyNyAxODowMToxOCAyMDE4Cg==
CQ==
ZDpccHJvZ3JhbW1pbmdcYysrXGNvdXJzZXNcc2VjdXJlIGJyb3dzZXJcc2VjdXJlIGJyb3dzZXIgdjAuOS41ICgyLjIpXHNlY3VyZWJyb3dzZXJcd2ViY2FtZXJhXGZyYW1lLmg6NTA=
CQ==
RnJhbWUgbm90IHZhbGlk
CQ==
W0Vycm9yXQk=
RnJpIEp1bCAyNyAxODowMToxOCAyMDE4Cg==
CQ==
ZDpccHJvZ3JhbW1pbmdcYysrXGNvdXJzZXNcc2VjdXJlIGJyb3dzZXJcc2VjdXJlIGJyb3dzZXIgdjAuOS41ICgyLjIpXHNlY3VyZWJyb3dzZXJcd2ViY2FtZXJhXGZyYW1lLmg6NTA=
CQ==
RnJhbWUgbm90IHZhbGlk
CQ==
W0Vycm9yXQk=
RnJpIEp1bCAyNyAxODowMToxOSAyMDE4Cg==
CQ==
ZDpccHJvZ3JhbW1pbmdcYysrXGNvdXJzZXNcc2VjdXJlIGJyb3dzZXJcc2VjdXJlIGJyb3dzZXIgdjAuOS41ICgyLjIpXHNlY3VyZWJyb3dzZXJcd2ViY2FtZXJhXGZhY2VkZXRlY3Rvci5jcHA6NTI=
CQ==
RmFjZURldGVjdG9yIHRocmVhZCB3aWxsIGJlIHN0b3BwZWQu
CQ==
W0Vycm9yXQk=
RnJpIEp1bCAyNyAxODowMTo0MCAyMDE4Cg==
CQ==
ZDpccHJvZ3JhbW1pbmdcYysrXGNvdXJzZXNcc2VjdXJlIGJyb3dzZXJcc2VjdXJlIGJyb3dzZXIgdjAuOS41ICgyLjIpXHNlY3VyZWJyb3dzZXJccmVzdGNsaWVudFxyZXN0Y2xpZW50LmNwcDo2Mg==
CQ==
V2luSHR0cFNlbmRSZXF1ZXN0OiAxMjAyOSAoTm8gaW50ZXJuZXQgY29ubmVjdGlvbik=
CQ==
W0luZm9dCQ==
RnJpIEp1bCAyNyAxODoyNTo0OSAyMDE4Cg==
CQ==
ZDpccHJvZ3JhbW1pbmdcYysrXGNvdXJzZXNcc2VjdXJlIGJyb3dzZXJcc2VjdXJlIGJyb3dzZXIgdjAuOS41ICgyLjIpXHNlY3VyZWJyb3dzZXJcd2ViYnJvd3Nlcm1haW5cdmVyaWZ5bGluay5jcHA6NTE=
CQ==
U3VjY2Vzc2Z1bCBpbnB1dCBsaW5rIHZlcmlmaWNhdGlvbg==
CQ==
W0luZm9dCQ==
RnJpIEp1bCAyNyAxODoyNTo0OSAyMDE4Cg==
CQ==
ZDpccHJvZ3JhbW1pbmdcYysrXGNvdXJzZXNcc2VjdXJlIGJyb3dzZXJcc2VjdXJlIGJyb3dzZXIgdjAuOS41ICgyLjIpXHNlY3VyZWJyb3dzZXJcd2ViYnJvd3Nlcm1haW5caGFuZGxlc2Vzc2lvbi5jcHA6Mzk=
CQ==
U3VjY2Vzc2Z1bCB1c2VyIHNlc3Npb24gdmVyaWZpY2F0aW9u
CQ==
W0luZm9dCQ==
RnJpIEp1bCAyNyAxODoyNTo1MCAyMDE4Cg==
CQ==
ZDpccHJvZ3JhbW1pbmdcYysrXGNvdXJzZXNcc2VjdXJlIGJyb3dzZXJcc2VjdXJlIGJyb3dzZXIgdjAuOS41ICgyLjIpXHNlY3VyZWJyb3dzZXJcd2ViYnJvd3Nlcm1haW5cYXV0aGVudGljYXRpb253aW5kb3cuY3BwOjI3
CQ==
RGVmYXVsdCBjYW1lcmEgaGFzIG9wZW5lZCBzdWNjY2VzZnVsbHk=
CQ==
W0luZm9dCQ==
RnJpIEp1bCAyNyAxODoyNTo1MCAyMDE4Cg==
CQ==
ZDpccHJvZ3JhbW1pbmdcYysrXGNvdXJzZXNcc2VjdXJlIGJyb3dzZXJcc2VjdXJlIGJyb3dzZXIgdjAuOS41ICgyLjIpXHNlY3VyZWJyb3dzZXJcd2ViYnJvd3Nlcm1haW5caGFuZGxlbW9uaXRvcnMuY3BwOjQ4
CQ==
U3VjY2Vzc2Z1bCB1c2VyIHZlcmlmaWNhdGlvbiBvbiBjb25uZWN0ZWQgbW9uaXRvcnM=
CQ==
W0luZm9dCQ==
RnJpIEp1bCAyNyAxODoyNTo1MCAyMDE4Cg==
CQ==
ZDpccHJvZ3JhbW1pbmdcYysrXGNvdXJzZXNcc2VjdXJlIGJyb3dzZXJcc2VjdXJlIGJyb3dzZXIgdjAuOS41ICgyLjIpXHNlY3VyZWJyb3dzZXJcd2ViYnJvd3Nlcm1haW5cd2lubWFpbi5jcHA6NDU=
CQ==
QWxsIHN0YWdlcyBvZiB0aGUgdmVyaWZ5aW5nIGFyZSBzdWNjZXNzZnVsbHkgcGFzc2VkLCBjcmVhdGluZyBhIGJyb3dzZXIgd2luZG93
CQ==
W0luZm9dCQ==
RnJpIEp1bCAyNyAxODoyNjoxNyAyMDE4Cg==
CQ==
ZDpccHJvZ3JhbW1pbmdcYysrXGNvdXJzZXNcc2VjdXJlIGJyb3dzZXJcc2VjdXJlIGJyb3dzZXIgdjAuOS41ICgyLjIpXHNlY3VyZWJyb3dzZXJcd2ViYnJvd3Nlcm1haW5cYXV0aGVudGljYXRpb253aW5kb3cuY3BwOjI1Ng==
CQ==
U3R1ZGVudCBoYXMgc3VibWl0ZWQgaGlzIElEIHBob3Rv
CQ==
W0luZm9dCQ==
RnJpIEp1bCAyNyAxODoyNjoxNyAyMDE4Cg==
CQ==
ZDpccHJvZ3JhbW1pbmdcYysrXGNvdXJzZXNcc2VjdXJlIGJyb3dzZXJcc2VjdXJlIGJyb3dzZXIgdjAuOS41ICgyLjIpXHNlY3VyZWJyb3dzZXJccmVzdGNsaWVudFxodHRwY2xpZW50LmNwcDo1NQ==
CQ==
RmlsZSBpcyBhdHRhY2hlZA==
CQ==
W0Vycm9yXQk=
RnJpIEp1bCAyNyAxODoyNjozOCAyMDE4Cg==
CQ==
ZDpccHJvZ3JhbW1pbmdcYysrXGNvdXJzZXNcc2VjdXJlIGJyb3dzZXJcc2VjdXJlIGJyb3dzZXIgdjAuOS41ICgyLjIpXHNlY3VyZWJyb3dzZXJccmVzdGNsaWVudFxyZXN0Y2xpZW50LmNwcDozNA==
CQ==
V2luSHR0cFNlbmRSZXF1ZXN0OiAxMjAyOSAoTm8gaW50ZXJuZXQgY29ubmVjdGlvbik=
CQ==
W0luZm9dCQ==
RnJpIEp1bCAyNyAxODoyNjozOCAyMDE4Cg==
CQ==
ZDpccHJvZ3JhbW1pbmdcYysrXGNvdXJzZXNcc2VjdXJlIGJyb3dzZXJcc2VjdXJlIGJyb3dzZXIgdjAuOS41ICgyLjIpXHNlY3VyZWJyb3dzZXJcd2ViYnJvd3Nlcm1haW5cYXV0aGVudGljYXRpb253aW5kb3cuY3BwOjI2MA==
CQ==
VXNlciBzdGFydCB0ZXN0IHBhc3Npbmc=
CQ==
W0luZm9dCQ==
V2VkIEF1ZyAgMSAwODoyMToyNyAyMDE4Cg==
CQ==
ZDpccHJvZ3JhbW1pbmdcYysrXGNvdXJzZXNcc2VjdXJlIGJyb3dzZXJcc2VjdXJlIGJyb3dzZXIgdjAuOS41ICgyLjIpXHNlY3VyZWJyb3dzZXJcd2ViYnJvd3Nlcm1haW5cdmVyaWZ5bGluay5jcHA6NTE=
CQ==
U3VjY2Vzc2Z1bCBpbnB1dCBsaW5rIHZlcmlmaWNhdGlvbg==
CQ==
W0luZm9dCQ==
V2VkIEF1ZyAgMSAwODoyMToyNyAyMDE4Cg==
CQ==
ZDpccHJvZ3JhbW1pbmdcYysrXGNvdXJzZXNcc2VjdXJlIGJyb3dzZXJcc2VjdXJlIGJyb3dzZXIgdjAuOS41ICgyLjIpXHNlY3VyZWJyb3dzZXJcd2ViYnJvd3Nlcm1haW5caGFuZGxlc2Vzc2lvbi5jcHA6Mzk=
CQ==
U3VjY2Vzc2Z1bCB1c2VyIHNlc3Npb24gdmVyaWZpY2F0aW9u
CQ==
W0luZm9dCQ==
V2VkIEF1ZyAgMSAwODoyMTozNiAyMDE4Cg==
CQ==
ZDpccHJvZ3JhbW1pbmdcYysrXGNvdXJzZXNcc2VjdXJlIGJyb3dzZXJcc2VjdXJlIGJyb3dzZXIgdjAuOS41ICgyLjIpXHNlY3VyZWJyb3dzZXJcd2ViYnJvd3Nlcm1haW5cYXV0aGVudGljYXRpb253aW5kb3cuY3BwOjI3
CQ==
RGVmYXVsdCBjYW1lcmEgaGFzIG9wZW5lZCBzdWNjY2VzZnVsbHk=
CQ==
W0luZm9dCQ==
V2VkIEF1ZyAgMSAwODoyMTozNiAyMDE4Cg==
CQ==
ZDpccHJvZ3JhbW1pbmdcYysrXGNvdXJzZXNcc2VjdXJlIGJyb3dzZXJcc2VjdXJlIGJyb3dzZXIgdjAuOS41ICgyLjIpXHNlY3VyZWJyb3dzZXJcd2ViYnJvd3Nlcm1haW5caGFuZGxlbW9uaXRvcnMuY3BwOjQ4
CQ==
U3VjY2Vzc2Z1bCB1c2VyIHZlcmlmaWNhdGlvbiBvbiBjb25uZWN0ZWQgbW9uaXRvcnM=
CQ==
W0luZm9dCQ==
V2VkIEF1ZyAgMSAwODoyMTozNiAyMDE4Cg==
CQ==
ZDpccHJvZ3JhbW1pbmdcYysrXGNvdXJzZXNcc2VjdXJlIGJyb3dzZXJcc2VjdXJlIGJyb3dzZXIgdjAuOS41ICgyLjIpXHNlY3VyZWJyb3dzZXJcd2ViYnJvd3Nlcm1haW5cd2lubWFpbi5jcHA6NDU=
CQ==
QWxsIHN0YWdlcyBvZiB0aGUgdmVyaWZ5aW5nIGFyZSBzdWNjZXNzZnVsbHkgcGFzc2VkLCBjcmVhdGluZyBhIGJyb3dzZXIgd2luZG93
CQ==
W0luZm9dCQ==
V2VkIEF1ZyAgMSAwODoyMTo0OSAyMDE4Cg==
CQ==
ZDpccHJvZ3JhbW1pbmdcYysrXGNvdXJzZXNcc2VjdXJlIGJyb3dzZXJcc2VjdXJlIGJyb3dzZXIgdjAuOS41ICgyLjIpXHNlY3VyZWJyb3dzZXJcd2ViYnJvd3Nlcm1haW5cYXV0aGVudGljYXRpb253aW5kb3cuY3BwOjI1Ng==
CQ==
U3R1ZGVudCBoYXMgc3VibWl0ZWQgaGlzIElEIHBob3Rv
CQ==
W0luZm9dCQ==
V2VkIEF1ZyAgMSAwODoyMTo0OSAyMDE4Cg==
CQ==
ZDpccHJvZ3JhbW1pbmdcYysrXGNvdXJzZXNcc2VjdXJlIGJyb3dzZXJcc2VjdXJlIGJyb3dzZXIgdjAuOS41ICgyLjIpXHNlY3VyZWJyb3dzZXJccmVzdGNsaWVudFxodHRwY2xpZW50LmNwcDo1NQ==
CQ==
RmlsZSBpcyBhdHRhY2hlZA==
CQ==
W0Vycm9yXQk=
V2VkIEF1ZyAgMSAwODoyMjoxMSAyMDE4Cg==
CQ==
ZDpccHJvZ3JhbW1pbmdcYysrXGNvdXJzZXNcc2VjdXJlIGJyb3dzZXJcc2VjdXJlIGJyb3dzZXIgdjAuOS41ICgyLjIpXHNlY3VyZWJyb3dzZXJccmVzdGNsaWVudFxyZXN0Y2xpZW50LmNwcDozNA==
CQ==
V2luSHR0cFNlbmRSZXF1ZXN0OiAxMjAyOSAoTm8gaW50ZXJuZXQgY29ubmVjdGlvbik=
CQ==
W0luZm9dCQ==
V2VkIEF1ZyAgMSAwODoyMjoxMSAyMDE4Cg==
CQ==
ZDpccHJvZ3JhbW1pbmdcYysrXGNvdXJzZXNcc2VjdXJlIGJyb3dzZXJcc2VjdXJlIGJyb3dzZXIgdjAuOS41ICgyLjIpXHNlY3VyZWJyb3dzZXJcd2ViYnJvd3Nlcm1haW5cYXV0aGVudGljYXRpb253aW5kb3cuY3BwOjI2MA==
CQ==
VXNlciBzdGFydCB0ZXN0IHBhc3Npbmc=
CQ==
W0Vycm9yXQk=
V2VkIEF1ZyAgMSAwODoyMjoxMiAyMDE4Cg==
CQ==
ZDpccHJvZ3JhbW1pbmdcYysrXGNvdXJzZXNcc2VjdXJlIGJyb3dzZXJcc2VjdXJlIGJyb3dzZXIgdjAuOS41ICgyLjIpXHNlY3VyZWJyb3dzZXJcd2ViY2FtZXJhXGZyYW1lLmg6NTA=
CQ==
RnJhbWUgbm90IHZhbGlk
CQ==
W0Vycm9yXQk=
V2VkIEF1ZyAgMSAwODoyMjoxMiAyMDE4Cg==
CQ==
ZDpccHJvZ3JhbW1pbmdcYysrXGNvdXJzZXNcc2VjdXJlIGJyb3dzZXJcc2VjdXJlIGJyb3dzZXIgdjAuOS41ICgyLjIpXHNlY3VyZWJyb3dzZXJcd2ViY2FtZXJhXGZyYW1lLmg6NTA=
CQ==
RnJhbWUgbm90IHZhbGlk
CQ==
W0luZm9dCQ==
V2VkIEF1ZyAgMSAwODoyMjoyOSAyMDE4Cg==
CQ==
ZDpccHJvZ3JhbW1pbmdcYysrXGNvdXJzZXNcc2VjdXJlIGJyb3dzZXJcc2VjdXJlIGJyb3dzZXIgdjAuOS41ICgyLjIpXHNlY3VyZWJyb3dzZXJccmVzdGNsaWVudFxodHRwY2xpZW50LmNwcDo1NQ==
CQ==
RmlsZSBpcyBhdHRhY2hlZA==
CQ==
W0Vycm9yXQk=
V2VkIEF1ZyAgMSAwODoyMjozMSAyMDE4Cg==
CQ==
ZDpccHJvZ3JhbW1pbmdcYysrXGNvdXJzZXNcc2VjdXJlIGJyb3dzZXJcc2VjdXJlIGJyb3dzZXIgdjAuOS41ICgyLjIpXHNlY3VyZWJyb3dzZXJcd2ViY2FtZXJhXGZhY2VkZXRlY3Rvci5jcHA6NTI=
CQ==
RmFjZURldGVjdG9yIHRocmVhZCB3aWxsIGJlIHN0b3BwZWQu
CQ==
W0Vycm9yXQk=
V2VkIEF1ZyAgMSAwODoyMjo1MCAyMDE4Cg==
CQ==
ZDpccHJvZ3JhbW1pbmdcYysrXGNvdXJzZXNcc2VjdXJlIGJyb3dzZXJcc2VjdXJlIGJyb3dzZXIgdjAuOS41ICgyLjIpXHNlY3VyZWJyb3dzZXJccmVzdGNsaWVudFxyZXN0Y2xpZW50LmNwcDozNA==
CQ==
V2luSHR0cFNlbmRSZXF1ZXN0OiAxMjAyOSAoTm8gaW50ZXJuZXQgY29ubmVjdGlvbik=
CQ==
W0Vycm9yXQk=
V2VkIEF1ZyAgMSAwODoyMjo1MCAyMDE4Cg==
CQ==
ZDpccHJvZ3JhbW1pbmdcYysrXGNvdXJzZXNcc2VjdXJlIGJyb3dzZXJcc2VjdXJlIGJyb3dzZXIgdjAuOS41ICgyLjIpXHNlY3VyZWJyb3dzZXJcd2ViY2FtZXJhXGZyYW1lLmg6MjE=
CQ==
RnJhbWUgbm90IHZhbGlk
CQ==
W0luZm9dCQ==
V2VkIEF1ZyAgMSAwODoyMjo1MCAyMDE4Cg==
CQ==
ZDpccHJvZ3JhbW1pbmdcYysrXGNvdXJzZXNcc2VjdXJlIGJyb3dzZXJcc2VjdXJlIGJyb3dzZXIgdjAuOS41ICgyLjIpXHNlY3VyZWJyb3dzZXJcd2ViY2FtZXJhXGZhY2VkZXRlY3Rvci5jcHA6Mjg0
CQ==
Tm8gZmFjZSBkZXRlY3RlZC4=
CQ==
W0Vycm9yXQk=
V2VkIEF1ZyAgMSAwODoyMjo1MiAyMDE4Cg==
CQ==
ZDpccHJvZ3JhbW1pbmdcYysrXGNvdXJzZXNcc2VjdXJlIGJyb3dzZXJcc2VjdXJlIGJyb3dzZXIgdjAuOS41ICgyLjIpXHNlY3VyZWJyb3dzZXJccmVzdGNsaWVudFxyZXN0Y2xpZW50LmNwcDo2Mg==
CQ==
V2luSHR0cFNlbmRSZXF1ZXN0OiAxMjAyOSAoTm8gaW50ZXJuZXQgY29ubmVjdGlvbik=
CQ==
