[Unspecified]	Sun Jun 17 12:03:22 2018	d:\programming\c++\courses\trace utility\writing to file\trace utility v8\trace utility v1.0\trace utility v1.0\source.cpp:11 	Text1 
[Warning]	Sun Jun 17 12:03:22 2018	d:\programming\c++\courses\trace utility\writing to file\trace utility v8\trace utility v1.0\trace utility v1.0\source.cpp:12 	Text2 
[Fatal]	Sun Jun 17 12:03:22 2018	d:\programming\c++\courses\trace utility\writing to file\trace utility v8\trace utility v1.0\trace utility v1.0\source.cpp:13 	Text3 
[Debug]	Sun Jun 17 12:03:22 2018	d:\programming\c++\courses\trace utility\writing to file\trace utility v8\trace utility v1.0\trace utility v1.0\source.cpp:14 	Text4 
[Error]	Sun Jun 17 12:03:22 2018	d:\programming\c++\courses\trace utility\writing to file\trace utility v8\trace utility v1.0\trace utility v1.0\source.cpp:15 	Text5 
[Info]	Sun Jun 17 12:03:22 2018	d:\programming\c++\courses\trace utility\writing to file\trace utility v8\trace utility v1.0\trace utility v1.0\source.cpp:16 	Text6 
[Trace]	Sun Jun 17 12:03:22 2018	d:\programming\c++\courses\trace utility\writing to file\trace utility v8\trace utility v1.0\trace utility v1.0\source.cpp:17 	Text7 
[Unspecified]	Sun Jun 17 12:05:11 2018	d:\programming\c++\courses\trace utility\writing to file\trace utility v8\trace utility v1.0\trace utility v1.0\source.cpp:11 	Text1 
[Warning]	Sun Jun 17 12:05:11 2018	d:\programming\c++\courses\trace utility\writing to file\trace utility v8\trace utility v1.0\trace utility v1.0\source.cpp:12 	Text2 
[Fatal]	Sun Jun 17 12:05:11 2018	d:\programming\c++\courses\trace utility\writing to file\trace utility v8\trace utility v1.0\trace utility v1.0\source.cpp:13 	Text3 
[Debug]	Sun Jun 17 12:05:11 2018	d:\programming\c++\courses\trace utility\writing to file\trace utility v8\trace utility v1.0\trace utility v1.0\source.cpp:14 	Text4 
[Error]	Sun Jun 17 12:05:11 2018	d:\programming\c++\courses\trace utility\writing to file\trace utility v8\trace utility v1.0\trace utility v1.0\source.cpp:15 	Text5 
[Info]	Sun Jun 17 12:05:11 2018	d:\programming\c++\courses\trace utility\writing to file\trace utility v8\trace utility v1.0\trace utility v1.0\source.cpp:16 	Text6 
[Trace]	Sun Jun 17 12:05:11 2018	d:\programming\c++\courses\trace utility\writing to file\trace utility v8\trace utility v1.0\trace utility v1.0\source.cpp:17 	Text7 
[Unspecified]	Sun Jun 17 12:03:22 2018	d:\programming\c++\courses\trace utility\writing to file\trace utility v8\trace utility v1.0\trace utility v1.0\source.cpp:11 	Text1 
[Warning]	Sun Jun 17 12:03:22 2018	d:\programming\c++\courses\trace utility\writing to file\trace utility v8\trace utility v1.0\trace utility v1.0\source.cpp:12 	Text2 
[Fatal]	Sun Jun 17 12:03:22 2018	d:\programming\c++\courses\trace utility\writing to file\trace utility v8\trace utility v1.0\trace utility v1.0\source.cpp:13 	Text3 
[Debug]	Sun Jun 17 12:03:22 2018	d:\programming\c++\courses\trace utility\writing to file\trace utility v8\trace utility v1.0\trace utility v1.0\source.cpp:14 	Text4 
[Error]	Sun Jun 17 12:03:22 2018	d:\programming\c++\courses\trace utility\writing to file\trace utility v8\trace utility v1.0\trace utility v1.0\source.cpp:15 	Text5 
[Info]	Sun Jun 17 12:03:22 2018	d:\programming\c++\courses\trace utility\writing to file\trace utility v8\trace utility v1.0\trace utility v1.0\source.cpp:16 	Text6 
[Trace]	Sun Jun 17 12:03:22 2018	d:\programming\c++\courses\trace utility\writing to file\trace utility v8\trace utility v1.0\trace utility v1.0\source.cpp:17 	Text7 
[Unspecified]	Sun Jun 17 12:05:11 2018	d:\programming\c++\courses\trace utility\writing to file\trace utility v8\trace utility v1.0\trace utility v1.0\source.cpp:11 	Text1 
[Warning]	Sun Jun 17 12:05:11 2018	d:\programming\c++\courses\trace utility\writing to file\trace utility v8\trace utility v1.0\trace utility v1.0\source.cpp:12 	Text2 
[Fatal]	Sun Jun 17 12:05:11 2018	d:\programming\c++\courses\trace utility\writing to file\trace utility v8\trace utility v1.0\trace utility v1.0\source.cpp:13 	Text3 
[Debug]	Sun Jun 17 12:05:11 2018	d:\programming\c++\courses\trace utility\writing to file\trace utility v8\trace utility v1.0\trace utility v1.0\source.cpp:14 	Text4 
[Error]	Sun Jun 17 12:05:11 2018	d:\programming\c++\courses\trace utility\writing to file\trace utility v8\trace utility v1.0\trace utility v1.0\source.cpp:15 	Text5 
[Info]	Sun Jun 17 12:05:11 2018	d:\programming\c++\courses\trace utility\writing to file\trace utility v8\trace utility v1.0\trace utility v1.0\source.cpp:16 	Text6 
[Trace]	Sun Jun 17 12:05:11 2018	d:\programming\c++\courses\trace utility\writing to file\trace utility v8\trace utility v1.0\trace utility v1.0\source.cpp:17 	Text7 
[Unspecified]	Sun Jun 17 12:03:22 2018	d:\programming\c++\courses\trace utility\writing to file\trace utility v8\trace utility v1.0\trace utility v1.0\source.cpp:11 	Text1 
[Warning]	Sun Jun 17 12:03:22 2018	d:\programming\c++\courses\trace utility\writing to file\trace utility v8\trace utility v1.0\trace utility v1.0\source.cpp:12 	Text2 
[Fatal]	Sun Jun 17 12:03:22 2018	d:\programming\c++\courses\trace utility\writing to file\trace utility v8\trace utility v1.0\trace utility v1.0\source.cpp:13 	Text3 
[Debug]	Sun Jun 17 12:03:22 2018	d:\programming\c++\courses\trace utility\writing to file\trace utility v8\trace utility v1.0\trace utility v1.0\source.cpp:14 	Text4 
[Error]	Sun Jun 17 12:03:22 2018	d:\programming\c++\courses\trace utility\writing to file\trace utility v8\trace utility v1.0\trace utility v1.0\source.cpp:15 	Text5 
[Info]	Sun Jun 17 12:03:22 2018	d:\programming\c++\courses\trace utility\writing to file\trace utility v8\trace utility v1.0\trace utility v1.0\source.cpp:16 	Text6 
[Trace]	Sun Jun 17 12:03:22 2018	d:\programming\c++\courses\trace utility\writing to file\trace utility v8\trace utility v1.0\trace utility v1.0\source.cpp:17 	Text7 
[Unspecified]	Sun Jun 17 12:05:11 2018	d:\programming\c++\courses\trace utility\writing to file\trace utility v8\trace utility v1.0\trace utility v1.0\source.cpp:11 	Text1 
[Warning]	Sun Jun 17 12:05:11 2018	d:\programming\c++\courses\trace utility\writing to file\trace utility v8\trace utility v1.0\trace utility v1.0\source.cpp:12 	Text2 
[Fatal]	Sun Jun 17 12:05:11 2018	d:\programming\c++\courses\trace utility\writing to file\trace utility v8\trace utility v1.0\trace utility v1.0\source.cpp:13 	Text3 
[Debug]	Sun Jun 17 12:05:11 2018	d:\programming\c++\courses\trace utility\writing to file\trace utility v8\trace utility v1.0\trace utility v1.0\source.cpp:14 	Text4 
[Error]	Sun Jun 17 12:05:11 2018	d:\programming\c++\courses\trace utility\writing to file\trace utility v8\trace utility v1.0\trace utility v1.0\source.cpp:15 	Text5 
[Info]	Sun Jun 17 12:05:11 2018	d:\programming\c++\courses\trace utility\writing to file\trace utility v8\trace utility v1.0\trace utility v1.0\source.cpp:16 	Text6 
[Trace]	Sun Jun 17 12:05:11 2018	d:\programming\c++\courses\trace utility\writing to file\trace utility v8\trace utility v1.0\trace utility v1.0\source.cpp:17 	Text7 
[Unspecified]	Sun Jun 17 12:03:22 2018	d:\programming\c++\courses\trace utility\writing to file\trace utility v8\trace utility v1.0\trace utility v1.0\source.cpp:11 	Text1 
[Warning]	Sun Jun 17 12:03:22 2018	d:\programming\c++\courses\trace utility\writing to file\trace utility v8\trace utility v1.0\trace utility v1.0\source.cpp:12 	Text2 
[Fatal]	Sun Jun 17 12:03:22 2018	d:\programming\c++\courses\trace utility\writing to file\trace utility v8\trace utility v1.0\trace utility v1.0\source.cpp:13 	Text3 
[Debug]	Sun Jun 17 12:03:22 2018	d:\programming\c++\courses\trace utility\writing to file\trace utility v8\trace utility v1.0\trace utility v1.0\source.cpp:14 	Text4 
[Error]	Sun Jun 17 12:03:22 2018	d:\programming\c++\courses\trace utility\writing to file\trace utility v8\trace utility v1.0\trace utility v1.0\source.cpp:15 	Text5 
[Info]	Sun Jun 17 12:03:22 2018	d:\programming\c++\courses\trace utility\writing to file\trace utility v8\trace utility v1.0\trace utility v1.0\source.cpp:16 	Text6 
[Trace]	Sun Jun 17 12:03:22 2018	d:\programming\c++\courses\trace utility\writing to file\trace utility v8\trace utility v1.0\trace utility v1.0\source.cpp:17 	Text7 
[Unspecified]	Sun Jun 17 12:05:11 2018	d:\programming\c++\courses\trace utility\writing to file\trace utility v8\trace utility v1.0\trace utility v1.0\source.cpp:11 	Text1 
[Warning]	Sun Jun 17 12:05:11 2018	d:\programming\c++\courses\trace utility\writing to file\trace utility v8\trace utility v1.0\trace utility v1.0\source.cpp:12 	Text2 
[Fatal]	Sun Jun 17 12:05:11 2018	d:\programming\c++\courses\trace utility\writing to file\trace utility v8\trace utility v1.0\trace utility v1.0\source.cpp:13 	Text3 
[Debug]	Sun Jun 17 12:05:11 2018	d:\programming\c++\courses\trace utility\writing to file\trace utility v8\trace utility v1.0\trace utility v1.0\source.cpp:14 	Text4 
[Error]	Sun Jun 17 12:05:11 2018	d:\programming\c++\courses\trace utility\writing to file\trace utility v8\trace utility v1.0\trace utility v1.0\source.cpp:15 	Text5 
[Info]	Sun Jun 17 12:05:11 2018	d:\programming\c++\courses\trace utility\writing to file\trace utility v8\trace utility v1.0\trace utility v1.0\source.cpp:16 	Text6 
[Trace]	Sun Jun 17 12:05:11 2018	d:\programming\c++\courses\trace utility\writing to file\trace utility v8\trace utility v1.0\trace utility v1.0\source.cpp:17 	Text7 
[Unspecified]	Sun Jun 17 12:03:22 2018	d:\programming\c++\courses\trace utility\writing to file\trace utility v8\trace utility v1.0\trace utility v1.0\source.cpp:11 	Text1 
[Warning]	Sun Jun 17 12:03:22 2018	d:\programming\c++\courses\trace utility\writing to file\trace utility v8\trace utility v1.0\trace utility v1.0\source.cpp:12 	Text2 
[Fatal]	Sun Jun 17 12:03:22 2018	d:\programming\c++\courses\trace utility\writing to file\trace utility v8\trace utility v1.0\trace utility v1.0\source.cpp:13 	Text3 
[Debug]	Sun Jun 17 12:03:22 2018	d:\programming\c++\courses\trace utility\writing to file\trace utility v8\trace utility v1.0\trace utility v1.0\source.cpp:14 	Text4 
[Error]	Sun Jun 17 12:03:22 2018	d:\programming\c++\courses\trace utility\writing to file\trace utility v8\trace utility v1.0\trace utility v1.0\source.cpp:15 	Text5 
[Info]	Sun Jun 17 12:03:22 2018	d:\programming\c++\courses\trace utility\writing to file\trace utility v8\trace utility v1.0\trace utility v1.0\source.cpp:16 	Text6 
[Trace]	Sun Jun 17 12:03:22 2018	d:\programming\c++\courses\trace utility\writing to file\trace utility v8\trace utility v1.0\trace utility v1.0\source.cpp:17 	Text7 
[Unspecified]	Sun Jun 17 12:05:11 2018	d:\programming\c++\courses\trace utility\writing to file\trace utility v8\trace utility v1.0\trace utility v1.0\source.cpp:11 	Text1 
[Warning]	Sun Jun 17 12:05:11 2018	d:\programming\c++\courses\trace utility\writing to file\trace utility v8\trace utility v1.0\trace utility v1.0\source.cpp:12 	Text2 
[Fatal]	Sun Jun 17 12:05:11 2018	d:\programming\c++\courses\trace utility\writing to file\trace utility v8\trace utility v1.0\trace utility v1.0\source.cpp:13 	Text3 
[Debug]	Sun Jun 17 12:05:11 2018	d:\programming\c++\courses\trace utility\writing to file\trace utility v8\trace utility v1.0\trace utility v1.0\source.cpp:14 	Text4 
[Error]	Sun Jun 17 12:05:11 2018	d:\programming\c++\courses\trace utility\writing to file\trace utility v8\trace utility v1.0\trace utility v1.0\source.cpp:15 	Text5 
[Info]	Sun Jun 17 12:05:11 2018	d:\programming\c++\courses\trace utility\writing to file\trace utility v8\trace utility v1.0\trace utility v1.0\source.cpp:16 	Text6 
[Trace]	Sun Jun 17 12:05:11 2018	d:\programming\c++\courses\trace utility\writing to file\trace utility v8\trace utility v1.0\trace utility v1.0\source.cpp:17 	Text7 
[Unspecified]	Sun Jun 17 12:03:22 2018	d:\programming\c++\courses\trace utility\writing to file\trace utility v8\trace utility v1.0\trace utility v1.0\source.cpp:11 	Text1 
[Warning]	Sun Jun 17 12:03:22 2018	d:\programming\c++\courses\trace utility\writing to file\trace utility v8\trace utility v1.0\trace utility v1.0\source.cpp:12 	Text2 
[Fatal]	Sun Jun 17 12:03:22 2018	d:\programming\c++\courses\trace utility\writing to file\trace utility v8\trace utility v1.0\trace utility v1.0\source.cpp:13 	Text3 
[Debug]	Sun Jun 17 12:03:22 2018	d:\programming\c++\courses\trace utility\writing to file\trace utility v8\trace utility v1.0\trace utility v1.0\source.cpp:14 	Text4 
[Error]	Sun Jun 17 12:03:22 2018	d:\programming\c++\courses\trace utility\writing to file\trace utility v8\trace utility v1.0\trace utility v1.0\source.cpp:15 	Text5 
[Info]	Sun Jun 17 12:03:22 2018	d:\programming\c++\courses\trace utility\writing to file\trace utility v8\trace utility v1.0\trace utility v1.0\source.cpp:16 	Text6 
[Trace]	Sun Jun 17 12:03:22 2018	d:\programming\c++\courses\trace utility\writing to file\trace utility v8\trace utility v1.0\trace utility v1.0\source.cpp:17 	Text7 
[Unspecified]	Sun Jun 17 12:05:11 2018	d:\programming\c++\courses\trace utility\writing to file\trace utility v8\trace utility v1.0\trace utility v1.0\source.cpp:11 	Text1 
[Warning]	Sun Jun 17 12:05:11 2018	d:\programming\c++\courses\trace utility\writing to file\trace utility v8\trace utility v1.0\trace utility v1.0\source.cpp:12 	Text2 
[Fatal]	Sun Jun 17 12:05:11 2018	d:\programming\c++\courses\trace utility\writing to file\trace utility v8\trace utility v1.0\trace utility v1.0\source.cpp:13 	Text3 
[Debug]	Sun Jun 17 12:05:11 2018	d:\programming\c++\courses\trace utility\writing to file\trace utility v8\trace utility v1.0\trace utility v1.0\source.cpp:14 	Text4 
[Error]	Sun Jun 17 12:05:11 2018	d:\programming\c++\courses\trace utility\writing to file\trace utility v8\trace utility v1.0\trace utility v1.0\source.cpp:15 	Text5 
[Info]	Sun Jun 17 12:05:11 2018	d:\programming\c++\courses\trace utility\writing to file\trace utility v8\trace utility v1.0\trace utility v1.0\source.cpp:16 	Text6 
[Trace]	Sun Jun 17 12:05:11 2018	d:\programming\c++\courses\trace utility\writing to file\trace utility v8\trace utility v1.0\trace utility v1.0\source.cpp:17 	Text7 
[Unspecified]	Sun Jun 17 12:03:22 2018	d:\programming\c++\courses\trace utility\writing to file\trace utility v8\trace utility v1.0\trace utility v1.0\source.cpp:11 	Text1 
[Warning]	Sun Jun 17 12:03:22 2018	d:\programming\c++\courses\trace utility\writing to file\trace utility v8\trace utility v1.0\trace utility v1.0\source.cpp:12 	Text2 
[Fatal]	Sun Jun 17 12:03:22 2018	d:\programming\c++\courses\trace utility\writing to file\trace utility v8\trace utility v1.0\trace utility v1.0\source.cpp:13 	Text3 
[Debug]	Sun Jun 17 12:03:22 2018	d:\programming\c++\courses\trace utility\writing to file\trace utility v8\trace utility v1.0\trace utility v1.0\source.cpp:14 	Text4 
[Error]	Sun Jun 17 12:03:22 2018	d:\programming\c++\courses\trace utility\writing to file\trace utility v8\trace utility v1.0\trace utility v1.0\source.cpp:15 	Text5 
[Info]	Sun Jun 17 12:03:22 2018	d:\programming\c++\courses\trace utility\writing to file\trace utility v8\trace utility v1.0\trace utility v1.0\source.cpp:16 	Text6 
[Trace]	Sun Jun 17 12:03:22 2018	d:\programming\c++\courses\trace utility\writing to file\trace utility v8\trace utility v1.0\trace utility v1.0\source.cpp:17 	Text7 
[Unspecified]	Sun Jun 17 12:05:11 2018	d:\programming\c++\courses\trace utility\writing to file\trace utility v8\trace utility v1.0\trace utility v1.0\source.cpp:11 	Text1 
[Warning]	Sun Jun 17 12:05:11 2018	d:\programming\c++\courses\trace utility\writing to file\trace utility v8\trace utility v1.0\trace utility v1.0\source.cpp:12 	Text2 
[Fatal]	Sun Jun 17 12:05:11 2018	d:\programming\c++\courses\trace utility\writing to file\trace utility v8\trace utility v1.0\trace utility v1.0\source.cpp:13 	Text3 
[Debug]	Sun Jun 17 12:05:11 2018	d:\programming\c++\courses\trace utility\writing to file\trace utility v8\trace utility v1.0\trace utility v1.0\source.cpp:14 	Text4 
[Error]	Sun Jun 17 12:05:11 2018	d:\programming\c++\courses\trace utility\writing to file\trace utility v8\trace utility v1.0\trace utility v1.0\source.cpp:15 	Text5 
[Info]	Sun Jun 17 12:05:11 2018	d:\programming\c++\courses\trace utility\writing to file\trace utility v8\trace utility v1.0\trace utility v1.0\source.cpp:16 	Text6 
[Trace]	Sun Jun 17 12:05:11 2018	d:\programming\c++\courses\trace utility\writing to file\trace utility v8\trace utility v1.0\trace utility v1.0\source.cpp:17 	Text7 
[Unspecified]	Sun Jun 17 12:03:22 2018	d:\programming\c++\courses\trace utility\writing to file\trace utility v8\trace utility v1.0\trace utility v1.0\source.cpp:11 	Text1 
[Warning]	Sun Jun 17 12:03:22 2018	d:\programming\c++\courses\trace utility\writing to file\trace utility v8\trace utility v1.0\trace utility v1.0\source.cpp:12 	Text2 
[Fatal]	Sun Jun 17 12:03:22 2018	d:\programming\c++\courses\trace utility\writing to file\trace utility v8\trace utility v1.0\trace utility v1.0\source.cpp:13 	Text3 
[Debug]	Sun Jun 17 12:03:22 2018	d:\programming\c++\courses\trace utility\writing to file\trace utility v8\trace utility v1.0\trace utility v1.0\source.cpp:14 	Text4 
[Error]	Sun Jun 17 12:03:22 2018	d:\programming\c++\courses\trace utility\writing to file\trace utility v8\trace utility v1.0\trace utility v1.0\source.cpp:15 	Text5 
[Info]	Sun Jun 17 12:03:22 2018	d:\programming\c++\courses\trace utility\writing to file\trace utility v8\trace utility v1.0\trace utility v1.0\source.cpp:16 	Text6 
[Trace]	Sun Jun 17 12:03:22 2018	d:\programming\c++\courses\trace utility\writing to file\trace utility v8\trace utility v1.0\trace utility v1.0\source.cpp:17 	Text7 
[Unspecified]	Sun Jun 17 12:05:11 2018	d:\programming\c++\courses\trace utility\writing to file\trace utility v8\trace utility v1.0\trace utility v1.0\source.cpp:11 	Text1 
[Warning]	Sun Jun 17 12:05:11 2018	d:\programming\c++\courses\trace utility\writing to file\trace utility v8\trace utility v1.0\trace utility v1.0\source.cpp:12 	Text2 
[Fatal]	Sun Jun 17 12:05:11 2018	d:\programming\c++\courses\trace utility\writing to file\trace utility v8\trace utility v1.0\trace utility v1.0\source.cpp:13 	Text3 
[Debug]	Sun Jun 17 12:05:11 2018	d:\programming\c++\courses\trace utility\writing to file\trace utility v8\trace utility v1.0\trace utility v1.0\source.cpp:14 	Text4 
[Error]	Sun Jun 17 12:05:11 2018	d:\programming\c++\courses\trace utility\writing to file\trace utility v8\trace utility v1.0\trace utility v1.0\source.cpp:15 	Text5 
[Info]	Sun Jun 17 12:05:11 2018	d:\programming\c++\courses\trace utility\writing to file\trace utility v8\trace utility v1.0\trace utility v1.0\source.cpp:16 	Text6 
[Trace]	Sun Jun 17 12:05:11 2018	d:\programming\c++\courses\trace utility\writing to file\trace utility v8\trace utility v1.0\trace utility v1.0\source.cpp:17 	Text7 
[Unspecified]	Sun Jun 17 12:03:22 2018	d:\programming\c++\courses\trace utility\writing to file\trace utility v8\trace utility v1.0\trace utility v1.0\source.cpp:11 	Text1 
[Warning]	Sun Jun 17 12:03:22 2018	d:\programming\c++\courses\trace utility\writing to file\trace utility v8\trace utility v1.0\trace utility v1.0\source.cpp:12 	Text2 
[Fatal]	Sun Jun 17 12:03:22 2018	d:\programming\c++\courses\trace utility\writing to file\trace utility v8\trace utility v1.0\trace utility v1.0\source.cpp:13 	Text3 
[Debug]	Sun Jun 17 12:03:22 2018	d:\programming\c++\courses\trace utility\writing to file\trace utility v8\trace utility v1.0\trace utility v1.0\source.cpp:14 	Text4 
[Error]	Sun Jun 17 12:03:22 2018	d:\programming\c++\courses\trace utility\writing to file\trace utility v8\trace utility v1.0\trace utility v1.0\source.cpp:15 	Text5 
[Info]	Sun Jun 17 12:03:22 2018	d:\programming\c++\courses\trace utility\writing to file\trace utility v8\trace utility v1.0\trace utility v1.0\source.cpp:16 	Text6 
[Trace]	Sun Jun 17 12:03:22 2018	d:\programming\c++\courses\trace utility\writing to file\trace utility v8\trace utility v1.0\trace utility v1.0\source.cpp:17 	Text7 
[Unspecified]	Sun Jun 17 12:05:11 2018	d:\programming\c++\courses\trace utility\writing to file\trace utility v8\trace utility v1.0\trace utility v1.0\source.cpp:11 	Text1 
[Warning]	Sun Jun 17 12:05:11 2018	d:\programming\c++\courses\trace utility\writing to file\trace utility v8\trace utility v1.0\trace utility v1.0\source.cpp:12 	Text2 
[Fatal]	Sun Jun 17 12:05:11 2018	d:\programming\c++\courses\trace utility\writing to file\trace utility v8\trace utility v1.0\trace utility v1.0\source.cpp:13 	Text3 
[Debug]	Sun Jun 17 12:05:11 2018	d:\programming\c++\courses\trace utility\writing to file\trace utility v8\trace utility v1.0\trace utility v1.0\source.cpp:14 	Text4 
[Error]	Sun Jun 17 12:05:11 2018	d:\programming\c++\courses\trace utility\writing to file\trace utility v8\trace utility v1.0\trace utility v1.0\source.cpp:15 	Text5 
[Info]	Sun Jun 17 12:05:11 2018	d:\programming\c++\courses\trace utility\writing to file\trace utility v8\trace utility v1.0\trace utility v1.0\source.cpp:16 	Text6 
[Trace]	Sun Jun 17 12:05:11 2018	d:\programming\c++\courses\trace utility\writing to file\trace utility v8\trace utility v1.0\trace utility v1.0\source.cpp:17 	Text7 
[Unspecified]	Sun Jun 17 12:03:22 2018	d:\programming\c++\courses\trace utility\writing to file\trace utility v8\trace utility v1.0\trace utility v1.0\source.cpp:11 	Text1 
[Warning]	Sun Jun 17 12:03:22 2018	d:\programming\c++\courses\trace utility\writing to file\trace utility v8\trace utility v1.0\trace utility v1.0\source.cpp:12 	Text2 
[Fatal]	Sun Jun 17 12:03:22 2018	d:\programming\c++\courses\trace utility\writing to file\trace utility v8\trace utility v1.0\trace utility v1.0\source.cpp:13 	Text3 
[Debug]	Sun Jun 17 12:03:22 2018	d:\programming\c++\courses\trace utility\writing to file\trace utility v8\trace utility v1.0\trace utility v1.0\source.cpp:14 	Text4 
[Error]	Sun Jun 17 12:03:22 2018	d:\programming\c++\courses\trace utility\writing to file\trace utility v8\trace utility v1.0\trace utility v1.0\source.cpp:15 	Text5 
[Info]	Sun Jun 17 12:03:22 2018	d:\programming\c++\courses\trace utility\writing to file\trace utility v8\trace utility v1.0\trace utility v1.0\source.cpp:16 	Text6 
[Trace]	Sun Jun 17 12:03:22 2018	d:\programming\c++\courses\trace utility\writing to file\trace utility v8\trace utility v1.0\trace utility v1.0\source.cpp:17 	Text7 
[Unspecified]	Sun Jun 17 12:05:11 2018	d:\programming\c++\courses\trace utility\writing to file\trace utility v8\trace utility v1.0\trace utility v1.0\source.cpp:11 	Text1 
[Warning]	Sun Jun 17 12:05:11 2018	d:\programming\c++\courses\trace utility\writing to file\trace utility v8\trace utility v1.0\trace utility v1.0\source.cpp:12 	Text2 
[Fatal]	Sun Jun 17 12:05:11 2018	d:\programming\c++\courses\trace utility\writing to file\trace utility v8\trace utility v1.0\trace utility v1.0\source.cpp:13 	Text3 
[Debug]	Sun Jun 17 12:05:11 2018	d:\programming\c++\courses\trace utility\writing to file\trace utility v8\trace utility v1.0\trace utility v1.0\source.cpp:14 	Text4 
[Error]	Sun Jun 17 12:05:11 2018	d:\programming\c++\courses\trace utility\writing to file\trace utility v8\trace utility v1.0\trace utility v1.0\source.cpp:15 	Text5 
[Info]	Sun Jun 17 12:05:11 2018	d:\programming\c++\courses\trace utility\writing to file\trace utility v8\trace utility v1.0\trace utility v1.0\source.cpp:16 	Text6 
[Trace]	Sun Jun 17 12:05:11 2018	d:\programming\c++\courses\trace utility\writing to file\trace utility v8\trace utility v1.0\trace utility v1.0\source.cpp:17 	Text7 
[Unspecified]	Sun Jun 17 12:03:22 2018	d:\programming\c++\courses\trace utility\writing to file\trace utility v8\trace utility v1.0\trace utility v1.0\source.cpp:11 	Text1 
[Warning]	Sun Jun 17 12:03:22 2018	d:\programming\c++\courses\trace utility\writing to file\trace utility v8\trace utility v1.0\trace utility v1.0\source.cpp:12 	Text2 
[Fatal]	Sun Jun 17 12:03:22 2018	d:\programming\c++\courses\trace utility\writing to file\trace utility v8\trace utility v1.0\trace utility v1.0\source.cpp:13 	Text3 
[Debug]	Sun Jun 17 12:03:22 2018	d:\programming\c++\courses\trace utility\writing to file\trace utility v8\trace utility v1.0\trace utility v1.0\source.cpp:14 	Text4 
[Error]	Sun Jun 17 12:03:22 2018	d:\programming\c++\courses\trace utility\writing to file\trace utility v8\trace utility v1.0\trace utility v1.0\source.cpp:15 	Text5 
[Info]	Sun Jun 17 12:03:22 2018	d:\programming\c++\courses\trace utility\writing to file\trace utility v8\trace utility v1.0\trace utility v1.0\source.cpp:16 	Text6 
[Trace]	Sun Jun 17 12:03:22 2018	d:\programming\c++\courses\trace utility\writing to file\trace utility v8\trace utility v1.0\trace utility v1.0\source.cpp:17 	Text7 
[Unspecified]	Sun Jun 17 12:05:11 2018	d:\programming\c++\courses\trace utility\writing to file\trace utility v8\trace utility v1.0\trace utility v1.0\source.cpp:11 	Text1 
[Warning]	Sun Jun 17 12:05:11 2018	d:\programming\c++\courses\trace utility\writing to file\trace utility v8\trace utility v1.0\trace utility v1.0\source.cpp:12 	Text2 
[Fatal]	Sun Jun 17 12:05:11 2018	d:\programming\c++\courses\trace utility\writing to file\trace utility v8\trace utility v1.0\trace utility v1.0\source.cpp:13 	Text3 
[Debug]	Sun Jun 17 12:05:11 2018	d:\programming\c++\courses\trace utility\writing to file\trace utility v8\trace utility v1.0\trace utility v1.0\source.cpp:14 	Text4 
[Error]	Sun Jun 17 12:05:11 2018	d:\programming\c++\courses\trace utility\writing to file\trace utility v8\trace utility v1.0\trace utility v1.0\source.cpp:15 	Text5 
[Info]	Sun Jun 17 12:05:11 2018	d:\programming\c++\courses\trace utility\writing to file\trace utility v8\trace utility v1.0\trace utility v1.0\source.cpp:16 	Text6 
[Trace]	Sun Jun 17 12:05:11 2018	d:\programming\c++\courses\trace utility\writing to file\trace utility v8\trace utility v1.0\trace utility v1.0\source.cpp:17 	Text7 
[Unspecified]	Sun Jun 17 12:03:22 2018	d:\programming\c++\courses\trace utility\writing to file\trace utility v8\trace utility v1.0\trace utility v1.0\source.cpp:11 	Text1 
[Warning]	Sun Jun 17 12:03:22 2018	d:\programming\c++\courses\trace utility\writing to file\trace utility v8\trace utility v1.0\trace utility v1.0\source.cpp:12 	Text2 
[Fatal]	Sun Jun 17 12:03:22 2018	d:\programming\c++\courses\trace utility\writing to file\trace utility v8\trace utility v1.0\trace utility v1.0\source.cpp:13 	Text3 
[Debug]	Sun Jun 17 12:03:22 2018	d:\programming\c++\courses\trace utility\writing to file\trace utility v8\trace utility v1.0\trace utility v1.0\source.cpp:14 	Text4 
[Error]	Sun Jun 17 12:03:22 2018	d:\programming\c++\courses\trace utility\writing to file\trace utility v8\trace utility v1.0\trace utility v1.0\source.cpp:15 	Text5 
[Info]	Sun Jun 17 12:03:22 2018	d:\programming\c++\courses\trace utility\writing to file\trace utility v8\trace utility v1.0\trace utility v1.0\source.cpp:16 	Text6 
[Trace]	Sun Jun 17 12:03:22 2018	d:\programming\c++\courses\trace utility\writing to file\trace utility v8\trace utility v1.0\trace utility v1.0\source.cpp:17 	Text7 
[Unspecified]	Sun Jun 17 12:05:11 2018	d:\programming\c++\courses\trace utility\writing to file\trace utility v8\trace utility v1.0\trace utility v1.0\source.cpp:11 	Text1 
[Warning]	Sun Jun 17 12:05:11 2018	d:\programming\c++\courses\trace utility\writing to file\trace utility v8\trace utility v1.0\trace utility v1.0\source.cpp:12 	Text2 
[Fatal]	Sun Jun 17 12:05:11 2018	d:\programming\c++\courses\trace utility\writing to file\trace utility v8\trace utility v1.0\trace utility v1.0\source.cpp:13 	Text3 
[Debug]	Sun Jun 17 12:05:11 2018	d:\programming\c++\courses\trace utility\writing to file\trace utility v8\trace utility v1.0\trace utility v1.0\source.cpp:14 	Text4 
[Error]	Sun Jun 17 12:05:11 2018	d:\programming\c++\courses\trace utility\writing to file\trace utility v8\trace utility v1.0\trace utility v1.0\source.cpp:15 	Text5 
[Info]	Sun Jun 17 12:05:11 2018	d:\programming\c++\courses\trace utility\writing to file\trace utility v8\trace utility v1.0\trace utility v1.0\source.cpp:16 	Text6 
[Trace]	Sun Jun 17 12:05:11 2018	d:\programming\c++\courses\trace utility\writing to file\trace utility v8\trace utility v1.0\trace utility v1.0\source.cpp:17 	Text7 
[Unspecified]	Sun Jun 17 12:03:22 2018	d:\programming\c++\courses\trace utility\writing to file\trace utility v8\trace utility v1.0\trace utility v1.0\source.cpp:11 	Text1 
[Warning]	Sun Jun 17 12:03:22 2018	d:\programming\c++\courses\trace utility\writing to file\trace utility v8\trace utility v1.0\trace utility v1.0\source.cpp:12 	Text2 
[Fatal]	Sun Jun 17 12:03:22 2018	d:\programming\c++\courses\trace utility\writing to file\trace utility v8\trace utility v1.0\trace utility v1.0\source.cpp:13 	Text3 
[Debug]	Sun Jun 17 12:03:22 2018	d:\programming\c++\courses\trace utility\writing to file\trace utility v8\trace utility v1.0\trace utility v1.0\source.cpp:14 	Text4 
[Error]	Sun Jun 17 12:03:22 2018	d:\programming\c++\courses\trace utility\writing to file\trace utility v8\trace utility v1.0\trace utility v1.0\source.cpp:15 	Text5 
[Info]	Sun Jun 17 12:03:22 2018	d:\programming\c++\courses\trace utility\writing to file\trace utility v8\trace utility v1.0\trace utility v1.0\source.cpp:16 	Text6 
[Trace]	Sun Jun 17 12:03:22 2018	d:\programming\c++\courses\trace utility\writing to file\trace utility v8\trace utility v1.0\trace utility v1.0\source.cpp:17 	Text7 
[Unspecified]	Sun Jun 17 12:05:11 2018	d:\programming\c++\courses\trace utility\writing to file\trace utility v8\trace utility v1.0\trace utility v1.0\source.cpp:11 	Text1 
[Warning]	Sun Jun 17 12:05:11 2018	d:\programming\c++\courses\trace utility\writing to file\trace utility v8\trace utility v1.0\trace utility v1.0\source.cpp:12 	Text2 
[Fatal]	Sun Jun 17 12:05:11 2018	d:\programming\c++\courses\trace utility\writing to file\trace utility v8\trace utility v1.0\trace utility v1.0\source.cpp:13 	Text3 
[Debug]	Sun Jun 17 12:05:11 2018	d:\programming\c++\courses\trace utility\writing to file\trace utility v8\trace utility v1.0\trace utility v1.0\source.cpp:14 	Text4 
[Error]	Sun Jun 17 12:05:11 2018	d:\programming\c++\courses\trace utility\writing to file\trace utility v8\trace utility v1.0\trace utility v1.0\source.cpp:15 	Text5 
[Info]	Sun Jun 17 12:05:11 2018	d:\programming\c++\courses\trace utility\writing to file\trace utility v8\trace utility v1.0\trace utility v1.0\source.cpp:16 	Text6 
[Trace]	Sun Jun 17 12:05:11 2018	d:\programming\c++\courses\trace utility\writing to file\trace utility v8\trace utility v1.0\trace utility v1.0\source.cpp:17 	Text7 
[Unspecified]	Sun Jun 17 12:03:22 2018	d:\programming\c++\courses\trace utility\writing to file\trace utility v8\trace utility v1.0\trace utility v1.0\source.cpp:11 	Text1 
[Warning]	Sun Jun 17 12:03:22 2018	d:\programming\c++\courses\trace utility\writing to file\trace utility v8\trace utility v1.0\trace utility v1.0\source.cpp:12 	Text2 
[Fatal]	Sun Jun 17 12:03:22 2018	d:\programming\c++\courses\trace utility\writing to file\trace utility v8\trace utility v1.0\trace utility v1.0\source.cpp:13 	Text3 
[Debug]	Sun Jun 17 12:03:22 2018	d:\programming\c++\courses\trace utility\writing to file\trace utility v8\trace utility v1.0\trace utility v1.0\source.cpp:14 	Text4 
[Error]	Sun Jun 17 12:03:22 2018	d:\programming\c++\courses\trace utility\writing to file\trace utility v8\trace utility v1.0\trace utility v1.0\source.cpp:15 	Text5 
[Info]	Sun Jun 17 12:03:22 2018	d:\programming\c++\courses\trace utility\writing to file\trace utility v8\trace utility v1.0\trace utility v1.0\source.cpp:16 	Text6 
[Trace]	Sun Jun 17 12:03:22 2018	d:\programming\c++\courses\trace utility\writing to file\trace utility v8\trace utility v1.0\trace utility v1.0\source.cpp:17 	Text7 
[Unspecified]	Sun Jun 17 12:05:11 2018	d:\programming\c++\courses\trace utility\writing to file\trace utility v8\trace utility v1.0\trace utility v1.0\source.cpp:11 	Text1 
[Warning]	Sun Jun 17 12:05:11 2018	d:\programming\c++\courses\trace utility\writing to file\trace utility v8\trace utility v1.0\trace utility v1.0\source.cpp:12 	Text2 
[Fatal]	Sun Jun 17 12:05:11 2018	d:\programming\c++\courses\trace utility\writing to file\trace utility v8\trace utility v1.0\trace utility v1.0\source.cpp:13 	Text3 
[Debug]	Sun Jun 17 12:05:11 2018	d:\programming\c++\courses\trace utility\writing to file\trace utility v8\trace utility v1.0\trace utility v1.0\source.cpp:14 	Text4 
[Error]	Sun Jun 17 12:05:11 2018	d:\programming\c++\courses\trace utility\writing to file\trace utility v8\trace utility v1.0\trace utility v1.0\source.cpp:15 	Text5 
[Info]	Sun Jun 17 12:05:11 2018	d:\programming\c++\courses\trace utility\writing to file\trace utility v8\trace utility v1.0\trace utility v1.0\source.cpp:16 	Text6 
[Trace]	Sun Jun 17 12:05:11 2018	d:\programming\c++\courses\trace utility\writing to file\trace utility v8\trace utility v1.0\trace utility v1.0\source.cpp:17 	Text7 
[Unspecified]	Sun Jun 17 12:03:22 2018	d:\programming\c++\courses\trace utility\writing to file\trace utility v8\trace utility v1.0\trace utility v1.0\source.cpp:11 	Text1 
[Warning]	Sun Jun 17 12:03:22 2018	d:\programming\c++\courses\trace utility\writing to file\trace utility v8\trace utility v1.0\trace utility v1.0\source.cpp:12 	Text2 
[Fatal]	Sun Jun 17 12:03:22 2018	d:\programming\c++\courses\trace utility\writing to file\trace utility v8\trace utility v1.0\trace utility v1.0\source.cpp:13 	Text3 
[Debug]	Sun Jun 17 12:03:22 2018	d:\programming\c++\courses\trace utility\writing to file\trace utility v8\trace utility v1.0\trace utility v1.0\source.cpp:14 	Text4 
[Error]	Sun Jun 17 12:03:22 2018	d:\programming\c++\courses\trace utility\writing to file\trace utility v8\trace utility v1.0\trace utility v1.0\source.cpp:15 	Text5 
[Info]	Sun Jun 17 12:03:22 2018	d:\programming\c++\courses\trace utility\writing to file\trace utility v8\trace utility v1.0\trace utility v1.0\source.cpp:16 	Text6 
[Trace]	Sun Jun 17 12:03:22 2018	d:\programming\c++\courses\trace utility\writing to file\trace utility v8\trace utility v1.0\trace utility v1.0\source.cpp:17 	Text7 
[Unspecified]	Sun Jun 17 12:05:11 2018	d:\programming\c++\courses\trace utility\writing to file\trace utility v8\trace utility v1.0\trace utility v1.0\source.cpp:11 	Text1 
[Warning]	Sun Jun 17 12:05:11 2018	d:\programming\c++\courses\trace utility\writing to file\trace utility v8\trace utility v1.0\trace utility v1.0\source.cpp:12 	Text2 
[Fatal]	Sun Jun 17 12:05:11 2018	d:\programming\c++\courses\trace utility\writing to file\trace utility v8\trace utility v1.0\trace utility v1.0\source.cpp:13 	Text3 
[Debug]	Sun Jun 17 12:05:11 2018	d:\programming\c++\courses\trace utility\writing to file\trace utility v8\trace utility v1.0\trace utility v1.0\source.cpp:14 	Text4 
[Error]	Sun Jun 17 12:05:11 2018	d:\programming\c++\courses\trace utility\writing to file\trace utility v8\trace utility v1.0\trace utility v1.0\source.cpp:15 	Text5 
[Info]	Sun Jun 17 12:05:11 2018	d:\programming\c++\courses\trace utility\writing to file\trace utility v8\trace utility v1.0\trace utility v1.0\source.cpp:16 	Text6 
[Trace]	Sun Jun 17 12:05:11 2018	d:\programming\c++\courses\trace utility\writing to file\trace utility v8\trace utility v1.0\trace utility v1.0\source.cpp:17 	Text7 
[Unspecified]	Sun Jun 17 12:03:22 2018	d:\programming\c++\courses\trace utility\writing to file\trace utility v8\trace utility v1.0\trace utility v1.0\source.cpp:11 	Text1 
[Warning]	Sun Jun 17 12:03:22 2018	d:\programming\c++\courses\trace utility\writing to file\trace utility v8\trace utility v1.0\trace utility v1.0\source.cpp:12 	Text2 
[Fatal]	Sun Jun 17 12:03:22 2018	d:\programming\c++\courses\trace utility\writing to file\trace utility v8\trace utility v1.0\trace utility v1.0\source.cpp:13 	Text3 
[Debug]	Sun Jun 17 12:03:22 2018	d:\programming\c++\courses\trace utility\writing to file\trace utility v8\trace utility v1.0\trace utility v1.0\source.cpp:14 	Text4 
[Error]	Sun Jun 17 12:03:22 2018	d:\programming\c++\courses\trace utility\writing to file\trace utility v8\trace utility v1.0\trace utility v1.0\source.cpp:15 	Text5 
[Info]	Sun Jun 17 12:03:22 2018	d:\programming\c++\courses\trace utility\writing to file\trace utility v8\trace utility v1.0\trace utility v1.0\source.cpp:16 	Text6 
[Trace]	Sun Jun 17 12:03:22 2018	d:\programming\c++\courses\trace utility\writing to file\trace utility v8\trace utility v1.0\trace utility v1.0\source.cpp:17 	Text7 
[Unspecified]	Sun Jun 17 12:05:11 2018	d:\programming\c++\courses\trace utility\writing to file\trace utility v8\trace utility v1.0\trace utility v1.0\source.cpp:11 	Text1 
[Warning]	Sun Jun 17 12:05:11 2018	d:\programming\c++\courses\trace utility\writing to file\trace utility v8\trace utility v1.0\trace utility v1.0\source.cpp:12 	Text2 
[Fatal]	Sun Jun 17 12:05:11 2018	d:\programming\c++\courses\trace utility\writing to file\trace utility v8\trace utility v1.0\trace utility v1.0\source.cpp:13 	Text3 
[Debug]	Sun Jun 17 12:05:11 2018	d:\programming\c++\courses\trace utility\writing to file\trace utility v8\trace utility v1.0\trace utility v1.0\source.cpp:14 	Text4 
[Error]	Sun Jun 17 12:05:11 2018	d:\programming\c++\courses\trace utility\writing to file\trace utility v8\trace utility v1.0\trace utility v1.0\source.cpp:15 	Text5 
[Info]	Sun Jun 17 12:05:11 2018	d:\programming\c++\courses\trace utility\writing to file\trace utility v8\trace utility v1.0\trace utility v1.0\source.cpp:16 	Text6 
[Trace]	Sun Jun 17 12:05:11 2018	d:\programming\c++\courses\trace utility\writing to file\trace utility v8\trace utility v1.0\trace utility v1.0\source.cpp:17 	Text7 
[Unspecified]	Sun Jun 17 12:03:22 2018	d:\programming\c++\courses\trace utility\writing to file\trace utility v8\trace utility v1.0\trace utility v1.0\source.cpp:11 	Text1 
[Warning]	Sun Jun 17 12:03:22 2018	d:\programming\c++\courses\trace utility\writing to file\trace utility v8\trace utility v1.0\trace utility v1.0\source.cpp:12 	Text2 
[Fatal]	Sun Jun 17 12:03:22 2018	d:\programming\c++\courses\trace utility\writing to file\trace utility v8\trace utility v1.0\trace utility v1.0\source.cpp:13 	Text3 
[Debug]	Sun Jun 17 12:03:22 2018	d:\programming\c++\courses\trace utility\writing to file\trace utility v8\trace utility v1.0\trace utility v1.0\source.cpp:14 	Text4 
[Error]	Sun Jun 17 12:03:22 2018	d:\programming\c++\courses\trace utility\writing to file\trace utility v8\trace utility v1.0\trace utility v1.0\source.cpp:15 	Text5 
[Info]	Sun Jun 17 12:03:22 2018	d:\programming\c++\courses\trace utility\writing to file\trace utility v8\trace utility v1.0\trace utility v1.0\source.cpp:16 	Text6 
[Trace]	Sun Jun 17 12:03:22 2018	d:\programming\c++\courses\trace utility\writing to file\trace utility v8\trace utility v1.0\trace utility v1.0\source.cpp:17 	Text7 
[Unspecified]	Sun Jun 17 12:05:11 2018	d:\programming\c++\courses\trace utility\writing to file\trace utility v8\trace utility v1.0\trace utility v1.0\source.cpp:11 	Text1 
[Warning]	Sun Jun 17 12:05:11 2018	d:\programming\c++\courses\trace utility\writing to file\trace utility v8\trace utility v1.0\trace utility v1.0\source.cpp:12 	Text2 
[Fatal]	Sun Jun 17 12:05:11 2018	d:\programming\c++\courses\trace utility\writing to file\trace utility v8\trace utility v1.0\trace utility v1.0\source.cpp:13 	Text3 
[Debug]	Sun Jun 17 12:05:11 2018	d:\programming\c++\courses\trace utility\writing to file\trace utility v8\trace utility v1.0\trace utility v1.0\source.cpp:14 	Text4 
[Error]	Sun Jun 17 12:05:11 2018	d:\programming\c++\courses\trace utility\writing to file\trace utility v8\trace utility v1.0\trace utility v1.0\source.cpp:15 	Text5 
[Info]	Sun Jun 17 12:05:11 2018	d:\programming\c++\courses\trace utility\writing to file\trace utility v8\trace utility v1.0\trace utility v1.0\source.cpp:16 	Text6 
[Trace]	Sun Jun 17 12:05:11 2018	d:\programming\c++\courses\trace utility\writing to file\trace utility v8\trace utility v1.0\trace utility v1.0\source.cpp:17 	Text7 
[Unspecified]	Sun Jun 17 12:03:22 2018	d:\programming\c++\courses\trace utility\writing to file\trace utility v8\trace utility v1.0\trace utility v1.0\source.cpp:11 	Text1 
[Warning]	Sun Jun 17 12:03:22 2018	d:\programming\c++\courses\trace utility\writing to file\trace utility v8\trace utility v1.0\trace utility v1.0\source.cpp:12 	Text2 
[Fatal]	Sun Jun 17 12:03:22 2018	d:\programming\c++\courses\trace utility\writing to file\trace utility v8\trace utility v1.0\trace utility v1.0\source.cpp:13 	Text3 
[Debug]	Sun Jun 17 12:03:22 2018	d:\programming\c++\courses\trace utility\writing to file\trace utility v8\trace utility v1.0\trace utility v1.0\source.cpp:14 	Text4 
[Error]	Sun Jun 17 12:03:22 2018	d:\programming\c++\courses\trace utility\writing to file\trace utility v8\trace utility v1.0\trace utility v1.0\source.cpp:15 	Text5 
[Info]	Sun Jun 17 12:03:22 2018	d:\programming\c++\courses\trace utility\writing to file\trace utility v8\trace utility v1.0\trace utility v1.0\source.cpp:16 	Text6 
[Trace]	Sun Jun 17 12:03:22 2018	d:\programming\c++\courses\trace utility\writing to file\trace utility v8\trace utility v1.0\trace utility v1.0\source.cpp:17 	Text7 
[Unspecified]	Sun Jun 17 12:05:11 2018	d:\programming\c++\courses\trace utility\writing to file\trace utility v8\trace utility v1.0\trace utility v1.0\source.cpp:11 	Text1 
[Warning]	Sun Jun 17 12:05:11 2018	d:\programming\c++\courses\trace utility\writing to file\trace utility v8\trace utility v1.0\trace utility v1.0\source.cpp:12 	Text2 
[Fatal]	Sun Jun 17 12:05:11 2018	d:\programming\c++\courses\trace utility\writing to file\trace utility v8\trace utility v1.0\trace utility v1.0\source.cpp:13 	Text3 
[Debug]	Sun Jun 17 12:05:11 2018	d:\programming\c++\courses\trace utility\writing to file\trace utility v8\trace utility v1.0\trace utility v1.0\source.cpp:14 	Text4 
[Error]	Sun Jun 17 12:05:11 2018	d:\programming\c++\courses\trace utility\writing to file\trace utility v8\trace utility v1.0\trace utility v1.0\source.cpp:15 	Text5 
[Info]	Sun Jun 17 12:05:11 2018	d:\programming\c++\courses\trace utility\writing to file\trace utility v8\trace utility v1.0\trace utility v1.0\source.cpp:16 	Text6 
[Trace]	Sun Jun 17 12:05:11 2018	d:\programming\c++\courses\trace utility\writing to file\trace utility v8\trace utility v1.0\trace utility v1.0\source.cpp:17 	Text7 
