F:\Visual Studio 2017\Common7\IDE\VC\VCTargets\Microsoft.CppBuild.targets(376,5): warning MSB8004: Intermediate Directory does not end with a trailing slash.  This build instance will add the slash as it is required to allow proper evaluation of the Intermediate Directory.
  ChildWindow.cpp
c:\users\theha\source\repos\webbrowser2\webbrowser2\webbrowsermain\src\childwindow.cpp(67): fatal error C1010: unexpected end of file while looking for precompiled header. Did you forget to add '#include "stdafx.h"' to your source?
  HandleMonitors.cpp
c:\users\theha\source\repos\webbrowser2\webbrowser2\webbrowsermain\src\handlemonitors.cpp(48): fatal error C1010: unexpected end of file while looking for precompiled header. Did you forget to add '#include "stdafx.h"' to your source?
  HandleSession.cpp
c:\users\theha\source\repos\webbrowser2\webbrowser2\webbrowsermain\src\handlesession.cpp(70): fatal error C1010: unexpected end of file while looking for precompiled header. Did you forget to add '#include "stdafx.h"' to your source?
  MyWebBrowser.cpp
c:\users\theha\source\repos\webbrowser2\webbrowser2\webbrowsermain\src\mywebbrowser.cpp(263): fatal error C1010: unexpected end of file while looking for precompiled header. Did you forget to add '#include "stdafx.h"' to your source?
  MyWindow.cpp
c:\users\theha\source\repos\webbrowser2\webbrowser2\webbrowsermain\src\mywindow.cpp(191): fatal error C1010: unexpected end of file while looking for precompiled header. Did you forget to add '#include "stdafx.h"' to your source?
  stdafx.cpp
c:\users\theha\source\repos\webbrowser2\webbrowser2\webbrowsermain\src\stdafx.cpp(9): fatal error C1010: unexpected end of file while looking for precompiled header. Did you forget to add '#include "stdafx.h"' to your source?
  VerifyLink.cpp
c:\users\theha\source\repos\webbrowser2\webbrowser2\webbrowsermain\src\verifylink.cpp(52): fatal error C1010: unexpected end of file while looking for precompiled header. Did you forget to add '#include "stdafx.h"' to your source?
  WebBrowserWindow.cpp
c:\users\theha\source\repos\webbrowser2\webbrowser2\webbrowsermain\src\webbrowserwindow.cpp(437): fatal error C1010: unexpected end of file while looking for precompiled header. Did you forget to add '#include "stdafx.h"' to your source?
  WinMain.cpp
c:\users\theha\source\repos\webbrowser2\webbrowser2\webbrowsermain\winmain.cpp(2): fatal error C1083: Cannot open precompiled header file: '.\WebBrowserMain\WebBrowser2.pch': No such file or directory
  Generating Code...
