c:\users\юра\desktop\12.06\trace utility ui v0.1 (2)\trace utility ui v0.1\mfcapplication1\debug\mfcapplication1.pch
c:\users\юра\desktop\12.06\trace utility ui v0.1 (2)\trace utility ui v0.1\mfcapplication1\debug\vc141.pdb
c:\users\юра\desktop\12.06\trace utility ui v0.1 (2)\trace utility ui v0.1\mfcapplication1\debug\vc141.idb
c:\users\юра\desktop\12.06\trace utility ui v0.1 (2)\trace utility ui v0.1\mfcapplication1\debug\stdafx.obj
c:\users\юра\desktop\12.06\trace utility ui v0.1 (2)\trace utility ui v0.1\mfcapplication1\debug\mfcapplication1dlg.obj
c:\users\юра\desktop\12.06\trace utility ui v0.1 (2)\trace utility ui v0.1\mfcapplication1\debug\mfcapplication1.obj
c:\users\юра\desktop\12.06\trace utility ui v0.1 (2)\trace utility ui v0.1\mfcapplication1\debug\file.obj
c:\users\юра\desktop\14.06\trace utility ui v0.1\mfcapplication1\debug\mfcapplication1.pch
c:\users\юра\desktop\14.06\trace utility ui v0.1\mfcapplication1\debug\vc141.pdb
c:\users\юра\desktop\14.06\trace utility ui v0.1\mfcapplication1\debug\vc141.idb
c:\users\юра\desktop\14.06\trace utility ui v0.1\mfcapplication1\debug\stdafx.obj
c:\users\юра\desktop\14.06\trace utility ui v0.1\mfcapplication1\debug\mfcapplication1dlg.obj
c:\users\юра\desktop\14.06\trace utility ui v0.1\mfcapplication1\debug\mfcapplication1.obj
c:\users\юра\desktop\14.06\trace utility ui v0.1\mfcapplication1\debug\file.obj
c:\users\юра\desktop\12.06\trace utility ui v0.1 (2)\trace utility ui v0.1\debug\mfcapplication1.exe
c:\users\юра\desktop\12.06\trace utility ui v0.1 (2)\trace utility ui v0.1\debug\mfcapplication1.ilk
c:\users\юра\desktop\12.06\trace utility ui v0.1 (2)\trace utility ui v0.1\debug\mfcapplication1.pdb
c:\users\юра\desktop\14.06\trace utility ui v0.1\debug\mfcapplication1.exe
c:\users\юра\desktop\14.06\trace utility ui v0.1\debug\mfcapplication1.ilk
c:\users\юра\desktop\14.06\trace utility ui v0.1\debug\mfcapplication1.pdb
c:\users\юра\desktop\12.06\trace utility ui v0.1 (2)\trace utility ui v0.1\mfcapplication1\debug\mfcapplication1.res
c:\users\юра\desktop\14.06\trace utility ui v0.1\mfcapplication1\debug\mfcapplication1.res
c:\users\юра\desktop\14.06\trace utility ui v0.1\mfcapplication1\debug\mfcapplication1.tlog\cl.command.1.tlog
c:\users\юра\desktop\14.06\trace utility ui v0.1\mfcapplication1\debug\mfcapplication1.tlog\cl.read.1.tlog
c:\users\юра\desktop\14.06\trace utility ui v0.1\mfcapplication1\debug\mfcapplication1.tlog\cl.write.1.tlog
c:\users\юра\desktop\14.06\trace utility ui v0.1\mfcapplication1\debug\mfcapplication1.tlog\link.command.1.tlog
c:\users\юра\desktop\14.06\trace utility ui v0.1\mfcapplication1\debug\mfcapplication1.tlog\link.read.1.tlog
c:\users\юра\desktop\14.06\trace utility ui v0.1\mfcapplication1\debug\mfcapplication1.tlog\link.write.1.tlog
c:\users\юра\desktop\14.06\trace utility ui v0.1\mfcapplication1\debug\mfcapplication1.tlog\rc.command.1.tlog
c:\users\юра\desktop\14.06\trace utility ui v0.1\mfcapplication1\debug\mfcapplication1.tlog\rc.read.1.tlog
c:\users\юра\desktop\14.06\trace utility ui v0.1\mfcapplication1\debug\mfcapplication1.tlog\rc.write.1.tlog
