d:\programming\c++\courses\secure browser\secure browser v0.9.5 (2.2)\securebrowser\x64\release\vc141.pdb
d:\programming\c++\courses\secure browser\secure browser v0.9.5 (2.2)\securebrowser\x64\release\mywebbrowser.obj
d:\programming\c++\courses\secure browser\secure browser v0.9.5 (2.2)\securebrowser\x64\release\keysequence.obj
d:\programming\c++\courses\secure browser\secure browser v0.9.5 (2.2)\securebrowser\x64\release\authenticationwindow.obj
d:\programming\c++\courses\secure browser\secure browser v0.9.5 (2.2)\securebrowser\x64\release\handlesession.obj
d:\programming\c++\courses\secure browser\secure browser v0.9.5 (2.2)\securebrowser\x64\release\handlemonitors.obj
d:\programming\c++\courses\secure browser\secure browser v0.9.5 (2.2)\securebrowser\x64\release\choosecamerawindow.obj
d:\programming\c++\courses\secure browser\secure browser v0.9.5 (2.2)\securebrowser\x64\release\logwarning.obj
d:\programming\c++\courses\secure browser\secure browser v0.9.5 (2.2)\securebrowser\x64\release\logtrace.obj
d:\programming\c++\courses\secure browser\secure browser v0.9.5 (2.2)\securebrowser\x64\release\loginfo.obj
d:\programming\c++\courses\secure browser\secure browser v0.9.5 (2.2)\securebrowser\x64\release\logfatal.obj
d:\programming\c++\courses\secure browser\secure browser v0.9.5 (2.2)\securebrowser\x64\release\logerror.obj
d:\programming\c++\courses\secure browser\secure browser v0.9.5 (2.2)\securebrowser\x64\release\logdebug.obj
d:\programming\c++\courses\secure browser\secure browser v0.9.5 (2.2)\securebrowser\x64\release\log.obj
d:\programming\c++\courses\secure browser\secure browser v0.9.5 (2.2)\securebrowser\x64\release\file.obj
d:\programming\c++\courses\secure browser\secure browser v0.9.5 (2.2)\securebrowser\x64\release\base64l.obj
d:\programming\c++\courses\secure browser\secure browser v0.9.5 (2.2)\securebrowser\x64\release\subject.obj
d:\programming\c++\courses\secure browser\secure browser v0.9.5 (2.2)\securebrowser\x64\release\restclient.obj
d:\programming\c++\courses\secure browser\secure browser v0.9.5 (2.2)\securebrowser\x64\release\observer.obj
d:\programming\c++\courses\secure browser\secure browser v0.9.5 (2.2)\securebrowser\x64\release\httpclient.obj
d:\programming\c++\courses\secure browser\secure browser v0.9.5 (2.2)\securebrowser\x64\release\base64.obj
d:\programming\c++\courses\secure browser\secure browser v0.9.5 (2.2)\securebrowser\x64\release\facedetector.obj
d:\programming\c++\courses\secure browser\secure browser v0.9.5 (2.2)\securebrowser\x64\release\winmain.obj
d:\programming\c++\courses\secure browser\secure browser v0.9.5 (2.2)\securebrowser\x64\release\webbrowserwindow.obj
d:\programming\c++\courses\secure browser\secure browser v0.9.5 (2.2)\securebrowser\x64\release\verifylink.obj
d:\programming\c++\courses\secure browser\secure browser v0.9.5 (2.2)\securebrowser\x64\release\stdafx.obj
d:\programming\c++\courses\secure browser\secure browser v0.9.5 (2.2)\securebrowser\x64\release\mywindow.obj
d:\programming\c++\courses\secure browser\secure browser v0.9.5 (2.2)\x64\release\securebrowser.exe
d:\programming\c++\courses\secure browser\secure browser v0.9.5 (2.2)\x64\release\securebrowser.pdb
d:\programming\c++\courses\secure browser\secure browser v0.9.5 (2.2)\securebrowser\x64\release\webbrowser2.res
d:\programming\c++\courses\secure browser\secure browser v0.9.5 (2.2)\x64\release\securebrowser.ipdb
d:\programming\c++\courses\secure browser\secure browser v0.9.5 (2.2)\x64\release\securebrowser.iobj
d:\programming\c++\courses\secure browser\secure browser v0.9.5 (2.2)\securebrowser\x64\release\securebrowser.tlog\cl.command.1.tlog
d:\programming\c++\courses\secure browser\secure browser v0.9.5 (2.2)\securebrowser\x64\release\securebrowser.tlog\cl.read.1.tlog
d:\programming\c++\courses\secure browser\secure browser v0.9.5 (2.2)\securebrowser\x64\release\securebrowser.tlog\cl.write.1.tlog
d:\programming\c++\courses\secure browser\secure browser v0.9.5 (2.2)\securebrowser\x64\release\securebrowser.tlog\link.command.1.tlog
d:\programming\c++\courses\secure browser\secure browser v0.9.5 (2.2)\securebrowser\x64\release\securebrowser.tlog\link.read.1.tlog
d:\programming\c++\courses\secure browser\secure browser v0.9.5 (2.2)\securebrowser\x64\release\securebrowser.tlog\link.write.1.tlog
d:\programming\c++\courses\secure browser\secure browser v0.9.5 (2.2)\securebrowser\x64\release\securebrowser.tlog\rc.command.1.tlog
d:\programming\c++\courses\secure browser\secure browser v0.9.5 (2.2)\securebrowser\x64\release\securebrowser.tlog\rc.read.1.tlog
d:\programming\c++\courses\secure browser\secure browser v0.9.5 (2.2)\securebrowser\x64\release\securebrowser.tlog\rc.write.1.tlog
d:\programming\c++\courses\secure browser\secure browser v0.9.5 (2.2)\securebrowser\x64\release\securebrowser.tlog\securebrowser.write.1u.tlog
