d:\programming\c++\courses\trace utility\writing to file\project20\project20\debug\vc141.pdb
d:\programming\c++\courses\trace utility\writing to file\project20\project20\debug\vc141.idb
d:\programming\c++\courses\trace utility\writing to file\project20\project20\debug\source.obj
d:\programming\c++\courses\trace utility\writing to file\project20\project20\debug\logwarning.obj
d:\programming\c++\courses\trace utility\writing to file\project20\project20\debug\logtrace.obj
d:\programming\c++\courses\trace utility\writing to file\project20\project20\debug\loginfo.obj
d:\programming\c++\courses\trace utility\writing to file\project20\project20\debug\logfatal.obj
d:\programming\c++\courses\trace utility\writing to file\project20\project20\debug\logerror.obj
d:\programming\c++\courses\trace utility\writing to file\project20\project20\debug\logdebug.obj
d:\programming\c++\courses\trace utility\writing to file\project20\project20\debug\log.obj
d:\programming\c++\courses\trace utility\writing to file\project20\project20\debug\file.obj
d:\programming\c++\courses\trace utility\writing to file\project20\debug\project20.pdb
d:\programming\c++\courses\trace utility\writing to file\project20\project20\debug\project20.tlog\cl.command.1.tlog
d:\programming\c++\courses\trace utility\writing to file\project20\project20\debug\project20.tlog\cl.read.1.tlog
d:\programming\c++\courses\trace utility\writing to file\project20\project20\debug\project20.tlog\cl.write.1.tlog
d:\programming\c++\courses\trace utility\writing to file\project20\project20\debug\project20.tlog\link-cvtres.read.1.tlog
d:\programming\c++\courses\trace utility\writing to file\project20\project20\debug\project20.tlog\link-cvtres.write.1.tlog
d:\programming\c++\courses\trace utility\writing to file\project20\project20\debug\project20.tlog\link-rc.read.1.tlog
d:\programming\c++\courses\trace utility\writing to file\project20\project20\debug\project20.tlog\link-rc.write.1.tlog
d:\programming\c++\courses\trace utility\writing to file\project20\project20\debug\project20.tlog\link.6336-cvtres.read.1.tlog
d:\programming\c++\courses\trace utility\writing to file\project20\project20\debug\project20.tlog\link.6336-cvtres.write.1.tlog
d:\programming\c++\courses\trace utility\writing to file\project20\project20\debug\project20.tlog\link.6336-rc.read.1.tlog
d:\programming\c++\courses\trace utility\writing to file\project20\project20\debug\project20.tlog\link.6336-rc.write.1.tlog
d:\programming\c++\courses\trace utility\writing to file\project20\project20\debug\project20.tlog\link.6336.read.1.tlog
d:\programming\c++\courses\trace utility\writing to file\project20\project20\debug\project20.tlog\link.6336.write.1.tlog
d:\programming\c++\courses\trace utility\writing to file\project20\project20\debug\project20.tlog\link.command.1.tlog
d:\programming\c++\courses\trace utility\writing to file\project20\project20\debug\project20.tlog\link.read.1.tlog
d:\programming\c++\courses\trace utility\writing to file\project20\project20\debug\project20.tlog\link.write.1.tlog
