d:\programming\c++\courses\secure browser\secure browser v0.9.5 (2) - setup bad-version witout escapi)\securebrowser\x64\debug\vc141.pdb
d:\programming\c++\courses\secure browser\secure browser v0.9.5 (2) - setup bad-version witout escapi)\securebrowser\x64\debug\vc141.idb
d:\programming\c++\courses\secure browser\secure browser v0.9.5 (2) - setup bad-version witout escapi)\securebrowser\x64\debug\mywebbrowser.obj
d:\programming\c++\courses\secure browser\secure browser v0.9.5 (2) - setup bad-version witout escapi)\securebrowser\x64\debug\keysequence.obj
d:\programming\c++\courses\secure browser\secure browser v0.9.5 (2) - setup bad-version witout escapi)\securebrowser\x64\debug\authenticationwindow.obj
d:\programming\c++\courses\secure browser\secure browser v0.9.5 (2) - setup bad-version witout escapi)\securebrowser\x64\debug\handlesession.obj
d:\programming\c++\courses\secure browser\secure browser v0.9.5 (2) - setup bad-version witout escapi)\securebrowser\x64\debug\handlemonitors.obj
d:\programming\c++\courses\secure browser\secure browser v0.9.5 (2) - setup bad-version witout escapi)\securebrowser\x64\debug\choosecamerawindow.obj
d:\programming\c++\courses\secure browser\secure browser v0.9.5 (2) - setup bad-version witout escapi)\securebrowser\x64\debug\logwarning.obj
d:\programming\c++\courses\secure browser\secure browser v0.9.5 (2) - setup bad-version witout escapi)\securebrowser\x64\debug\logtrace.obj
d:\programming\c++\courses\secure browser\secure browser v0.9.5 (2) - setup bad-version witout escapi)\securebrowser\x64\debug\loginfo.obj
d:\programming\c++\courses\secure browser\secure browser v0.9.5 (2) - setup bad-version witout escapi)\securebrowser\x64\debug\logfatal.obj
d:\programming\c++\courses\secure browser\secure browser v0.9.5 (2) - setup bad-version witout escapi)\securebrowser\x64\debug\logerror.obj
d:\programming\c++\courses\secure browser\secure browser v0.9.5 (2) - setup bad-version witout escapi)\securebrowser\x64\debug\logdebug.obj
d:\programming\c++\courses\secure browser\secure browser v0.9.5 (2) - setup bad-version witout escapi)\securebrowser\x64\debug\log.obj
d:\programming\c++\courses\secure browser\secure browser v0.9.5 (2) - setup bad-version witout escapi)\securebrowser\x64\debug\file.obj
d:\programming\c++\courses\secure browser\secure browser v0.9.5 (2) - setup bad-version witout escapi)\securebrowser\x64\debug\base64l.obj
d:\programming\c++\courses\secure browser\secure browser v0.9.5 (2) - setup bad-version witout escapi)\securebrowser\x64\debug\subject.obj
d:\programming\c++\courses\secure browser\secure browser v0.9.5 (2) - setup bad-version witout escapi)\securebrowser\x64\debug\restclient.obj
d:\programming\c++\courses\secure browser\secure browser v0.9.5 (2) - setup bad-version witout escapi)\securebrowser\x64\debug\observer.obj
d:\programming\c++\courses\secure browser\secure browser v0.9.5 (2) - setup bad-version witout escapi)\securebrowser\x64\debug\httpclient.obj
d:\programming\c++\courses\secure browser\secure browser v0.9.5 (2) - setup bad-version witout escapi)\securebrowser\x64\debug\base64.obj
d:\programming\c++\courses\secure browser\secure browser v0.9.5 (2) - setup bad-version witout escapi)\securebrowser\x64\debug\facedetector.obj
d:\programming\c++\courses\secure browser\secure browser v0.9.5 (2) - setup bad-version witout escapi)\securebrowser\x64\debug\winmain.obj
d:\programming\c++\courses\secure browser\secure browser v0.9.5 (2) - setup bad-version witout escapi)\securebrowser\x64\debug\webbrowserwindow.obj
d:\programming\c++\courses\secure browser\secure browser v0.9.5 (2) - setup bad-version witout escapi)\securebrowser\x64\debug\verifylink.obj
d:\programming\c++\courses\secure browser\secure browser v0.9.5 (2) - setup bad-version witout escapi)\securebrowser\x64\debug\stdafx.obj
d:\programming\c++\courses\secure browser\secure browser v0.9.5 (2) - setup bad-version witout escapi)\securebrowser\x64\debug\mywindow.obj
d:\programming\c++\courses\secure browser\secure browser v0.9.5 (2) - setup bad-version witout escapi)\x64\debug\securebrowser.ilk
d:\programming\c++\courses\secure browser\secure browser v0.9.5 (2) - setup bad-version witout escapi)\x64\debug\securebrowser.exe
d:\programming\c++\courses\secure browser\secure browser v0.9.5 (2) - setup bad-version witout escapi)\x64\debug\securebrowser.pdb
d:\programming\c++\courses\secure browser\secure browser v0.9.5 (2) - setup bad-version witout escapi)\securebrowser\x64\debug\webbrowser2.res
d:\programming\c++\courses\secure browser\secure browser v0.9.5 (2) - setup bad-version witout escapi)\securebrowser\x64\debug\securebrowser.tlog\cl.command.1.tlog
d:\programming\c++\courses\secure browser\secure browser v0.9.5 (2) - setup bad-version witout escapi)\securebrowser\x64\debug\securebrowser.tlog\cl.read.1.tlog
d:\programming\c++\courses\secure browser\secure browser v0.9.5 (2) - setup bad-version witout escapi)\securebrowser\x64\debug\securebrowser.tlog\cl.write.1.tlog
d:\programming\c++\courses\secure browser\secure browser v0.9.5 (2) - setup bad-version witout escapi)\securebrowser\x64\debug\securebrowser.tlog\link.command.1.tlog
d:\programming\c++\courses\secure browser\secure browser v0.9.5 (2) - setup bad-version witout escapi)\securebrowser\x64\debug\securebrowser.tlog\link.read.1.tlog
d:\programming\c++\courses\secure browser\secure browser v0.9.5 (2) - setup bad-version witout escapi)\securebrowser\x64\debug\securebrowser.tlog\link.write.1.tlog
d:\programming\c++\courses\secure browser\secure browser v0.9.5 (2) - setup bad-version witout escapi)\securebrowser\x64\debug\securebrowser.tlog\rc.command.1.tlog
d:\programming\c++\courses\secure browser\secure browser v0.9.5 (2) - setup bad-version witout escapi)\securebrowser\x64\debug\securebrowser.tlog\rc.read.1.tlog
d:\programming\c++\courses\secure browser\secure browser v0.9.5 (2) - setup bad-version witout escapi)\securebrowser\x64\debug\securebrowser.tlog\rc.write.1.tlog
